#
# A fatal error has been detected by the Java Runtime Environment:
#
#  SIGSEGV (0xb) at pc=0x00007f098d992a30, pid=4310, tid=0x00007f0967417700
#
# JRE version: Java(TM) SE Runtime Environment (8.0_121-b13) (build 1.8.0_121-b13)
# Java VM: Java HotSpot(TM) 64-Bit Server VM (25.121-b13 mixed mode linux-amd64 compressed oops)
# Problematic frame:
# C  0x00007f098d992a30
#
# Failed to write core dump. Core dumps have been disabled. To enable core dumping, try "ulimit -c unlimited" before starting Java again
#
# If you would like to submit a bug report, please visit:
#   http://bugreport.java.com/bugreport/crash.jsp
#

---------------  T H R E A D  ---------------

Current thread (0x00007f098c0b9000):  JavaThread "C2 CompilerThread0" daemon [_thread_in_native, id=4326, stack(0x00007f0967317000,0x00007f0967418000)]

siginfo: si_signo: 11 (SIGSEGV), si_code: 2 (SEGV_ACCERR), si_addr: 0x00007f098d992a30

Registers:
RAX=0x00007f094c025388, RBX=0x00007f098d992a30, RCX=0x0000000000000004, RDX=0x0000000000000000
RSP=0x00007f0967412008, RBP=0x00007f099366ff2e, RSI=0x00007f098d992a30, RDI=0x00007f098d992a30
R8 =0x0000000000000002, R9 =0x0000000000000003, R10=0x0000000000000001, R11=0x00007f09937a2ce0
R12=0x00007f0967413980, R13=0x00007f098d992a30, R14=0x00007f098d992a30, R15=0x0000000000000000
RIP=0x00007f098d992a30, EFLAGS=0x0000000000010206, CSGSFS=0x0000000000000033, ERR=0x0000000000000015
  TRAPNO=0x000000000000000e

Top of Stack: (sp=0x00007f0967412008)
0x00007f0967412008:   00007f098d992a30 00007f09674143d0
0x00007f0967412018:   00007f094c6fe0f0 00007f098d992a30
0x00007f0967412028:   00007f094c6ffeb0 00007f0967412060
0x00007f0967412038:   00007f09936efb0f 00007f098d992a30
0x00007f0967412048:   00007f094c6ffde8 00007f09674143d0
0x00007f0967412058:   0000000000000003 00007f0967412110
0x00007f0967412068:   00007f099351fee7 00007f095554d928
0x00007f0967412078:   0000000000000001 00007f0954011290
0x00007f0967412088:   00007f094c6ffa28 00007f094c6ff9c0
0x00007f0967412098:   00007f09490bec50 0000000101412140
0x00007f09674120a8:   00007f094c6fe0f0 00007f094c6ffe48
0x00007f09674120b8:   00007f094c6ffeb0 000000030000000c
0x00007f09674120c8:   00007f094c6ffd88 00007f094c6ffe48
0x00007f09674120d8:   0000000000000008 0000000000000010
0x00007f09674120e8:   00000000000000d2 00007f094c6ffde8
0x00007f09674120f8:   00007f09674143d0 00007f0967412430
0x00007f0967412108:   00007f0967412450 00007f0967412140
0x00007f0967412118:   00007f099352235b 0000000000000001
0x00007f0967412128:   00007f094c6ffa28 00007f094c6ffde8
0x00007f0967412138:   00007f0967412430 00007f0967412180
0x00007f0967412148:   00007f0993523695 00007f09674143d0
0x00007f0967412158:   0000000000000000 00007f0993c7b532
0x00007f0967412168:   00007f09674143d0 00007f0967412430
0x00007f0967412178:   00007f09490bec50 00007f09674124a0
0x00007f0967412188:   00007f099351f035 00007f098d208e70
0x00007f0967412198:   00007f0967412450 00007f0967412410
0x00007f09674121a8:   0100000000000005 00007f09674143f0
0x00007f09674121b8:   00007f0900000001 00007f098c0b9af0
0x00007f09674121c8:   00007f0900000004 00007f098dd1d020
0x00007f09674121d8:   00007f0900000000 00007f09674122e0
0x00007f09674121e8:   00007f099378bdfd 0000000000000000
0x00007f09674121f8:   00007f097fffffff 00007f0993c8c1a0 

Instructions: (pc=0x00007f098d992a30)
0x00007f098d992a10:   d8 28 99 8d 09 7f 00 00 11 00 00 00 08 00 00 00
0x00007f098d992a20:   04 00 00 00 09 7f 00 00 00 00 00 00 00 00 00 00
0x00007f098d992a30:   10 51 c5 93 09 7f 00 00 68 2a 99 8d 09 7f 00 00
0x00007f098d992a40:   ff ff ff ff ff ff ff ff 04 00 00 00 04 00 00 00 

Register to memory mapping:

RAX=0x00007f094c025388 is an unknown value
RBX=0x00007f098d992a30 is an unknown value
RCX=0x0000000000000004 is an unknown value
RDX=0x0000000000000000 is an unknown value
RSP=0x00007f0967412008 is pointing into the stack for thread: 0x00007f098c0b9000
RBP=0x00007f099366ff2e: <offset 0x96df2e> in /usr/lib/jvm/java-8-oracle/jre/lib/amd64/server/libjvm.so at 0x00007f0992d02000
RSI=0x00007f098d992a30 is an unknown value
RDI=0x00007f098d992a30 is an unknown value
R8 =0x0000000000000002 is an unknown value
R9 =0x0000000000000003 is an unknown value
R10=0x0000000000000001 is an unknown value
R11=0x00007f09937a2ce0: <offset 0xaa0ce0> in /usr/lib/jvm/java-8-oracle/jre/lib/amd64/server/libjvm.so at 0x00007f0992d02000
R12=0x00007f0967413980 is pointing into the stack for thread: 0x00007f098c0b9000
R13=0x00007f098d992a30 is an unknown value
R14=0x00007f098d992a30 is an unknown value
R15=0x0000000000000000 is an unknown value


Stack: [0x00007f0967317000,0x00007f0967418000],  sp=0x00007f0967412008,  free space=1004k
Native frames: (J=compiled Java code, j=interpreted, Vv=VM code, C=native code)
C  0x00007f098d992a30


Current CompileTask:
C2:  25344 4150       4       sun.nio.cs.UTF_8$Decoder::decodeArrayLoop (691 bytes)


---------------  P R O C E S S  ---------------

Java Threads: ( => current thread )
  0x00007f098db13800 JavaThread "File lock request listener" [_thread_in_native, id=4339, stack(0x00007f096491a000,0x00007f0964a1b000)]
  0x00007f098da85000 JavaThread "process reaper" daemon [_thread_blocked, id=4338, stack(0x00007f0964a1b000,0x00007f0964a54000)]
  0x00007f098d029000 JavaThread "pool-1-thread-1" [_thread_blocked, id=4336, stack(0x00007f0965055000,0x00007f0965156000)]
  0x00007f098c0cb000 JavaThread "Service Thread" daemon [_thread_blocked, id=4329, stack(0x00007f0967014000,0x00007f0967115000)]
  0x00007f098c0be000 JavaThread "C1 CompilerThread2" daemon [_thread_blocked, id=4328, stack(0x00007f0967115000,0x00007f0967216000)]
  0x00007f098c0bc000 JavaThread "C2 CompilerThread1" daemon [_thread_in_native, id=4327, stack(0x00007f0967216000,0x00007f0967317000)]
=>0x00007f098c0b9000 JavaThread "C2 CompilerThread0" daemon [_thread_in_native, id=4326, stack(0x00007f0967317000,0x00007f0967418000)]
  0x00007f098c0b7800 JavaThread "Signal Dispatcher" daemon [_thread_blocked, id=4325, stack(0x00007f0967418000,0x00007f0967519000)]
  0x00007f098c084000 JavaThread "Finalizer" daemon [_thread_blocked, id=4324, stack(0x00007f0967bfc000,0x00007f0967cfd000)]
  0x00007f098c07f000 JavaThread "Reference Handler" daemon [_thread_blocked, id=4323, stack(0x00007f0967cfd000,0x00007f0967dfe000)]
  0x00007f098c009800 JavaThread "main" [_thread_in_vm, id=4317, stack(0x00007f09947f5000,0x00007f09948f6000)]

Other Threads:
  0x00007f098c077800 VMThread [stack: 0x00007f0967dfe000,0x00007f0967eff000] [id=4322]
  0x00007f098c0d6000 WatcherThread [stack: 0x00007f0966f13000,0x00007f0967014000] [id=4330]

VM state:not at safepoint (normal execution)

VM Mutex/Monitor currently owned by a thread: None

Heap:
 PSYoungGen      total 203264K, used 68773K [0x00000000d7780000, 0x00000000e6800000, 0x0000000100000000)
  eden space 190976K, 36% used [0x00000000d7780000,0x00000000dbaa95d0,0x00000000e3200000)
  from space 12288K, 0% used [0x00000000e3f80000,0x00000000e3f80000,0x00000000e4b80000)
  to   space 13824K, 0% used [0x00000000e3200000,0x00000000e3200000,0x00000000e3f80000)
 ParOldGen       total 74752K, used 19367K [0x0000000086600000, 0x000000008af00000, 0x00000000d7780000)
  object space 74752K, 25% used [0x0000000086600000,0x00000000878e9f10,0x000000008af00000)
 Metaspace       used 40860K, capacity 41576K, committed 41944K, reserved 1085440K
  class space    used 5576K, capacity 5819K, committed 5888K, reserved 1048576K

Card table byte_map: [0x00007f09911d6000,0x00007f09915a4000] byte_map_base: 0x00007f0990da3000

Marking Bits: (ParMarkBitMap*) 0x00007f0993cc6c80
 Begin Bits: [0x00007f0974330000, 0x00007f0976198000)
 End Bits:   [0x00007f0976198000, 0x00007f0978000000)

Polling page: 0x00007f0994913000

CodeCache: size=245760Kb used=13488Kb max_used=13488Kb free=232271Kb
 bounds [0x00007f097d000000, 0x00007f097dd40000, 0x00007f098c000000]
 total_blobs=4660 nmethods=3973 adapters=599
 compilation: enabled

Compilation events (10 events):
Event: 25,302 Thread 0x00007f098c0b9000 4145  s!   4       java.net.URLStreamHandler::getHostAddress (54 bytes)
Event: 25,306 Thread 0x00007f098c0b9000 nmethod 4145 0x00007f097dd29990 code [0x00007f097dd29ae0, 0x00007f097dd29e18]
Event: 25,306 Thread 0x00007f098c0b9000 4148   !   4       java.util.zip.ZipFile$ZipFileInputStream::read (131 bytes)
Event: 25,316 Thread 0x00007f098c0be000 4152       3       java.lang.invoke.DirectMethodHandle::internalMemberName (8 bytes)
Event: 25,317 Thread 0x00007f098c0be000 nmethod 4152 0x00007f097dd29550 code [0x00007f097dd296c0, 0x00007f097dd298f0]
Event: 25,317 Thread 0x00007f098c0b9000 nmethod 4148 0x00007f097dd28ad0 code [0x00007f097dd28c40, 0x00007f097dd29238]
Event: 25,317 Thread 0x00007f098c0b9000 4150       4       sun.nio.cs.UTF_8$Decoder::decodeArrayLoop (691 bytes)
Event: 25,323 Thread 0x00007f098c0be000 4153       3       java.lang.reflect.Modifier::isProtected (12 bytes)
Event: 25,323 Thread 0x00007f098c0be000 nmethod 4153 0x00007f097dd25950 code [0x00007f097dd25ac0, 0x00007f097dd25c50]
Event: 25,326 Thread 0x00007f098c0be000 4154       3       sun.invoke.util.Wrapper::forPrimitiveType (49 bytes)

GC Heap History (10 events):
Event: 11,850 GC heap before
{Heap before GC invocations=6 (full 1):
 PSYoungGen      total 67584K, used 5108K [0x00000000d7780000, 0x00000000e0580000, 0x0000000100000000)
  eden space 62464K, 0% used [0x00000000d7780000,0x00000000d7780000,0x00000000db480000)
  from space 5120K, 99% used [0x00000000db480000,0x00000000db97d040,0x00000000db980000)
  to   space 10240K, 0% used [0x00000000dfb80000,0x00000000dfb80000,0x00000000e0580000)
 ParOldGen       total 83456K, used 8832K [0x0000000086600000, 0x000000008b780000, 0x00000000d7780000)
  object space 83456K, 10% used [0x0000000086600000,0x0000000086ea0240,0x000000008b780000)
 Metaspace       used 20850K, capacity 21092K, committed 21248K, reserved 1067008K
  class space    used 2881K, capacity 2997K, committed 3072K, reserved 1048576K
Event: 11,960 GC heap after
Heap after GC invocations=6 (full 1):
 PSYoungGen      total 67584K, used 0K [0x00000000d7780000, 0x00000000e0580000, 0x0000000100000000)
  eden space 62464K, 0% used [0x00000000d7780000,0x00000000d7780000,0x00000000db480000)
  from space 5120K, 0% used [0x00000000db480000,0x00000000db480000,0x00000000db980000)
  to   space 10240K, 0% used [0x00000000dfb80000,0x00000000dfb80000,0x00000000e0580000)
 ParOldGen       total 51200K, used 8046K [0x0000000086600000, 0x0000000089800000, 0x00000000d7780000)
  object space 51200K, 15% used [0x0000000086600000,0x0000000086ddba88,0x0000000089800000)
 Metaspace       used 20850K, capacity 21092K, committed 21248K, reserved 1067008K
  class space    used 2881K, capacity 2997K, committed 3072K, reserved 1048576K
}
Event: 15,272 GC heap before
{Heap before GC invocations=7 (full 1):
 PSYoungGen      total 67584K, used 62464K [0x00000000d7780000, 0x00000000e0580000, 0x0000000100000000)
  eden space 62464K, 100% used [0x00000000d7780000,0x00000000db480000,0x00000000db480000)
  from space 5120K, 0% used [0x00000000db480000,0x00000000db480000,0x00000000db980000)
  to   space 10240K, 0% used [0x00000000dfb80000,0x00000000dfb80000,0x00000000e0580000)
 ParOldGen       total 51200K, used 8046K [0x0000000086600000, 0x0000000089800000, 0x00000000d7780000)
  object space 51200K, 15% used [0x0000000086600000,0x0000000086ddba88,0x0000000089800000)
 Metaspace       used 26350K, capacity 26878K, committed 27264K, reserved 1073152K
  class space    used 3697K, capacity 3899K, committed 3968K, reserved 1048576K
Event: 15,334 GC heap after
Heap after GC invocations=7 (full 1):
 PSYoungGen      total 116736K, used 6106K [0x00000000d7780000, 0x00000000e0180000, 0x0000000100000000)
  eden space 110592K, 0% used [0x00000000d7780000,0x00000000d7780000,0x00000000de380000)
  from space 6144K, 99% used [0x00000000dfb80000,0x00000000e0176970,0x00000000e0180000)
  to   space 9728K, 0% used [0x00000000dee80000,0x00000000dee80000,0x00000000df800000)
 ParOldGen       total 51200K, used 8054K [0x0000000086600000, 0x0000000089800000, 0x00000000d7780000)
  object space 51200K, 15% used [0x0000000086600000,0x0000000086ddda88,0x0000000089800000)
 Metaspace       used 26350K, capacity 26878K, committed 27264K, reserved 1073152K
  class space    used 3697K, capacity 3899K, committed 3968K, reserved 1048576K
}
Event: 21,252 GC heap before
{Heap before GC invocations=8 (full 1):
 PSYoungGen      total 116736K, used 116698K [0x00000000d7780000, 0x00000000e0180000, 0x0000000100000000)
  eden space 110592K, 100% used [0x00000000d7780000,0x00000000de380000,0x00000000de380000)
  from space 6144K, 99% used [0x00000000dfb80000,0x00000000e0176970,0x00000000e0180000)
  to   space 9728K, 0% used [0x00000000dee80000,0x00000000dee80000,0x00000000df800000)
 ParOldGen       total 51200K, used 8054K [0x0000000086600000, 0x0000000089800000, 0x00000000d7780000)
  object space 51200K, 15% used [0x0000000086600000,0x0000000086ddda88,0x0000000089800000)
 Metaspace       used 33807K, capacity 34318K, committed 34816K, reserved 1079296K
  class space    used 4623K, capacity 4778K, committed 4864K, reserved 1048576K
Event: 21,332 GC heap after
Heap after GC invocations=8 (full 1):
 PSYoungGen      total 131584K, used 9714K [0x00000000d7780000, 0x00000000e4b80000, 0x0000000100000000)
  eden space 121856K, 0% used [0x00000000d7780000,0x00000000d7780000,0x00000000dee80000)
  from space 9728K, 99% used [0x00000000dee80000,0x00000000df7fca68,0x00000000df800000)
  to   space 12288K, 0% used [0x00000000e3f80000,0x00000000e3f80000,0x00000000e4b80000)
 ParOldGen       total 51200K, used 10576K [0x0000000086600000, 0x0000000089800000, 0x00000000d7780000)
  object space 51200K, 20% used [0x0000000086600000,0x00000000870541f8,0x0000000089800000)
 Metaspace       used 33807K, capacity 34318K, committed 34816K, reserved 1079296K
  class space    used 4623K, capacity 4778K, committed 4864K, reserved 1048576K
}
Event: 22,240 GC heap before
{Heap before GC invocations=9 (full 1):
 PSYoungGen      total 131584K, used 48497K [0x00000000d7780000, 0x00000000e4b80000, 0x0000000100000000)
  eden space 121856K, 31% used [0x00000000d7780000,0x00000000d9d5fb38,0x00000000dee80000)
  from space 9728K, 99% used [0x00000000dee80000,0x00000000df7fca68,0x00000000df800000)
  to   space 12288K, 0% used [0x00000000e3f80000,0x00000000e3f80000,0x00000000e4b80000)
 ParOldGen       total 51200K, used 10576K [0x0000000086600000, 0x0000000089800000, 0x00000000d7780000)
  object space 51200K, 20% used [0x0000000086600000,0x00000000870541f8,0x0000000089800000)
 Metaspace       used 34569K, capacity 35176K, committed 35416K, reserved 1079296K
  class space    used 4745K, capacity 4935K, committed 4992K, reserved 1048576K
Event: 22,302 GC heap after
Heap after GC invocations=9 (full 1):
 PSYoungGen      total 203264K, used 12027K [0x00000000d7780000, 0x00000000e6800000, 0x0000000100000000)
  eden space 190976K, 0% used [0x00000000d7780000,0x00000000d7780000,0x00000000e3200000)
  from space 12288K, 97% used [0x00000000e3f80000,0x00000000e4b3ec10,0x00000000e4b80000)
  to   space 13824K, 0% used [0x00000000e3200000,0x00000000e3200000,0x00000000e3f80000)
 ParOldGen       total 51200K, used 10584K [0x0000000086600000, 0x0000000089800000, 0x00000000d7780000)
  object space 51200K, 20% used [0x0000000086600000,0x00000000870561f8,0x0000000089800000)
 Metaspace       used 34569K, capacity 35176K, committed 35416K, reserved 1079296K
  class space    used 4745K, capacity 4935K, committed 4992K, reserved 1048576K
}
Event: 22,303 GC heap before
{Heap before GC invocations=10 (full 2):
 PSYoungGen      total 203264K, used 12027K [0x00000000d7780000, 0x00000000e6800000, 0x0000000100000000)
  eden space 190976K, 0% used [0x00000000d7780000,0x00000000d7780000,0x00000000e3200000)
  from space 12288K, 97% used [0x00000000e3f80000,0x00000000e4b3ec10,0x00000000e4b80000)
  to   space 13824K, 0% used [0x00000000e3200000,0x00000000e3200000,0x00000000e3f80000)
 ParOldGen       total 51200K, used 10584K [0x0000000086600000, 0x0000000089800000, 0x00000000d7780000)
  object space 51200K, 20% used [0x0000000086600000,0x00000000870561f8,0x0000000089800000)
 Metaspace       used 34569K, capacity 35176K, committed 35416K, reserved 1079296K
  class space    used 4745K, capacity 4935K, committed 4992K, reserved 1048576K
Event: 22,561 GC heap after
Heap after GC invocations=10 (full 2):
 PSYoungGen      total 203264K, used 0K [0x00000000d7780000, 0x00000000e6800000, 0x0000000100000000)
  eden space 190976K, 0% used [0x00000000d7780000,0x00000000d7780000,0x00000000e3200000)
  from space 12288K, 0% used [0x00000000e3f80000,0x00000000e3f80000,0x00000000e4b80000)
  to   space 13824K, 0% used [0x00000000e3200000,0x00000000e3200000,0x00000000e3f80000)
 ParOldGen       total 74752K, used 19367K [0x0000000086600000, 0x000000008af00000, 0x00000000d7780000)
  object space 74752K, 25% used [0x0000000086600000,0x00000000878e9f10,0x000000008af00000)
 Metaspace       used 34569K, capacity 35176K, committed 35416K, reserved 1079296K
  class space    used 4745K, capacity 4935K, committed 4992K, reserved 1048576K
}

Deoptimization events (10 events):
Event: 23,577 Thread 0x00007f098c009800 Uncommon trap: reason=unstable_if action=reinterpret pc=0x00007f097d2a9804 method=sun.misc.MetaIndex.mayContain(Ljava/lang/String;)Z @ 38
Event: 23,626 Thread 0x00007f098c009800 Uncommon trap: reason=unstable_if action=reinterpret pc=0x00007f097d54344c method=sun.misc.MetaIndex.mayContain(Ljava/lang/String;)Z @ 38
Event: 23,627 Thread 0x00007f098c009800 Uncommon trap: reason=class_check action=maybe_recompile pc=0x00007f097d324ca0 method=java.io.DataInputStream.readUnsignedShort()I @ 4
Event: 23,627 Thread 0x00007f098c009800 Uncommon trap: reason=class_check action=maybe_recompile pc=0x00007f097d324ca0 method=java.io.DataInputStream.readUnsignedShort()I @ 4
Event: 23,627 Thread 0x00007f098c009800 Uncommon trap: reason=class_check action=maybe_recompile pc=0x00007f097d324ca0 method=java.io.DataInputStream.readUnsignedShort()I @ 4
Event: 23,627 Thread 0x00007f098c009800 Uncommon trap: reason=class_check action=maybe_recompile pc=0x00007f097d324ca0 method=java.io.DataInputStream.readUnsignedShort()I @ 4
Event: 24,245 Thread 0x00007f098c009800 Uncommon trap: reason=bimorphic action=maybe_recompile pc=0x00007f097dbe348c method=java.util.regex.Pattern$Curly.match0(Ljava/util/regex/Matcher;IILjava/lang/CharSequence;)Z @ 170
Event: 24,245 Thread 0x00007f098c009800 Uncommon trap: reason=bimorphic action=maybe_recompile pc=0x00007f097dbe348c method=java.util.regex.Pattern$Curly.match0(Ljava/util/regex/Matcher;IILjava/lang/CharSequence;)Z @ 170
Event: 24,245 Thread 0x00007f098c009800 Uncommon trap: reason=bimorphic action=maybe_recompile pc=0x00007f097dbe348c method=java.util.regex.Pattern$Curly.match0(Ljava/util/regex/Matcher;IILjava/lang/CharSequence;)Z @ 170
Event: 24,246 Thread 0x00007f098c009800 Uncommon trap: reason=bimorphic action=maybe_recompile pc=0x00007f097dbe348c method=java.util.regex.Pattern$Curly.match0(Ljava/util/regex/Matcher;IILjava/lang/CharSequence;)Z @ 170

Internal exceptions (10 events):
Event: 24,792 Thread 0x00007f098c009800 Exception <a 'sun/nio/fs/UnixException'> (0x00000000da152678) thrown at [/HUDSON3/workspace/8-2-build-linux-amd64/jdk8u121/8372/hotspot/src/share/vm/prims/jni.cpp, line 709]
Event: 24,793 Thread 0x00007f098c009800 Exception <a 'sun/nio/fs/UnixException'> (0x00000000da153b28) thrown at [/HUDSON3/workspace/8-2-build-linux-amd64/jdk8u121/8372/hotspot/src/share/vm/prims/jni.cpp, line 709]
Event: 24,793 Thread 0x00007f098c009800 Exception <a 'sun/nio/fs/UnixException'> (0x00000000da1566d0) thrown at [/HUDSON3/workspace/8-2-build-linux-amd64/jdk8u121/8372/hotspot/src/share/vm/prims/jni.cpp, line 709]
Event: 24,793 Thread 0x00007f098c009800 Exception <a 'sun/nio/fs/UnixException'> (0x00000000da157b08) thrown at [/HUDSON3/workspace/8-2-build-linux-amd64/jdk8u121/8372/hotspot/src/share/vm/prims/jni.cpp, line 709]
Event: 24,794 Thread 0x00007f098c009800 Exception <a 'sun/nio/fs/UnixException'> (0x00000000da15a750) thrown at [/HUDSON3/workspace/8-2-build-linux-amd64/jdk8u121/8372/hotspot/src/share/vm/prims/jni.cpp, line 709]
Event: 24,794 Thread 0x00007f098c009800 Exception <a 'sun/nio/fs/UnixException'> (0x00000000da15b7e0) thrown at [/HUDSON3/workspace/8-2-build-linux-amd64/jdk8u121/8372/hotspot/src/share/vm/prims/jni.cpp, line 709]
Event: 24,795 Thread 0x00007f098c009800 Exception <a 'sun/nio/fs/UnixException'> (0x00000000da15e020) thrown at [/HUDSON3/workspace/8-2-build-linux-amd64/jdk8u121/8372/hotspot/src/share/vm/prims/jni.cpp, line 709]
Event: 24,795 Thread 0x00007f098c009800 Exception <a 'sun/nio/fs/UnixException'> (0x00000000da15f0a0) thrown at [/HUDSON3/workspace/8-2-build-linux-amd64/jdk8u121/8372/hotspot/src/share/vm/prims/jni.cpp, line 709]
Event: 25,246 Thread 0x00007f098c009800 Exception <a 'java/lang/NoSuchMethodError': java.lang.Object.lambda$comparing$77a9974f$1(Ljava/util/function/Function;Ljava/lang/Object;Ljava/lang/Object;)I> (0x00000000db665938) thrown at [/HUDSON3/workspace/8-2-build-linux-amd64/jdk8u121/8372/hotspot/sr
Event: 25,253 Thread 0x00007f098c009800 Exception <a 'java/lang/NoSuchMethodError': java.lang.Object.lambda$thenComparing$36697e65$1(Ljava/util/Comparator;Ljava/lang/Object;Ljava/lang/Object;)I> (0x00000000db673b30) thrown at [/HUDSON3/workspace/8-2-build-linux-amd64/jdk8u121/8372/hotspot/src/s

Events (10 events):
Event: 25,319 loading class com/google/common/collect/AbstractMapBasedMultimap$WrappedSortedSet
Event: 25,319 loading class com/google/common/collect/AbstractMapBasedMultimap$WrappedSortedSet done
Event: 25,323 loading class com/android/repository/api/RepoPackage
Event: 25,323 loading class com/android/repository/api/RepoPackage done
Event: 25,324 loading class java/util/SortedSet$1
Event: 25,324 loading class java/util/SortedSet$1 done
Event: 25,325 loading class com/android/repository/api/RepoPackage
Event: 25,325 loading class com/android/repository/api/RepoPackage done
Event: 25,325 loading class com/android/repository/api/RepoPackage
Event: 25,325 loading class com/android/repository/api/RepoPackage done


Dynamic libraries:
00400000-00401000 r-xp 00000000 08:07 538586                             /usr/lib/jvm/java-8-oracle/bin/java
00600000-00601000 rw-p 00000000 08:07 538586                             /usr/lib/jvm/java-8-oracle/bin/java
01aba000-01adb000 rw-p 00000000 00:00 0                                  [heap]
86600000-8af00000 rw-p 00000000 00:00 0 
8af00000-d7780000 ---p 00000000 00:00 0 
d7780000-e6800000 rw-p 00000000 00:00 0 
e6800000-100000000 ---p 00000000 00:00 0 
100000000-1005c0000 rw-p 00000000 00:00 0 
1005c0000-140000000 ---p 00000000 00:00 0 
7f0930000000-7f0930021000 rw-p 00000000 00:00 0 
7f0930021000-7f0934000000 ---p 00000000 00:00 0 
7f0937600000-7f0937740000 rw-p 00000000 00:00 0 
7f0937740000-7f0937800000 ---p 00000000 00:00 0 
7f0937800000-7f0937a00000 rw-p 00000000 00:00 0 
7f0937a00000-7f0937c00000 rw-p 00000000 00:00 0 
7f0937c00000-7f0937df6000 rw-p 00000000 00:00 0 
7f0937df6000-7f0937e00000 ---p 00000000 00:00 0 
7f0937e00000-7f0938000000 rw-p 00000000 00:00 0 
7f0938000000-7f0938021000 rw-p 00000000 00:00 0 
7f0938021000-7f093c000000 ---p 00000000 00:00 0 
7f093c000000-7f093c021000 rw-p 00000000 00:00 0 
7f093c021000-7f0940000000 ---p 00000000 00:00 0 
7f0940000000-7f0940021000 rw-p 00000000 00:00 0 
7f0940021000-7f0944000000 ---p 00000000 00:00 0 
7f0944000000-7f0944021000 rw-p 00000000 00:00 0 
7f0944021000-7f0948000000 ---p 00000000 00:00 0 
7f0948000000-7f0949d81000 rw-p 00000000 00:00 0 
7f0949d81000-7f094c000000 ---p 00000000 00:00 0 
7f094c000000-7f094ccdb000 rw-p 00000000 00:00 0 
7f094ccdb000-7f0950000000 ---p 00000000 00:00 0 
7f0950000000-7f0950021000 rw-p 00000000 00:00 0 
7f0950021000-7f0954000000 ---p 00000000 00:00 0 
7f0954000000-7f0956541000 rw-p 00000000 00:00 0 
7f0956541000-7f0958000000 ---p 00000000 00:00 0 
7f0958000000-7f0958021000 rw-p 00000000 00:00 0 
7f0958021000-7f095c000000 ---p 00000000 00:00 0 
7f095c000000-7f095c021000 rw-p 00000000 00:00 0 
7f095c021000-7f0960000000 ---p 00000000 00:00 0 
7f0960000000-7f0960024000 rw-p 00000000 00:00 0 
7f0960024000-7f0964000000 ---p 00000000 00:00 0 
7f096415d000-7f0964170000 r--s 00345000 08:07 538728                     /usr/lib/jvm/java-8-oracle/jre/lib/resources.jar
7f0964170000-7f0964370000 rw-p 00000000 00:00 0 
7f0964370000-7f096439b000 r--s 001fc000 08:07 1599617                    /home/maulana/.gradle/caches/modules-2/files-2.1/com.google.guava/guava/18.0/cce0823396aa693798f8882e64213b1772032b09/guava-18.0.jar
7f096439b000-7f096439c000 r--s 00001000 08:07 1598800                    /home/maulana/.gradle/caches/modules-2/files-2.1/com.android.tools/annotations/25.2.3/a9970f79003cbf4aaaf26a5590aca7066f209347/annotations-25.2.3.jar
7f096439c000-7f09643af000 r--s 000b2000 08:07 1598799                    /home/maulana/.gradle/caches/modules-2/files-2.1/com.android.tools.external.com-intellij/uast/145.597.4/6b430796bdb6563146affb34fb840c64e8d1d3b1/uast-145.597.4.jar
7f09643af000-7f09643b7000 r--s 000a8000 08:07 1599616                    /home/maulana/.gradle/caches/modules-2/files-2.1/com.android.tools.external.lombok/lombok-ast/0.2.3/528b6f8bde3157f17530aa366631f2aad2a6cf9/lombok-ast-0.2.3.jar
7f09643b7000-7f09643b9000 r--s 0000d000 08:07 1599615                    /home/maulana/.gradle/caches/modules-2/files-2.1/commons-codec/commons-codec/1.4/4216af16d38465bbab0f3dff8efa14204f7a399a/commons-codec-1.4.jar
7f09643b9000-7f09643bb000 r--s 0000d000 08:07 1599614                    /home/maulana/.gradle/caches/modules-2/files-2.1/commons-logging/commons-logging/1.1.1/5043bfebc3db072ed80fbd362e7caf00e885d8ae/commons-logging-1.1.1.jar
7f09643bb000-7f09643c0000 r--s 00028000 08:07 1599613                    /home/maulana/.gradle/caches/modules-2/files-2.1/org.apache.httpcomponents/httpcore/4.1/33fc26c02f8043ab0ede19eadc8c9885386b255c/httpcore-4.1.jar
7f09643c0000-7f09643c4000 r--s 0002f000 08:07 1599612                    /home/maulana/.gradle/caches/modules-2/files-2.1/com.google.jimfs/jimfs/1.1/8fbd0579dc68aba6186935cc1bee21d2f3e7ec1c/jimfs-1.1.jar
7f09643c4000-7f09643c5000 r--s 00004000 08:07 1599611                    /home/maulana/.gradle/caches/modules-2/files-2.1/com.intellij/annotations/12.0/bbcf6448f6d40abe506e2c83b70a3e8bfd2b4539/annotations-12.0.jar
7f09643c5000-7f09643c6000 r--s 00004000 08:07 1599610                    /home/maulana/.gradle/caches/modules-2/files-2.1/org.ow2.asm/asm-analysis/5.0.4/51f5031331a56c462a3cc5126e21ab65958759a9/asm-analysis-5.0.4.jar
7f09643c6000-7f09643ca000 r--s 0003b000 08:07 1598797                    /home/maulana/.gradle/caches/modules-2/files-2.1/com.android.tools.lint/lint-api/25.2.3/fb7afa11dcda11d5bf0fcd3dcfec3e13ee921057/lint-api-25.2.3.jar
7f09643ca000-7f09643cb000 r--s 0000a000 08:07 1599609                    /home/maulana/.gradle/caches/modules-2/files-2.1/net.sf.kxml/kxml2/2.3.0/ccbc77a5fd907ef863c29f3596c6f54ffa4e9442/kxml2-2.3.0.jar
7f09643cb000-7f09643cd000 r--s 00005000 08:07 1599608                    /home/maulana/.gradle/caches/modules-2/files-2.1/org.apache.httpcomponents/httpmime/4.1/9ba2dcdf94ce35c8a8e9bff242db0618ca932e92/httpmime-4.1.jar
7f09643cd000-7f09643d5000 r--s 0004e000 08:07 1599607                    /home/maulana/.gradle/caches/modules-2/files-2.1/org.apache.httpcomponents/httpclient/4.1.1/3d1d918f32709e33ba7ddb2c4e8d1c543ebe713e/httpclient-4.1.1.jar
7f09643d5000-7f09643dc000 r--s 00053000 08:07 1599606                    /home/maulana/.gradle/caches/modules-2/files-2.1/org.apache.commons/commons-compress/1.8.1/a698750c16740fd5b3871425f4cb3bbaa87f529d/commons-compress-1.8.1.jar
7f09643dc000-7f09643e1000 r--s 0002a000 08:07 1599605                    /home/maulana/.gradle/caches/modules-2/files-2.1/com.google.code.gson/gson/2.2.4/a60a5e993c98c864010053cb901b7eab25306568/gson-2.2.4.jar
7f09643e1000-7f09643e6000 r--s 0002d000 08:07 1598796                    /home/maulana/.gradle/caches/modules-2/files-2.1/com.android.tools/repository/25.2.3/179dee8115834f40bd9b39675da3a0273174c3ca/repository-25.2.3.jar
7f09643e6000-7f09643e9000 r--s 00014000 08:07 1598794                    /home/maulana/.gradle/caches/modules-2/files-2.1/com.android.tools.layoutlib/layoutlib-api/25.2.3/ead9944caa7cba814184148efe69faf8896f4478/layoutlib-api-25.2.3.jar
7f09643e9000-7f09643ed000 r--s 00037000 08:07 1599604                    /home/maulana/.gradle/caches/modules-2/files-2.1/org.antlr/ST4/4.0.8/a1c55e974f8a94d78e2348fa6ff63f4fa1fae64/ST4-4.0.8.jar
7f09643ed000-7f09643f0000 r--s 00026000 08:07 1599603                    /home/maulana/.gradle/caches/modules-2/files-2.1/org.antlr/antlr-runtime/3.5.2/cd9cd41361c155f3af0f653009dcecb08d8b4afd/antlr-runtime-3.5.2.jar
7f09643f0000-7f09643f5000 r--s 00058000 08:07 1599602                    /home/maulana/.gradle/caches/modules-2/files-2.1/org.ow2.asm/asm-debug-all/5.0.1/f69b5f7d96cec0d448acf1c1a266584170c9643b/asm-debug-all-5.0.1.jar
7f09643f5000-7f0964405000 r--s 000d6000 08:07 1599601                    /home/maulana/.gradle/caches/modules-2/files-2.1/net.sf.proguard/proguard-base/5.2.1/4f61348b4e7c943b85679dcb697f3a5fc3101921/proguard-base-5.2.1.jar
7f0964405000-7f0964408000 r--s 00033000 08:07 1599600                    /home/maulana/.gradle/caches/modules-2/files-2.1/com.googlecode.juniversalchardet/juniversalchardet/1.0.3/cd49678784c46aa8789c060538e0154013bb421b/juniversalchardet-1.0.3.jar
7f0964408000-7f096441f000 r--s 00154000 08:07 1599598                    /home/maulana/.gradle/caches/modules-2/files-2.1/org.antlr/antlr4/4.5.3/f35db7e4b2446e4174ba6a73db7bd6b3e6bb5da1/antlr4-4.5.3.jar
7f096441f000-7f0964452000 r--s 00203000 08:07 1599594                    /home/maulana/.gradle/caches/modules-2/files-2.1/org.bouncycastle/bcprov-jdk15on/1.48/960dea7c9181ba0b17e8bab0c06a43f0a5f04e65/bcprov-jdk15on-1.48.jar
7f0964452000-7f0964652000 rw-p 00000000 00:00 0 
7f0964652000-7f0964653000 r--s 00005000 08:07 1598795                    /home/maulana/.gradle/caches/modules-2/files-2.1/com.android.tools/dvlib/25.2.3/5afd79f645811a98c0519141cc13900c659091a8/dvlib-25.2.3.jar
7f0964653000-7f0964657000 r--s 0002a000 08:07 1599599                    /home/maulana/.gradle/caches/modules-2/files-2.1/commons-io/commons-io/2.4/b1b6ea3b7e4aa4f492509a4952029cd8e48019ad/commons-io-2.4.jar
7f0964657000-7f0964658000 r--s 00002000 08:07 1598793                    /home/maulana/.gradle/caches/modules-2/files-2.1/com.android.databinding/baseLibrary/2.2.3/b4b51d1925cdfda98fd861230c1ecb5855500129/baseLibrary-2.2.3.jar
7f0964658000-7f096466b000 r--s 00236000 08:07 1599597                    /home/maulana/.gradle/caches/modules-2/files-2.1/org.eclipse.jdt.core.compiler/ecj/4.5.1/bee1367ac12fb6a20b422ff8711ebeb4f0a42316/ecj-4.5.1.jar
7f096466b000-7f0964672000 r--s 000c3000 08:07 1598792                    /home/maulana/.gradle/caches/modules-2/files-2.1/com.android.tools.lint/lint-checks/25.2.3/eae71c1f5ce54195dc821133e3a5df8145de8ff5/lint-checks-25.2.3.jar
7f0964672000-7f0964674000 r--s 00006000 08:07 1599596                    /home/maulana/.gradle/caches/modules-2/files-2.1/org.ow2.asm/asm-tree/5.0.4/396ce0c07ba2b481f25a70195c7c94922f0d1b0b/asm-tree-5.0.4.jar
7f0964674000-7f0964682000 r--s 00081000 08:07 1599593                    /home/maulana/.gradle/caches/modules-2/files-2.1/org.bouncycastle/bcpkix-jdk15on/1.48/28b7614b908a47844bb27e3c94b45b6893656265/bcpkix-jdk15on-1.48.jar
7f0964682000-7f0964684000 r--s 00002000 08:07 1599592                    /home/maulana/.gradle/caches/modules-2/files-2.1/com.squareup/javawriter/2.5.0/81241ff7078ef14f42ea2a8995fa09c096256e6b/javawriter-2.5.0.jar
7f0964684000-7f0964685000 r--s 00002000 08:07 1598791                    /home/maulana/.gradle/caches/modules-2/files-2.1/com.android.tools.analytics-library/tracker/25.2.3/c807f7b3d9aa3cee795ecac620d22c5ca7dd92e1/tracker-25.2.3.jar
7f0964685000-7f0964687000 r--s 00003000 08:07 1598790                    /home/maulana/.gradle/caches/modules-2/files-2.1/com.android.tools.analytics-library/shared/25.2.3/785426dac20cfe596e4cf36d01aad930ffdcb05c/shared-25.2.3.jar
7f0964687000-7f0964694000 r--s 000ed000 08:07 1598789                    /home/maulana/.gradle/caches/modules-2/files-2.1/com.android.tools.analytics-library/protos/25.2.3/821098054f9667d0f2536d7f2d0200d8bdd9c898/protos-25.2.3.jar
7f0964694000-7f0964695000 r--s 00001000 08:07 1599591                    /home/maulana/.gradle/caches/modules-2/files-2.1/com.android.tools.jill/jill-api/0.10.0/7dfd6360ae4af1e171ec67b92e0cf065d59eef19/jill-api-0.10.0.jar
7f0964695000-7f0964697000 r--s 00003000 08:07 1599590                    /home/maulana/.gradle/caches/modules-2/files-2.1/com.android.tools.jack/jack-api/0.11.0/ccda6afebd2b9cf60886c601ea561bba62c35c70/jack-api-0.11.0.jar
7f0964697000-7f096469c000 r--s 0004a000 08:07 1598788                    /home/maulana/.gradle/caches/modules-2/files-2.1/com.android.tools.ddms/ddmlib/25.2.3/2b66df9156f476b0ccee44b378cd09073118ff59/ddmlib-25.2.3.jar
7f096469c000-7f096469f000 r--s 00021000 08:07 1598787                    /home/maulana/.gradle/caches/modules-2/files-2.1/com.android.tools.build/manifest-merger/25.2.3/d0212c507be4c38c39f4ee06a7df5a44f500ed3b/manifest-merger-25.2.3.jar
7f096469f000-7f09646a1000 r--s 0001c000 08:07 1598786                    /home/maulana/.gradle/caches/modules-2/files-2.1/com.android.tools/common/25.2.3/255aa01048bebb511d828c6a5fc668df13b8f39d/common-25.2.3.jar
7f09646a1000-7f09646a9000 r--s 00084000 08:07 1598784                    /home/maulana/.gradle/caches/modules-2/files-2.1/com.android.tools/sdk-common/25.2.3/2c49ca3df5bb961473b096bab2a615a7cda50dc/sdk-common-25.2.3.jar
7f09646a9000-7f09646b4000 r--s 0008e000 08:07 1598783                    /home/maulana/.gradle/caches/modules-2/files-2.1/com.android.tools/sdklib/25.2.3/9f12cfc56b1df4e42fa2b73f9936b586b9a56a2/sdklib-25.2.3.jar
7f09646b4000-7f09646b5000 r--s 00002000 08:07 1598782                    /home/maulana/.gradle/caches/modules-2/files-2.1/com.android.tools.build/builder-test-api/2.2.3/700079fc243c217dbd6250ac01d2d6210ca8a0d6/builder-test-api-2.2.3.jar
7f09646b5000-7f09646b8000 r--s 00005000 08:07 1598781                    /home/maulana/.gradle/caches/modules-2/files-2.1/com.android.tools.build/builder-model/2.2.3/eddf6035ce0a31651527b4c3cc239428e877c43a/builder-model-2.2.3.jar
7f09646b8000-7f09646c2000 r--s 00110000 08:07 1599589                    /home/maulana/.gradle/caches/modules-2/files-2.1/org.antlr/antlr/3.5.2/c4a65c950bfc3e7d04309c515b2177c00baf7764/antlr-3.5.2.jar
7f09646c2000-7f09646ca000 r--s 0007b000 08:07 1599588                    /home/maulana/.gradle/caches/modules-2/files-2.1/com.google.protobuf/protobuf-java/2.5.0/a10732c76bfacdbd633a7eb0f7968b1059a65dfa/protobuf-java-2.5.0.jar
7f09646ca000-7f09646cc000 r--s 0000f000 08:07 1599587                    /home/maulana/.gradle/caches/modules-2/files-2.1/net.sf.jopt-simple/jopt-simple/4.9/ee9e9eaa0a35360dcfeac129ff4923215fd65904/jopt-simple-4.9.jar
7f09646cc000-7f09646d0000 r--s 0001f000 08:07 1599586                    /home/maulana/.gradle/caches/modules-2/files-2.1/org.jacoco/org.jacoco.report/0.7.5.201505241946/cb1ac5562a45c98cd7b774452f3e8b867b71cd65/org.jacoco.report-0.7.5.201505241946.jar
7f09646d0000-7f09646d4000 r--s 0001d000 08:07 1599585                    /home/maulana/.gradle/caches/modules-2/files-2.1/org.jacoco/org.jacoco.core/0.7.5.201505241946/1ea906dc5201d2a1bc0604f8650534d4bcaf4c95/org.jacoco.core-0.7.5.201505241946.jar
7f09646d4000-7f09646d5000 r--s 00002000 08:07 1599584                    /home/maulana/.gradle/caches/modules-2/files-2.1/net.sf.proguard/proguard-gradle/5.2.1/5e9956c050fd84fa043517e77c4c0ff175a6b002/proguard-gradle-5.2.1.jar
7f09646d5000-7f09646d7000 r--s 00009000 08:07 1599583                    /home/maulana/.gradle/caches/modules-2/files-2.1/org.ow2.asm/asm-commons/5.0.4/5a556786086c23cd689a0328f8519db93821c04c/asm-commons-5.0.4.jar
7f09646d7000-7f09646d9000 r--s 0000c000 08:07 1599582                    /home/maulana/.gradle/caches/modules-2/files-2.1/org.ow2.asm/asm/5.0.4/da08b8cce7bbf903602a25a3a163ae252435795/asm-5.0.4.jar
7f09646d9000-7f09646dd000 r--s 0002b000 08:07 1598780                    /home/maulana/.gradle/caches/modules-2/files-2.1/com.android.databinding/compilerCommon/2.2.3/8c3829022a54acd042b5382a4a873ee2d64c29ee/compilerCommon-2.2.3.jar
7f09646dd000-7f09646de000 r--s 00002000 08:07 1598779                    /home/maulana/.gradle/caches/modules-2/files-2.1/com.android.tools.build/gradle-api/2.2.3/9a45614f789d4aab624d2a61983263885f42b615/gradle-api-2.2.3.jar
7f09646de000-7f09646df000 r--s 00000000 08:07 1599580                    /home/maulana/.gradle/caches/modules-2/files-2.1/com.android.tools.build/transform-api/2.0.0-deprecated-use-gradle-api/85bee1acea9e27152b920746c68133b30b11431/transform-api-2.0.0-deprecated-use-gradle-api.jar
7f09646df000-7f09646e4000 r--s 00053000 08:07 1598778                    /home/maulana/.gradle/caches/modules-2/files-2.1/com.android.tools.lint/lint/25.2.3/aa03a3669f2913b9bc6f5f4fba4418f974e48cb7/lint-25.2.3.jar
7f09646e4000-7f09646fb000 r--s 0015e000 08:07 1598777                    /home/maulana/.gradle/caches/modules-2/files-2.1/com.android.tools.build/builder/2.2.3/13e7339544e824a3a5f8ecff42173c013791578b/builder-2.2.3.jar
7f09646fb000-7f0964718000 r--s 0019d000 08:07 1598776                    /home/maulana/.gradle/caches/modules-2/files-2.1/com.android.tools.build/gradle-core/2.2.3/3a777b0626810e0ccdced7d750ac4b60c279616c/gradle-core-2.2.3.jar
7f0964718000-7f096471a000 r--s 0000d000 08:07 1598775                    /home/maulana/.gradle/caches/modules-2/files-2.1/com.android.tools.build/gradle/2.2.3/7b8f79621d95e3ce1e95c0852db14d9d7e1d1951/gradle-2.2.3.jar
7f096471a000-7f096491a000 rw-p 00000000 00:00 0 
7f096491a000-7f096491d000 ---p 00000000 00:00 0 
7f096491d000-7f0964a1b000 rw-p 00000000 00:00 0 
7f0964a1b000-7f0964a1e000 ---p 00000000 00:00 0 
7f0964a1e000-7f0964a54000 rw-p 00000000 00:00 0 
7f0964a54000-7f0964a55000 r--p 00000000 00:00 0 
7f0964a55000-7f0964c55000 rw-p 00000000 00:00 0 
7f0964c55000-7f0964e55000 rw-p 00000000 00:00 0 
7f0964e55000-7f0965055000 rw-p 00000000 00:00 0 
7f0965055000-7f0965058000 ---p 00000000 00:00 0 
7f0965058000-7f0965356000 rw-p 00000000 00:00 0 
7f0965356000-7f0965556000 rw-p 00000000 00:00 0 
7f0965556000-7f09655d0000 r--s 010f6000 08:07 536996                     /usr/lib/jvm/java-8-oracle/lib/tools.jar
7f09655d0000-7f09657d0000 rw-p 00000000 00:00 0 
7f09657d0000-7f09657d2000 r--s 00007000 08:07 3700491                    /home/maulana/.gradle/wrapper/dists/gradle-2.14.1-all/8bnwg5hd3w55iofp58khbp6yv/gradle-2.14.1/lib/plugins/gradle-tooling-api-builders-2.14.1.jar
7f09657d2000-7f09657d5000 r--s 00008000 08:07 3700484                    /home/maulana/.gradle/wrapper/dists/gradle-2.14.1-all/8bnwg5hd3w55iofp58khbp6yv/gradle-2.14.1/lib/plugins/gradle-testing-native-2.14.1.jar
7f09657d5000-7f09657d7000 r--s 00009000 08:07 3700563                    /home/maulana/.gradle/wrapper/dists/gradle-2.14.1-all/8bnwg5hd3w55iofp58khbp6yv/gradle-2.14.1/lib/plugins/hamcrest-core-1.3.jar
7f09657d7000-7f09657dd000 r--s 00033000 08:07 3700557                    /home/maulana/.gradle/wrapper/dists/gradle-2.14.1-all/8bnwg5hd3w55iofp58khbp6yv/gradle-2.14.1/lib/plugins/snakeyaml-1.6.jar
7f09657dd000-7f09657df000 r--s 00006000 08:07 3700556                    /home/maulana/.gradle/wrapper/dists/gradle-2.14.1-all/8bnwg5hd3w55iofp58khbp6yv/gradle-2.14.1/lib/plugins/jcommander-1.12.jar
7f09657df000-7f09657e4000 r--s 00040000 08:07 3700555                    /home/maulana/.gradle/wrapper/dists/gradle-2.14.1-all/8bnwg5hd3w55iofp58khbp6yv/gradle-2.14.1/lib/plugins/bsh-2.0b4.jar
7f09657e4000-7f09657ed000 r--s 00089000 08:07 3700514                    /home/maulana/.gradle/wrapper/dists/gradle-2.14.1-all/8bnwg5hd3w55iofp58khbp6yv/gradle-2.14.1/lib/plugins/testng-6.3.1.jar
7f09657ed000-7f09657f5000 r--s 00045000 08:07 3700513                    /home/maulana/.gradle/wrapper/dists/gradle-2.14.1-all/8bnwg5hd3w55iofp58khbp6yv/gradle-2.14.1/lib/plugins/junit-4.12.jar
7f09657f5000-7f09657fb000 r--s 0002e000 08:07 3700485                    /home/maulana/.gradle/wrapper/dists/gradle-2.14.1-all/8bnwg5hd3w55iofp58khbp6yv/gradle-2.14.1/lib/plugins/gradle-testing-jvm-2.14.1.jar
7f09657fb000-7f0965800000 r--s 00015000 08:07 3700483                    /home/maulana/.gradle/wrapper/dists/gradle-2.14.1-all/8bnwg5hd3w55iofp58khbp6yv/gradle-2.14.1/lib/plugins/gradle-testing-base-2.14.1.jar
7f0965800000-7f0965801000 r--s 00002000 08:07 3700507                    /home/maulana/.gradle/wrapper/dists/gradle-2.14.1-all/8bnwg5hd3w55iofp58khbp6yv/gradle-2.14.1/lib/plugins/sonar-batch-bootstrapper-2.9.jar
7f0965801000-7f0965804000 r--s 00015000 08:07 3700461                    /home/maulana/.gradle/wrapper/dists/gradle-2.14.1-all/8bnwg5hd3w55iofp58khbp6yv/gradle-2.14.1/lib/plugins/gradle-sonar-2.14.1.jar
7f0965804000-7f096580b000 r--s 00038000 08:07 3700508                    /home/maulana/.gradle/wrapper/dists/gradle-2.14.1-all/8bnwg5hd3w55iofp58khbp6yv/gradle-2.14.1/lib/plugins/bcpg-jdk15on-1.51.jar
7f096580b000-7f096580d000 r--s 0000d000 08:07 3700462                    /home/maulana/.gradle/wrapper/dists/gradle-2.14.1-all/8bnwg5hd3w55iofp58khbp6yv/gradle-2.14.1/lib/plugins/gradle-signing-2.14.1.jar
7f096580d000-7f0965810000 r--s 00009000 08:07 3700460                    /home/maulana/.gradle/wrapper/dists/gradle-2.14.1-all/8bnwg5hd3w55iofp58khbp6yv/gradle-2.14.1/lib/plugins/gradle-scala-2.14.1.jar
7f0965810000-7f0965811000 r--s 00004000 08:07 3700489                    /home/maulana/.gradle/wrapper/dists/gradle-2.14.1-all/8bnwg5hd3w55iofp58khbp6yv/gradle-2.14.1/lib/plugins/gradle-resources-sftp-2.14.1.jar
7f0965811000-7f0965821000 r--s 00088000 08:07 3700524                    /home/maulana/.gradle/wrapper/dists/gradle-2.14.1-all/8bnwg5hd3w55iofp58khbp6yv/gradle-2.14.1/lib/plugins/joda-time-2.8.2.jar
7f0965821000-7f0965832000 r--s 000cf000 08:07 3700523                    /home/maulana/.gradle/wrapper/dists/gradle-2.14.1-all/8bnwg5hd3w55iofp58khbp6yv/gradle-2.14.1/lib/plugins/jackson-databind-2.3.2.jar
7f0965832000-7f0965834000 r--s 00007000 08:07 3700522                    /home/maulana/.gradle/wrapper/dists/gradle-2.14.1-all/8bnwg5hd3w55iofp58khbp6yv/gradle-2.14.1/lib/plugins/jackson-annotations-2.3.2.jar
7f0965834000-7f0965837000 r--s 0002e000 08:07 3700521                    /home/maulana/.gradle/wrapper/dists/gradle-2.14.1-all/8bnwg5hd3w55iofp58khbp6yv/gradle-2.14.1/lib/plugins/jackson-core-2.3.2.jar
7f0965837000-7f0965842000 r--s 0006b000 08:07 3700520                    /home/maulana/.gradle/wrapper/dists/gradle-2.14.1-all/8bnwg5hd3w55iofp58khbp6yv/gradle-2.14.1/lib/plugins/aws-java-sdk-core-1.9.19.jar
7f0965842000-7f0965848000 r--s 00036000 08:07 3700519                    /home/maulana/.gradle/wrapper/dists/gradle-2.14.1-all/8bnwg5hd3w55iofp58khbp6yv/gradle-2.14.1/lib/plugins/aws-java-sdk-kms-1.9.19.jar
7f0965848000-7f0965853000 r--s 00079000 08:07 3700518                    /home/maulana/.gradle/wrapper/dists/gradle-2.14.1-all/8bnwg5hd3w55iofp58khbp6yv/gradle-2.14.1/lib/plugins/aws-java-sdk-s3-1.9.19.jar
7f0965853000-7f0965854000 r--s 00003000 08:07 3700490                    /home/maulana/.gradle/wrapper/dists/gradle-2.14.1-all/8bnwg5hd3w55iofp58khbp6yv/gradle-2.14.1/lib/plugins/gradle-resources-s3-2.14.1.jar
7f0965854000-7f0965856000 r--s 00005000 08:07 3700512                    /home/maulana/.gradle/wrapper/dists/gradle-2.14.1-all/8bnwg5hd3w55iofp58khbp6yv/gradle-2.14.1/lib/plugins/jatl-0.2.2.jar
7f0965856000-7f0965858000 r--s 0000f000 08:07 3700467                    /home/maulana/.gradle/wrapper/dists/gradle-2.14.1-all/8bnwg5hd3w55iofp58khbp6yv/gradle-2.14.1/lib/plugins/gradle-reporting-2.14.1.jar
7f0965858000-7f096585a000 r--s 00002000 08:07 3700468                    /home/maulana/.gradle/wrapper/dists/gradle-2.14.1-all/8bnwg5hd3w55iofp58khbp6yv/gradle-2.14.1/lib/plugins/gradle-publish-2.14.1.jar
7f096585a000-7f096585c000 r--s 00009000 08:07 3700494                    /home/maulana/.gradle/wrapper/dists/gradle-2.14.1-all/8bnwg5hd3w55iofp58khbp6yv/gradle-2.14.1/lib/plugins/commons-cli-1.2.jar
7f096585c000-7f0965862000 r--s 00033000 08:07 3700452                    /home/maulana/.gradle/wrapper/dists/gradle-2.14.1-all/8bnwg5hd3w55iofp58khbp6yv/gradle-2.14.1/lib/plugins/gradle-plugins-2.14.1.jar
7f0965862000-7f0965864000 r--s 00007000 08:07 3700486                    /home/maulana/.gradle/wrapper/dists/gradle-2.14.1-all/8bnwg5hd3w55iofp58khbp6yv/gradle-2.14.1/lib/plugins/gradle-plugin-development-2.14.1.jar
7f0965864000-7f096586a000 r--s 0002a000 08:07 3700479                    /home/maulana/.gradle/wrapper/dists/gradle-2.14.1-all/8bnwg5hd3w55iofp58khbp6yv/gradle-2.14.1/lib/plugins/gradle-platform-play-2.14.1.jar
7f096586a000-7f0965877000 r--s 0004d000 08:07 3700478                    /home/maulana/.gradle/wrapper/dists/gradle-2.14.1-all/8bnwg5hd3w55iofp58khbp6yv/gradle-2.14.1/lib/plugins/gradle-platform-native-2.14.1.jar
7f0965877000-7f096587b000 r--s 0001a000 08:07 3700473                    /home/maulana/.gradle/wrapper/dists/gradle-2.14.1-all/8bnwg5hd3w55iofp58khbp6yv/gradle-2.14.1/lib/plugins/gradle-platform-jvm-2.14.1.jar
7f096587b000-7f0965882000 r--s 00029000 08:07 3700472                    /home/maulana/.gradle/wrapper/dists/gradle-2.14.1-all/8bnwg5hd3w55iofp58khbp6yv/gradle-2.14.1/lib/plugins/gradle-platform-base-2.14.1.jar
7f0965882000-7f09658a3000 r--s 001c3000 08:07 3700502                    /home/maulana/.gradle/wrapper/dists/gradle-2.14.1-all/8bnwg5hd3w55iofp58khbp6yv/gradle-2.14.1/lib/plugins/bndlib-2.4.0.jar
7f09658a3000-7f09658a5000 r--s 00003000 08:07 3700456                    /home/maulana/.gradle/wrapper/dists/gradle-2.14.1-all/8bnwg5hd3w55iofp58khbp6yv/gradle-2.14.1/lib/plugins/gradle-osgi-2.14.1.jar
7f09658a5000-7f09658a8000 r--s 0000c000 08:07 3700505                    /home/maulana/.gradle/wrapper/dists/gradle-2.14.1-all/8bnwg5hd3w55iofp58khbp6yv/gradle-2.14.1/lib/plugins/pmaven-groovy-0.8-20100325.jar
7f09658a8000-7f09658a9000 r--s 00004000 08:07 3700504                    /home/maulana/.gradle/wrapper/dists/gradle-2.14.1-all/8bnwg5hd3w55iofp58khbp6yv/gradle-2.14.1/lib/plugins/pmaven-common-0.8-20100325.jar
7f09658a9000-7f09658af000 r--s 00022000 08:07 3700457                    /home/maulana/.gradle/wrapper/dists/gradle-2.14.1-all/8bnwg5hd3w55iofp58khbp6yv/gradle-2.14.1/lib/plugins/gradle-maven-2.14.1.jar
7f09658af000-7f09658b1000 r--s 0000a000 08:07 3700477                    /home/maulana/.gradle/wrapper/dists/gradle-2.14.1-all/8bnwg5hd3w55iofp58khbp6yv/gradle-2.14.1/lib/plugins/gradle-language-scala-2.14.1.jar
7f09658b1000-7f09658b7000 r--s 0001a000 08:07 3700481                    /home/maulana/.gradle/wrapper/dists/gradle-2.14.1-all/8bnwg5hd3w55iofp58khbp6yv/gradle-2.14.1/lib/plugins/gradle-language-native-2.14.1.jar
7f09658b7000-7f09658b9000 r--s 00008000 08:07 3700474                    /home/maulana/.gradle/wrapper/dists/gradle-2.14.1-all/8bnwg5hd3w55iofp58khbp6yv/gradle-2.14.1/lib/plugins/gradle-language-jvm-2.14.1.jar
7f09658b9000-7f09658bf000 r--s 00024000 08:07 3700475                    /home/maulana/.gradle/wrapper/dists/gradle-2.14.1-all/8bnwg5hd3w55iofp58khbp6yv/gradle-2.14.1/lib/plugins/gradle-language-java-2.14.1.jar
7f09658bf000-7f09658c1000 r--s 0000a000 08:07 3700476                    /home/maulana/.gradle/wrapper/dists/gradle-2.14.1-all/8bnwg5hd3w55iofp58khbp6yv/gradle-2.14.1/lib/plugins/gradle-language-groovy-2.14.1.jar
7f09658c1000-7f09658c4000 r--s 0001e000 08:07 3700530                    /home/maulana/.gradle/wrapper/dists/gradle-2.14.1-all/8bnwg5hd3w55iofp58khbp6yv/gradle-2.14.1/lib/plugins/jsp-api-2.1-6.1.14.jar
7f09658c4000-7f09658e7000 r--s 00344000 08:07 3700529                    /home/maulana/.gradle/wrapper/dists/gradle-2.14.1-all/8bnwg5hd3w55iofp58khbp6yv/gradle-2.14.1/lib/plugins/core-3.1.1.jar
7f09658e7000-7f09658e8000 r--s 00006000 08:07 3700528                    /home/maulana/.gradle/wrapper/dists/gradle-2.14.1-all/8bnwg5hd3w55iofp58khbp6yv/gradle-2.14.1/lib/plugins/jetty-naming-6.1.25.jar
7f09658e8000-7f09658e9000 r--s 00002000 08:07 3700501                    /home/maulana/.gradle/wrapper/dists/gradle-2.14.1-all/8bnwg5hd3w55iofp58khbp6yv/gradle-2.14.1/lib/plugins/geronimo-annotation_1.0_spec-1.0.jar
7f09658e9000-7f09658eb000 r--s 00002000 08:07 3700500                    /home/maulana/.gradle/wrapper/dists/gradle-2.14.1-all/8bnwg5hd3w55iofp58khbp6yv/gradle-2.14.1/lib/plugins/jetty-annotations-6.1.25.jar
7f09658eb000-7f09658fc000 r--s 000ea000 08:07 3700499                    /home/maulana/.gradle/wrapper/dists/gradle-2.14.1-all/8bnwg5hd3w55iofp58khbp6yv/gradle-2.14.1/lib/plugins/jsp-2.1-6.1.14.jar
7f09658fc000-7f09658fe000 r--s 0000d000 08:07 3700498                    /home/maulana/.gradle/wrapper/dists/gradle-2.14.1-all/8bnwg5hd3w55iofp58khbp6yv/gradle-2.14.1/lib/plugins/jetty-plus-6.1.25.jar
7f09658fe000-7f0965900000 r--s 0001f000 08:07 3700497                    /home/maulana/.gradle/wrapper/dists/gradle-2.14.1-all/8bnwg5hd3w55iofp58khbp6yv/gradle-2.14.1/lib/plugins/servlet-api-2.5-20081211.jar
7f0965900000-7f0965904000 r--s 00028000 08:07 3700496                    /home/maulana/.gradle/wrapper/dists/gradle-2.14.1-all/8bnwg5hd3w55iofp58khbp6yv/gradle-2.14.1/lib/plugins/jetty-util-6.1.25.jar
7f0965904000-7f096590b000 r--s 0007d000 08:07 3700495                    /home/maulana/.gradle/wrapper/dists/gradle-2.14.1-all/8bnwg5hd3w55iofp58khbp6yv/gradle-2.14.1/lib/plugins/jetty-6.1.25.jar
7f096590b000-7f096590d000 r--s 00009000 08:07 3700454                    /home/maulana/.gradle/wrapper/dists/gradle-2.14.1-all/8bnwg5hd3w55iofp58khbp6yv/gradle-2.14.1/lib/plugins/gradle-jetty-2.14.1.jar
7f096590d000-7f0965914000 r--s 00035000 08:07 3700511                    /home/maulana/.gradle/wrapper/dists/gradle-2.14.1-all/8bnwg5hd3w55iofp58khbp6yv/gradle-2.14.1/lib/plugins/simple-4.1.21.jar
7f0965914000-7f0965920000 r--s 00100000 08:07 3700509                    /home/maulana/.gradle/wrapper/dists/gradle-2.14.1-all/8bnwg5hd3w55iofp58khbp6yv/gradle-2.14.1/lib/plugins/rhino-1.7R3.jar
7f0965920000-7f0965924000 r--s 00011000 08:07 3700464                    /home/maulana/.gradle/wrapper/dists/gradle-2.14.1-all/8bnwg5hd3w55iofp58khbp6yv/gradle-2.14.1/lib/plugins/gradle-javascript-2.14.1.jar
7f0965924000-7f0965926000 r--s 0000c000 08:07 3700470                    /home/maulana/.gradle/wrapper/dists/gradle-2.14.1-all/8bnwg5hd3w55iofp58khbp6yv/gradle-2.14.1/lib/plugins/gradle-jacoco-2.14.1.jar
7f0965926000-7f0965929000 r--s 0000e000 08:07 3700469                    /home/maulana/.gradle/wrapper/dists/gradle-2.14.1-all/8bnwg5hd3w55iofp58khbp6yv/gradle-2.14.1/lib/plugins/gradle-ivy-2.14.1.jar
7f0965929000-7f096592a000 r--s 00002000 08:07 3700480                    /home/maulana/.gradle/wrapper/dists/gradle-2.14.1-all/8bnwg5hd3w55iofp58khbp6yv/gradle-2.14.1/lib/plugins/gradle-ide-play-2.14.1.jar
7f096592a000-7f096592f000 r--s 0002b000 08:07 3700482                    /home/maulana/.gradle/wrapper/dists/gradle-2.14.1-all/8bnwg5hd3w55iofp58khbp6yv/gradle-2.14.1/lib/plugins/gradle-ide-native-2.14.1.jar
7f096592f000-7f096593a000 r--s 00066000 08:07 3700458                    /home/maulana/.gradle/wrapper/dists/gradle-2.14.1-all/8bnwg5hd3w55iofp58khbp6yv/gradle-2.14.1/lib/plugins/gradle-ide-2.14.1.jar
7f096593a000-7f096593b000 r--s 00008000 08:07 3700463                    /home/maulana/.gradle/wrapper/dists/gradle-2.14.1-all/8bnwg5hd3w55iofp58khbp6yv/gradle-2.14.1/lib/plugins/gradle-ear-2.14.1.jar
7f096593b000-7f0965941000 r--s 00032000 08:07 3700466                    /home/maulana/.gradle/wrapper/dists/gradle-2.14.1-all/8bnwg5hd3w55iofp58khbp6yv/gradle-2.14.1/lib/plugins/gradle-diagnostics-2.14.1.jar
7f0965941000-7f0965945000 r--s 00021000 08:07 3700453                    /home/maulana/.gradle/wrapper/dists/gradle-2.14.1-all/8bnwg5hd3w55iofp58khbp6yv/gradle-2.14.1/lib/plugins/gradle-code-quality-2.14.1.jar
7f0965945000-7f0965949000 r--s 0001f000 08:07 3700471                    /home/maulana/.gradle/wrapper/dists/gradle-2.14.1-all/8bnwg5hd3w55iofp58khbp6yv/gradle-2.14.1/lib/plugins/gradle-build-init-2.14.1.jar
7f0965949000-7f0965950000 r--s 0008e000 08:07 3700465                    /home/maulana/.gradle/wrapper/dists/gradle-2.14.1-all/8bnwg5hd3w55iofp58khbp6yv/gradle-2.14.1/lib/plugins/gradle-build-comparison-2.14.1.jar
7f0965950000-7f0965952000 r--s 00008000 08:07 3700455                    /home/maulana/.gradle/wrapper/dists/gradle-2.14.1-all/8bnwg5hd3w55iofp58khbp6yv/gradle-2.14.1/lib/plugins/gradle-antlr-2.14.1.jar
7f0965952000-7f0965954000 r--s 00004000 08:07 3700459                    /home/maulana/.gradle/wrapper/dists/gradle-2.14.1-all/8bnwg5hd3w55iofp58khbp6yv/gradle-2.14.1/lib/plugins/gradle-announce-2.14.1.jar
7f0965954000-7f096596c000 r--s 00115000 08:07 3700560                    /home/maulana/.gradle/wrapper/dists/gradle-2.14.1-all/8bnwg5hd3w55iofp58khbp6yv/gradle-2.14.1/lib/plugins/xercesImpl-2.9.1.jar
7f096596c000-7f0965974000 r--s 00028000 08:07 3700561                    /home/maulana/.gradle/wrapper/dists/gradle-2.14.1-all/8bnwg5hd3w55iofp58khbp6yv/gradle-2.14.1/lib/plugins/xml-apis-1.3.04.jar
7f0965974000-7f096597a000 r--s 0005b000 08:07 3700559                    /home/maulana/.gradle/wrapper/dists/gradle-2.14.1-all/8bnwg5hd3w55iofp58khbp6yv/gradle-2.14.1/lib/plugins/jcifs-1.3.17.jar
7f096597a000-7f0965981000 r--s 00049000 08:07 3700558                    /home/maulana/.gradle/wrapper/dists/gradle-2.14.1-all/8bnwg5hd3w55iofp58khbp6yv/gradle-2.14.1/lib/plugins/httpcore-4.4.4.jar
7f0965981000-7f0965987000 r--s 00033000 08:07 3700506                    /home/maulana/.gradle/wrapper/dists/gradle-2.14.1-all/8bnwg5hd3w55iofp58khbp6yv/gradle-2.14.1/lib/plugins/commons-codec-1.6.jar
7f0965987000-7f096598a000 r--s 0001c000 08:07 3700516                    /home/maulana/.gradle/wrapper/dists/gradle-2.14.1-all/8bnwg5hd3w55iofp58khbp6yv/gradle-2.14.1/lib/plugins/nekohtml-1.9.14.jar
7f096598a000-7f0965997000 r--s 000a4000 08:07 3700515                    /home/maulana/.gradle/wrapper/dists/gradle-2.14.1-all/8bnwg5hd3w55iofp58khbp6yv/gradle-2.14.1/lib/plugins/httpclient-4.4.1.jar
7f0965997000-7f0965999000 r--s 0000a000 08:07 3700488                    /home/maulana/.gradle/wrapper/dists/gradle-2.14.1-all/8bnwg5hd3w55iofp58khbp6yv/gradle-2.14.1/lib/plugins/gradle-resources-http-2.14.1.jar
7f0965999000-7f096599d000 r--s 00014000 08:07 3700487                    /home/maulana/.gradle/wrapper/dists/gradle-2.14.1-all/8bnwg5hd3w55iofp58khbp6yv/gradle-2.14.1/lib/plugins/gradle-plugin-use-2.14.1.jar
7f096599d000-7f096599e000 r--s 00000000 08:07 3700403                    /home/maulana/.gradle/wrapper/dists/gradle-2.14.1-all/8bnwg5hd3w55iofp58khbp6yv/gradle-2.14.1/lib/gradle-installation-beacon-2.14.1.jar
7f096599e000-7f096599f000 r--s 00007000 08:07 3700554                    /home/maulana/.gradle/wrapper/dists/gradle-2.14.1-all/8bnwg5hd3w55iofp58khbp6yv/gradle-2.14.1/lib/plugins/wagon-http-shared4-2.4.jar
7f096599f000-7f09659a3000 r--s 00033000 08:07 3700553                    /home/maulana/.gradle/wrapper/dists/gradle-2.14.1-all/8bnwg5hd3w55iofp58khbp6yv/gradle-2.14.1/lib/plugins/plexus-utils-2.0.6.jar
7f09659a3000-7f09659a7000 r--s 00021000 08:07 3700552                    /home/maulana/.gradle/wrapper/dists/gradle-2.14.1-all/8bnwg5hd3w55iofp58khbp6yv/gradle-2.14.1/lib/plugins/maven-model-builder-3.0.4.jar
7f09659a7000-7f09659a8000 r--s 00002000 08:07 3700551                    /home/maulana/.gradle/wrapper/dists/gradle-2.14.1-all/8bnwg5hd3w55iofp58khbp6yv/gradle-2.14.1/lib/plugins/wagon-file-2.4.jar
7f09659a8000-7f09659aa000 r--s 00002000 08:07 3700550                    /home/maulana/.gradle/wrapper/dists/gradle-2.14.1-all/8bnwg5hd3w55iofp58khbp6yv/gradle-2.14.1/lib/plugins/plexus-cipher-1.7.jar
7f09659aa000-7f09659ad000 r--s 00013000 08:07 3700549                    /home/maulana/.gradle/wrapper/dists/gradle-2.14.1-all/8bnwg5hd3w55iofp58khbp6yv/gradle-2.14.1/lib/plugins/aether-api-1.13.1.jar
7f09659ad000-7f09659af000 r--s 0000a000 08:07 3700548                    /home/maulana/.gradle/wrapper/dists/gradle-2.14.1-all/8bnwg5hd3w55iofp58khbp6yv/gradle-2.14.1/lib/plugins/maven-settings-3.0.4.jar
7f09659af000-7f09659b1000 r--s 0000d000 08:07 3700547                    /home/maulana/.gradle/wrapper/dists/gradle-2.14.1-all/8bnwg5hd3w55iofp58khbp6yv/gradle-2.14.1/lib/plugins/plexus-interpolation-1.14.jar
7f09659b1000-7f09659b3000 r--s 0000b000 08:07 3700546                    /home/maulana/.gradle/wrapper/dists/gradle-2.14.1-all/8bnwg5hd3w55iofp58khbp6yv/gradle-2.14.1/lib/plugins/maven-artifact-3.0.4.jar
7f09659b3000-7f09659ba000 r--s 0002e000 08:07 3700545                    /home/maulana/.gradle/wrapper/dists/gradle-2.14.1-all/8bnwg5hd3w55iofp58khbp6yv/gradle-2.14.1/lib/plugins/plexus-container-default-1.5.5.jar
7f09659ba000-7f09659bc000 r--s 0000b000 08:07 3700544                    /home/maulana/.gradle/wrapper/dists/gradle-2.14.1-all/8bnwg5hd3w55iofp58khbp6yv/gradle-2.14.1/lib/plugins/maven-plugin-api-3.0.4.jar
7f09659bc000-7f09659be000 r--s 00000000 08:07 3700562                    /home/maulana/.gradle/wrapper/dists/gradle-2.14.1-all/8bnwg5hd3w55iofp58khbp6yv/gradle-2.14.1/lib/plugins/plexus-component-annotations-1.5.5.jar
7f09659be000-7f09659c4000 r--s 0003f000 08:07 3700543                    /home/maulana/.gradle/wrapper/dists/gradle-2.14.1-all/8bnwg5hd3w55iofp58khbp6yv/gradle-2.14.1/lib/plugins/maven-compat-3.0.4.jar
7f09659c4000-7f09659c7000 r--s 00008000 08:07 3700542                    /home/maulana/.gradle/wrapper/dists/gradle-2.14.1-all/8bnwg5hd3w55iofp58khbp6yv/gradle-2.14.1/lib/plugins/maven-settings-builder-3.0.4.jar
7f09659c7000-7f09659c9000 r--s 00026000 08:07 3700540                    /home/maulana/.gradle/wrapper/dists/gradle-2.14.1-all/8bnwg5hd3w55iofp58khbp6yv/gradle-2.14.1/lib/plugins/maven-model-3.0.4.jar
7f09659c9000-7f09659cb000 r--s 00006000 08:07 3700539                    /home/maulana/.gradle/wrapper/dists/gradle-2.14.1-all/8bnwg5hd3w55iofp58khbp6yv/gradle-2.14.1/lib/plugins/aether-connector-wagon-1.13.1.jar
7f09659cb000-7f09659cd000 r--s 0000a000 08:07 3700538                    /home/maulana/.gradle/wrapper/dists/gradle-2.14.1-all/8bnwg5hd3w55iofp58khbp6yv/gradle-2.14.1/lib/plugins/plexus-classworlds-2.4.jar
7f09659cd000-7f09659cf000 r--s 00006000 08:07 3700537                    /home/maulana/.gradle/wrapper/dists/gradle-2.14.1-all/8bnwg5hd3w55iofp58khbp6yv/gradle-2.14.1/lib/plugins/maven-repository-metadata-3.0.4.jar
7f09659cf000-7f09659d1000 r--s 0000c000 08:07 3700536                    /home/maulana/.gradle/wrapper/dists/gradle-2.14.1-all/8bnwg5hd3w55iofp58khbp6yv/gradle-2.14.1/lib/plugins/maven-aether-provider-3.0.4.jar
7f09659d1000-7f09659d3000 r--s 0000b000 08:07 3700535                    /home/maulana/.gradle/wrapper/dists/gradle-2.14.1-all/8bnwg5hd3w55iofp58khbp6yv/gradle-2.14.1/lib/plugins/wagon-provider-api-2.4.jar
7f09659d3000-7f09659d7000 r--s 0001c000 08:07 3700533                    /home/maulana/.gradle/wrapper/dists/gradle-2.14.1-all/8bnwg5hd3w55iofp58khbp6yv/gradle-2.14.1/lib/plugins/aether-util-1.13.1.jar
7f09659d7000-7f09659dc000 r--s 00040000 08:07 3700517                    /home/maulana/.gradle/wrapper/dists/gradle-2.14.1-all/8bnwg5hd3w55iofp58khbp6yv/gradle-2.14.1/lib/plugins/jsch-0.1.53.jar
7f09659dc000-7f0965a1c000 r--s 00277000 08:07 3700527                    /home/maulana/.gradle/wrapper/dists/gradle-2.14.1-all/8bnwg5hd3w55iofp58khbp6yv/gradle-2.14.1/lib/plugins/bcprov-jdk15on-1.51.jar
7f0965a1c000-7f0965a28000 r--s 0007d000 08:07 3700503                    /home/maulana/.gradle/wrapper/dists/gradle-2.14.1-all/8bnwg5hd3w55iofp58khbp6yv/gradle-2.14.1/lib/plugins/maven-core-3.0.4.jar
7f0965a28000-7f0965a44000 r--s 000d3000 08:07 3700492                    /home/maulana/.gradle/wrapper/dists/gradle-2.14.1-all/8bnwg5hd3w55iofp58khbp6yv/gradle-2.14.1/lib/plugins/gradle-dependency-management-2.14.1.jar
7f0965a44000-7f0965a4d000 r-xp 00000000 08:07 538778                     /usr/lib/jvm/java-8-oracle/jre/lib/amd64/libmanagement.so
7f0965a4d000-7f0965c4c000 ---p 00009000 08:07 538778                     /usr/lib/jvm/java-8-oracle/jre/lib/amd64/libmanagement.so
7f0965c4c000-7f0965c4d000 rw-p 00008000 08:07 538778                     /usr/lib/jvm/java-8-oracle/jre/lib/amd64/libmanagement.so
7f0965c4d000-7f0965c62000 r-xp 00000000 08:07 1612860                    /tmp/jna7077001920647439564.tmp
7f0965c62000-7f0965d61000 ---p 00015000 08:07 1612860                    /tmp/jna7077001920647439564.tmp
7f0965d61000-7f0965d63000 rw-p 00014000 08:07 1612860                    /tmp/jna7077001920647439564.tmp
7f0965d63000-7f0965d88000 r-xp 00000000 08:07 2233083                    /lib/x86_64-linux-gnu/libtinfo.so.5.9
7f0965d88000-7f0965f87000 ---p 00025000 08:07 2233083                    /lib/x86_64-linux-gnu/libtinfo.so.5.9
7f0965f87000-7f0965f8b000 r--p 00024000 08:07 2233083                    /lib/x86_64-linux-gnu/libtinfo.so.5.9
7f0965f8b000-7f0965f8c000 rw-p 00028000 08:07 2233083                    /lib/x86_64-linux-gnu/libtinfo.so.5.9
7f0965f8c000-7f0965fae000 r-xp 00000000 08:07 2232993                    /lib/x86_64-linux-gnu/libncurses.so.5.9
7f0965fae000-7f09661ad000 ---p 00022000 08:07 2232993                    /lib/x86_64-linux-gnu/libncurses.so.5.9
7f09661ad000-7f09661ae000 r--p 00021000 08:07 2232993                    /lib/x86_64-linux-gnu/libncurses.so.5.9
7f09661ae000-7f09661af000 rw-p 00022000 08:07 2232993                    /lib/x86_64-linux-gnu/libncurses.so.5.9
7f09661af000-7f09661b2000 r-xp 00000000 08:07 1858531                    /home/maulana/.gradle/native/19/linux-amd64/libnative-platform-curses.so
7f09661b2000-7f09663b2000 ---p 00003000 08:07 1858531                    /home/maulana/.gradle/native/19/linux-amd64/libnative-platform-curses.so
7f09663b2000-7f09663b3000 rw-p 00003000 08:07 1858531                    /home/maulana/.gradle/native/19/linux-amd64/libnative-platform-curses.so
7f09663b3000-7f09663c9000 r-xp 00000000 08:07 2232964                    /lib/x86_64-linux-gnu/libgcc_s.so.1
7f09663c9000-7f09665c8000 ---p 00016000 08:07 2232964                    /lib/x86_64-linux-gnu/libgcc_s.so.1
7f09665c8000-7f09665c9000 rw-p 00015000 08:07 2232964                    /lib/x86_64-linux-gnu/libgcc_s.so.1
7f09665c9000-7f09666af000 r-xp 00000000 08:07 271759                     /usr/lib/x86_64-linux-gnu/libstdc++.so.6.0.19
7f09666af000-7f09668ae000 ---p 000e6000 08:07 271759                     /usr/lib/x86_64-linux-gnu/libstdc++.so.6.0.19
7f09668ae000-7f09668b6000 r--p 000e5000 08:07 271759                     /usr/lib/x86_64-linux-gnu/libstdc++.so.6.0.19
7f09668b6000-7f09668b8000 rw-p 000ed000 08:07 271759                     /usr/lib/x86_64-linux-gnu/libstdc++.so.6.0.19
7f09668b8000-7f09668cd000 rw-p 00000000 00:00 0 
7f09668cd000-7f09668ce000 r--s 00002000 08:07 3700541                    /home/maulana/.gradle/wrapper/dists/gradle-2.14.1-all/8bnwg5hd3w55iofp58khbp6yv/gradle-2.14.1/lib/plugins/wagon-http-2.4.jar
7f09668ce000-7f09668cf000 r--s 00003000 08:07 3700534                    /home/maulana/.gradle/wrapper/dists/gradle-2.14.1-all/8bnwg5hd3w55iofp58khbp6yv/gradle-2.14.1/lib/plugins/aether-spi-1.13.1.jar
7f09668cf000-7f09668d3000 r--s 0001d000 08:07 3700526                    /home/maulana/.gradle/wrapper/dists/gradle-2.14.1-all/8bnwg5hd3w55iofp58khbp6yv/gradle-2.14.1/lib/plugins/xbean-reflect-3.4.jar
7f09668d3000-7f09668d8000 r--s 0002a000 08:07 3700510                    /home/maulana/.gradle/wrapper/dists/gradle-2.14.1-all/8bnwg5hd3w55iofp58khbp6yv/gradle-2.14.1/lib/plugins/gson-2.2.4.jar
7f09668d8000-7f09668e7000 r--s 000d9000 08:07 3700525                    /home/maulana/.gradle/wrapper/dists/gradle-2.14.1-all/8bnwg5hd3w55iofp58khbp6yv/gradle-2.14.1/lib/plugins/ivy-2.2.0.jar
7f09668e7000-7f09668eb000 r-xp 00000000 08:07 1857812                    /home/maulana/.gradle/native/19/linux-amd64/libnative-platform.so
7f09668eb000-7f0966aea000 ---p 00004000 08:07 1857812                    /home/maulana/.gradle/native/19/linux-amd64/libnative-platform.so
7f0966aea000-7f0966aeb000 rw-p 00003000 08:07 1857812                    /home/maulana/.gradle/native/19/linux-amd64/libnative-platform.so
7f0966aeb000-7f0966afc000 r-xp 00000000 08:07 538748                     /usr/lib/jvm/java-8-oracle/jre/lib/amd64/libnio.so
7f0966afc000-7f0966cfb000 ---p 00011000 08:07 538748                     /usr/lib/jvm/java-8-oracle/jre/lib/amd64/libnio.so
7f0966cfb000-7f0966cfc000 rw-p 00010000 08:07 538748                     /usr/lib/jvm/java-8-oracle/jre/lib/amd64/libnio.so
7f0966cfc000-7f0966d12000 r-xp 00000000 08:07 538774                     /usr/lib/jvm/java-8-oracle/jre/lib/amd64/libnet.so
7f0966d12000-7f0966f12000 ---p 00016000 08:07 538774                     /usr/lib/jvm/java-8-oracle/jre/lib/amd64/libnet.so
7f0966f12000-7f0966f13000 rw-p 00016000 08:07 538774                     /usr/lib/jvm/java-8-oracle/jre/lib/amd64/libnet.so
7f0966f13000-7f0966f14000 ---p 00000000 00:00 0 
7f0966f14000-7f0967014000 rw-p 00000000 00:00 0 
7f0967014000-7f0967017000 ---p 00000000 00:00 0 
7f0967017000-7f0967115000 rw-p 00000000 00:00 0 
7f0967115000-7f0967118000 ---p 00000000 00:00 0 
7f0967118000-7f0967216000 rw-p 00000000 00:00 0 
7f0967216000-7f0967219000 ---p 00000000 00:00 0 
7f0967219000-7f0967317000 rw-p 00000000 00:00 0 
7f0967317000-7f096731a000 ---p 00000000 00:00 0 
7f096731a000-7f0967418000 rw-p 00000000 00:00 0 
7f0967418000-7f096741b000 ---p 00000000 00:00 0 
7f096741b000-7f0967519000 rw-p 00000000 00:00 0 
7f0967519000-7f0967bfc000 r--p 00000000 08:07 269742                     /usr/lib/locale/locale-archive
7f0967bfc000-7f0967bff000 ---p 00000000 00:00 0 
7f0967bff000-7f0967cfd000 rw-p 00000000 00:00 0 
7f0967cfd000-7f0967d00000 ---p 00000000 00:00 0 
7f0967d00000-7f0967dfe000 rw-p 00000000 00:00 0 
7f0967dfe000-7f0967dff000 ---p 00000000 00:00 0 
7f0967dff000-7f0968000000 rw-p 00000000 00:00 0 
7f0968000000-7f0968021000 rw-p 00000000 00:00 0 
7f0968021000-7f096c000000 ---p 00000000 00:00 0 
7f096c000000-7f096c021000 rw-p 00000000 00:00 0 
7f096c021000-7f0970000000 ---p 00000000 00:00 0 
7f0970000000-7f0970033000 rw-p 00000000 00:00 0 
7f0970033000-7f0974000000 ---p 00000000 00:00 0 
7f0974000000-7f0974003000 r--s 0001d000 08:07 3700532                    /home/maulana/.gradle/wrapper/dists/gradle-2.14.1-all/8bnwg5hd3w55iofp58khbp6yv/gradle-2.14.1/lib/plugins/aether-impl-1.13.1.jar
7f0974003000-7f097400a000 r--s 00000000 08:07 535799                     /usr/lib/x86_64-linux-gnu/gconv/gconv-modules.cache
7f097400a000-7f097400c000 r--s 00005000 08:07 3700402                    /home/maulana/.gradle/wrapper/dists/gradle-2.14.1-all/8bnwg5hd3w55iofp58khbp6yv/gradle-2.14.1/lib/gradle-wrapper-2.14.1.jar
7f097400c000-7f097401a000 r--s 0004f000 08:07 3700409                    /home/maulana/.gradle/wrapper/dists/gradle-2.14.1-all/8bnwg5hd3w55iofp58khbp6yv/gradle-2.14.1/lib/gradle-tooling-api-2.14.1.jar
7f097401a000-7f097401c000 r--s 00002000 08:07 3700429                    /home/maulana/.gradle/wrapper/dists/gradle-2.14.1-all/8bnwg5hd3w55iofp58khbp6yv/gradle-2.14.1/lib/gradle-open-api-2.14.1.jar
7f097401c000-7f0974022000 r--s 00032000 08:07 3700431                    /home/maulana/.gradle/wrapper/dists/gradle-2.14.1-all/8bnwg5hd3w55iofp58khbp6yv/gradle-2.14.1/lib/jaxen-1.1.jar
7f0974022000-7f097402d000 r--s 00059000 08:07 3700408                    /home/maulana/.gradle/wrapper/dists/gradle-2.14.1-all/8bnwg5hd3w55iofp58khbp6yv/gradle-2.14.1/lib/gradle-ui-2.14.1.jar
7f097402d000-7f0978000000 rw-p 00000000 00:00 0 
7f0978000000-7f0978021000 rw-p 00000000 00:00 0 
7f0978021000-7f097c000000 ---p 00000000 00:00 0 
7f097c000000-7f097c001000 r--s 00006000 08:07 3700531                    /home/maulana/.gradle/wrapper/dists/gradle-2.14.1-all/8bnwg5hd3w55iofp58khbp6yv/gradle-2.14.1/lib/plugins/plexus-sec-dispatcher-1.3.jar
7f097c001000-7f097c006000 r--s 00048000 08:07 3700430                    /home/maulana/.gradle/wrapper/dists/gradle-2.14.1-all/8bnwg5hd3w55iofp58khbp6yv/gradle-2.14.1/lib/dom4j-1.6.1.jar
7f097c006000-7f097c009000 r--s 0000b000 08:07 3700427                    /home/maulana/.gradle/wrapper/dists/gradle-2.14.1-all/8bnwg5hd3w55iofp58khbp6yv/gradle-2.14.1/lib/gradle-resources-2.14.1.jar
7f097c009000-7f097c00b000 r--s 00003000 08:07 3700439                    /home/maulana/.gradle/wrapper/dists/gradle-2.14.1-all/8bnwg5hd3w55iofp58khbp6yv/gradle-2.14.1/lib/jcl-over-slf4j-1.7.10.jar
7f097c00b000-7f097c00c000 r--s 00005000 08:07 3700438                    /home/maulana/.gradle/wrapper/dists/gradle-2.14.1-all/8bnwg5hd3w55iofp58khbp6yv/gradle-2.14.1/lib/log4j-over-slf4j-1.7.10.jar
7f097c00c000-7f097c00e000 r--s 00000000 08:07 3700437                    /home/maulana/.gradle/wrapper/dists/gradle-2.14.1-all/8bnwg5hd3w55iofp58khbp6yv/gradle-2.14.1/lib/jul-to-slf4j-1.7.10.jar
7f097c00e000-7f097c013000 r--s 0001c000 08:07 3700426                    /home/maulana/.gradle/wrapper/dists/gradle-2.14.1-all/8bnwg5hd3w55iofp58khbp6yv/gradle-2.14.1/lib/gradle-logging-2.14.1.jar
7f097c013000-7f097c015000 r--s 00007000 08:07 3700450                    /home/maulana/.gradle/wrapper/dists/gradle-2.14.1-all/8bnwg5hd3w55iofp58khbp6yv/gradle-2.14.1/lib/objenesis-1.2.jar
7f097c015000-7f097c017000 r--s 00000000 08:07 3700449                    /home/maulana/.gradle/wrapper/dists/gradle-2.14.1-all/8bnwg5hd3w55iofp58khbp6yv/gradle-2.14.1/lib/minlog-1.2.jar
7f097c017000-7f097c019000 r--s 0000f000 08:07 3700448                    /home/maulana/.gradle/wrapper/dists/gradle-2.14.1-all/8bnwg5hd3w55iofp58khbp6yv/gradle-2.14.1/lib/reflectasm-1.07-shaded.jar
7f097c019000-7f097c01d000 r--s 00026000 08:07 3700436                    /home/maulana/.gradle/wrapper/dists/gradle-2.14.1-all/8bnwg5hd3w55iofp58khbp6yv/gradle-2.14.1/lib/kryo-2.20.jar
7f097c01d000-7f097c023000 r--s 00025000 08:07 3700425                    /home/maulana/.gradle/wrapper/dists/gradle-2.14.1-all/8bnwg5hd3w55iofp58khbp6yv/gradle-2.14.1/lib/gradle-messaging-2.14.1.jar
7f097c023000-7f097c024000 r--s 00003000 08:07 3700447                    /home/maulana/.gradle/wrapper/dists/gradle-2.14.1-all/8bnwg5hd3w55iofp58khbp6yv/gradle-2.14.1/lib/native-platform-freebsd-amd64-0.10.jar
7f097c024000-7f097c025000 r--s 00003000 08:07 3700446                    /home/maulana/.gradle/wrapper/dists/gradle-2.14.1-all/8bnwg5hd3w55iofp58khbp6yv/gradle-2.14.1/lib/native-platform-freebsd-i386-0.10.jar
7f097c025000-7f097c026000 r--s 00005000 08:07 3700445                    /home/maulana/.gradle/wrapper/dists/gradle-2.14.1-all/8bnwg5hd3w55iofp58khbp6yv/gradle-2.14.1/lib/native-platform-windows-i386-0.10.jar
7f097c026000-7f097c027000 r--s 00005000 08:07 3700444                    /home/maulana/.gradle/wrapper/dists/gradle-2.14.1-all/8bnwg5hd3w55iofp58khbp6yv/gradle-2.14.1/lib/native-platform-windows-amd64-0.10.jar
7f097c027000-7f097c028000 r--s 00003000 08:07 3700443                    /home/maulana/.gradle/wrapper/dists/gradle-2.14.1-all/8bnwg5hd3w55iofp58khbp6yv/gradle-2.14.1/lib/native-platform-linux-i386-0.10.jar
7f097c028000-7f097c029000 r--s 00003000 08:07 3700442                    /home/maulana/.gradle/wrapper/dists/gradle-2.14.1-all/8bnwg5hd3w55iofp58khbp6yv/gradle-2.14.1/lib/native-platform-linux-amd64-0.10.jar
7f097c029000-7f097c02a000 r--s 00002000 08:07 3700441                    /home/maulana/.gradle/wrapper/dists/gradle-2.14.1-all/8bnwg5hd3w55iofp58khbp6yv/gradle-2.14.1/lib/native-platform-osx-amd64-0.10.jar
7f097c02a000-7f097c02b000 r--s 00002000 08:07 3700440                    /home/maulana/.gradle/wrapper/dists/gradle-2.14.1-all/8bnwg5hd3w55iofp58khbp6yv/gradle-2.14.1/lib/native-platform-osx-i386-0.10.jar
7f097c02b000-7f097c02d000 r--s 00008000 08:07 3700434                    /home/maulana/.gradle/wrapper/dists/gradle-2.14.1-all/8bnwg5hd3w55iofp58khbp6yv/gradle-2.14.1/lib/jansi-1.2.1.jar
7f097c02d000-7f097c030000 r--s 0000d000 08:07 3700433                    /home/maulana/.gradle/wrapper/dists/gradle-2.14.1-all/8bnwg5hd3w55iofp58khbp6yv/gradle-2.14.1/lib/native-platform-0.10.jar
7f097c030000-7f097c034000 r--s 000e4000 08:07 3700432                    /home/maulana/.gradle/wrapper/dists/gradle-2.14.1-all/8bnwg5hd3w55iofp58khbp6yv/gradle-2.14.1/lib/jna-3.2.7.jar
7f097c034000-7f097c036000 r--s 00009000 08:07 3700410                    /home/maulana/.gradle/wrapper/dists/gradle-2.14.1-all/8bnwg5hd3w55iofp58khbp6yv/gradle-2.14.1/lib/gradle-native-2.14.1.jar
7f097c036000-7f097c038000 r--s 00005000 08:07 3700407                    /home/maulana/.gradle/wrapper/dists/gradle-2.14.1-all/8bnwg5hd3w55iofp58khbp6yv/gradle-2.14.1/lib/gradle-cli-2.14.1.jar
7f097c038000-7f097c03a000 r--s 00007000 08:07 3700417                    /home/maulana/.gradle/wrapper/dists/gradle-2.14.1-all/8bnwg5hd3w55iofp58khbp6yv/gradle-2.14.1/lib/gradle-model-groovy-2.14.1.jar
7f097c03a000-7f097c03b000 r--s 00006000 08:07 3700424                    /home/maulana/.gradle/wrapper/dists/gradle-2.14.1-all/8bnwg5hd3w55iofp58khbp6yv/gradle-2.14.1/lib/gradle-base-services-groovy-2.14.1.jar
7f097c03b000-7f097c04a000 r--s 00080000 08:07 3700416                    /home/maulana/.gradle/wrapper/dists/gradle-2.14.1-all/8bnwg5hd3w55iofp58khbp6yv/gradle-2.14.1/lib/gradle-model-core-2.14.1.jar
7f097c04a000-7f097c04b000 r--s 00002000 08:07 3700428                    /home/maulana/.gradle/wrapper/dists/gradle-2.14.1-all/8bnwg5hd3w55iofp58khbp6yv/gradle-2.14.1/lib/gradle-docs-2.14.1.jar
7f097c04b000-7f097c04c000 r--s 00000000 08:07 3700423                    /home/maulana/.gradle/wrapper/dists/gradle-2.14.1-all/8bnwg5hd3w55iofp58khbp6yv/gradle-2.14.1/lib/javax.inject-1.jar
7f097c04c000-7f097c050000 r--s 00027000 08:07 3700421                    /home/maulana/.gradle/wrapper/dists/gradle-2.14.1-all/8bnwg5hd3w55iofp58khbp6yv/gradle-2.14.1/lib/commons-io-2.2.jar
7f097c050000-7f097c05d000 r--s 00083000 08:07 3700420                    /home/maulana/.gradle/wrapper/dists/gradle-2.14.1-all/8bnwg5hd3w55iofp58khbp6yv/gradle-2.14.1/lib/commons-collections-3.2.2.jar
7f097c05d000-7f097c062000 r--s 00038000 08:07 3700418                    /home/maulana/.gradle/wrapper/dists/gradle-2.14.1-all/8bnwg5hd3w55iofp58khbp6yv/gradle-2.14.1/lib/asm-all-5.1.jar
7f097c062000-7f097c0d1000 r--s 0063e000 08:07 3700415                    /home/maulana/.gradle/wrapper/dists/gradle-2.14.1-all/8bnwg5hd3w55iofp58khbp6yv/gradle-2.14.1/lib/groovy-all-2.4.4.jar
7f097c0d1000-7f097c0f9000 r--s 001cf000 08:07 3700412                    /home/maulana/.gradle/wrapper/dists/gradle-2.14.1-all/8bnwg5hd3w55iofp58khbp6yv/gradle-2.14.1/lib/guava-jdk5-17.0.jar
7f097c0f9000-7f097d000000 rw-p 00000000 00:00 0 
7f097d000000-7f097dd40000 rwxp 00000000 00:00 0 
7f097dd40000-7f098c000000 ---p 00000000 00:00 0 
7f098c000000-7f098e0fb000 rw-p 00000000 00:00 0 
7f098e0fb000-7f0990000000 ---p 00000000 00:00 0 
7f0990000000-7f099001f000 r--s 001d1000 08:07 3700419                    /home/maulana/.gradle/wrapper/dists/gradle-2.14.1-all/8bnwg5hd3w55iofp58khbp6yv/gradle-2.14.1/lib/ant-1.9.6.jar
7f099001f000-7f0990056000 r--s 001bd000 08:07 3700406                    /home/maulana/.gradle/wrapper/dists/gradle-2.14.1-all/8bnwg5hd3w55iofp58khbp6yv/gradle-2.14.1/lib/gradle-core-2.14.1.jar
7f0990056000-7f099052d000 rw-p 00000000 00:00 0 
7f099052d000-7f0990706000 r--s 03d3e000 08:07 538840                     /usr/lib/jvm/java-8-oracle/jre/lib/rt.jar
7f0990706000-7f0990b49000 rw-p 00000000 00:00 0 
7f0990b49000-7f0990b4a000 ---p 00000000 00:00 0 
7f0990b4a000-7f0990c4a000 rw-p 00000000 00:00 0 
7f0990c4a000-7f0990c4b000 ---p 00000000 00:00 0 
7f0990c4b000-7f0990d4b000 rw-p 00000000 00:00 0 
7f0990d4b000-7f0990d4c000 ---p 00000000 00:00 0 
7f0990d4c000-7f0990e4c000 rw-p 00000000 00:00 0 
7f0990e4c000-7f0990e4d000 ---p 00000000 00:00 0 
7f0990e4d000-7f0990f72000 rw-p 00000000 00:00 0 
7f0990f72000-7f09911d6000 ---p 00000000 00:00 0 
7f09911d6000-7f09911fb000 rw-p 00000000 00:00 0 
7f09911fb000-7f099145e000 ---p 00000000 00:00 0 
7f099145e000-7f09914d7000 rw-p 00000000 00:00 0 
7f09914d7000-7f09915a3000 ---p 00000000 00:00 0 
7f09915a3000-7f09915d9000 rw-p 00000000 00:00 0 
7f09915d9000-7f0991964000 ---p 00000000 00:00 0 
7f0991964000-7f099197e000 r-xp 00000000 08:07 538770                     /usr/lib/jvm/java-8-oracle/jre/lib/amd64/libzip.so
7f099197e000-7f0991b7e000 ---p 0001a000 08:07 538770                     /usr/lib/jvm/java-8-oracle/jre/lib/amd64/libzip.so
7f0991b7e000-7f0991b7f000 rw-p 0001a000 08:07 538770                     /usr/lib/jvm/java-8-oracle/jre/lib/amd64/libzip.so
7f0991b7f000-7f0991b89000 r-xp 00000000 08:07 2236035                    /lib/x86_64-linux-gnu/libnss_files-2.19.so
7f0991b89000-7f0991d88000 ---p 0000a000 08:07 2236035                    /lib/x86_64-linux-gnu/libnss_files-2.19.so
7f0991d88000-7f0991d89000 r--p 00009000 08:07 2236035                    /lib/x86_64-linux-gnu/libnss_files-2.19.so
7f0991d89000-7f0991d8a000 rw-p 0000a000 08:07 2236035                    /lib/x86_64-linux-gnu/libnss_files-2.19.so
7f0991d8a000-7f0991d95000 r-xp 00000000 08:07 2236020                    /lib/x86_64-linux-gnu/libnss_nis-2.19.so
7f0991d95000-7f0991f94000 ---p 0000b000 08:07 2236020                    /lib/x86_64-linux-gnu/libnss_nis-2.19.so
7f0991f94000-7f0991f95000 r--p 0000a000 08:07 2236020                    /lib/x86_64-linux-gnu/libnss_nis-2.19.so
7f0991f95000-7f0991f96000 rw-p 0000b000 08:07 2236020                    /lib/x86_64-linux-gnu/libnss_nis-2.19.so
7f0991f96000-7f0991fad000 r-xp 00000000 08:07 2236029                    /lib/x86_64-linux-gnu/libnsl-2.19.so
7f0991fad000-7f09921ac000 ---p 00017000 08:07 2236029                    /lib/x86_64-linux-gnu/libnsl-2.19.so
7f09921ac000-7f09921ad000 r--p 00016000 08:07 2236029                    /lib/x86_64-linux-gnu/libnsl-2.19.so
7f09921ad000-7f09921ae000 rw-p 00017000 08:07 2236029                    /lib/x86_64-linux-gnu/libnsl-2.19.so
7f09921ae000-7f09921b0000 rw-p 00000000 00:00 0 
7f09921b0000-7f09921b9000 r-xp 00000000 08:07 2236027                    /lib/x86_64-linux-gnu/libnss_compat-2.19.so
7f09921b9000-7f09923b8000 ---p 00009000 08:07 2236027                    /lib/x86_64-linux-gnu/libnss_compat-2.19.so
7f09923b8000-7f09923b9000 r--p 00008000 08:07 2236027                    /lib/x86_64-linux-gnu/libnss_compat-2.19.so
7f09923b9000-7f09923ba000 rw-p 00009000 08:07 2236027                    /lib/x86_64-linux-gnu/libnss_compat-2.19.so
7f09923ba000-7f09923e5000 r-xp 00000000 08:07 538784                     /usr/lib/jvm/java-8-oracle/jre/lib/amd64/libjava.so
7f09923e5000-7f09925e4000 ---p 0002b000 08:07 538784                     /usr/lib/jvm/java-8-oracle/jre/lib/amd64/libjava.so
7f09925e4000-7f09925e6000 rw-p 0002a000 08:07 538784                     /usr/lib/jvm/java-8-oracle/jre/lib/amd64/libjava.so
7f09925e6000-7f09925f3000 r-xp 00000000 08:07 538802                     /usr/lib/jvm/java-8-oracle/jre/lib/amd64/libverify.so
7f09925f3000-7f09927f2000 ---p 0000d000 08:07 538802                     /usr/lib/jvm/java-8-oracle/jre/lib/amd64/libverify.so
7f09927f2000-7f09927f4000 rw-p 0000c000 08:07 538802                     /usr/lib/jvm/java-8-oracle/jre/lib/amd64/libverify.so
7f09927f4000-7f09927fb000 r-xp 00000000 08:07 2236017                    /lib/x86_64-linux-gnu/librt-2.19.so
7f09927fb000-7f09929fa000 ---p 00007000 08:07 2236017                    /lib/x86_64-linux-gnu/librt-2.19.so
7f09929fa000-7f09929fb000 r--p 00006000 08:07 2236017                    /lib/x86_64-linux-gnu/librt-2.19.so
7f09929fb000-7f09929fc000 rw-p 00007000 08:07 2236017                    /lib/x86_64-linux-gnu/librt-2.19.so
7f09929fc000-7f0992b01000 r-xp 00000000 08:07 2236030                    /lib/x86_64-linux-gnu/libm-2.19.so
7f0992b01000-7f0992d00000 ---p 00105000 08:07 2236030                    /lib/x86_64-linux-gnu/libm-2.19.so
7f0992d00000-7f0992d01000 r--p 00104000 08:07 2236030                    /lib/x86_64-linux-gnu/libm-2.19.so
7f0992d01000-7f0992d02000 rw-p 00105000 08:07 2236030                    /lib/x86_64-linux-gnu/libm-2.19.so
7f0992d02000-7f09939d0000 r-xp 00000000 08:07 538790                     /usr/lib/jvm/java-8-oracle/jre/lib/amd64/server/libjvm.so
7f09939d0000-7f0993bd0000 ---p 00cce000 08:07 538790                     /usr/lib/jvm/java-8-oracle/jre/lib/amd64/server/libjvm.so
7f0993bd0000-7f0993ca9000 rw-p 00cce000 08:07 538790                     /usr/lib/jvm/java-8-oracle/jre/lib/amd64/server/libjvm.so
7f0993ca9000-7f0993cf4000 rw-p 00000000 00:00 0 
7f0993cf4000-7f0993eb2000 r-xp 00000000 08:07 2236026                    /lib/x86_64-linux-gnu/libc-2.19.so
7f0993eb2000-7f09940b1000 ---p 001be000 08:07 2236026                    /lib/x86_64-linux-gnu/libc-2.19.so
7f09940b1000-7f09940b5000 r--p 001bd000 08:07 2236026                    /lib/x86_64-linux-gnu/libc-2.19.so
7f09940b5000-7f09940b7000 rw-p 001c1000 08:07 2236026                    /lib/x86_64-linux-gnu/libc-2.19.so
7f09940b7000-7f09940bc000 rw-p 00000000 00:00 0 
7f09940bc000-7f09940bf000 r-xp 00000000 08:07 2236036                    /lib/x86_64-linux-gnu/libdl-2.19.so
7f09940bf000-7f09942be000 ---p 00003000 08:07 2236036                    /lib/x86_64-linux-gnu/libdl-2.19.so
7f09942be000-7f09942bf000 r--p 00002000 08:07 2236036                    /lib/x86_64-linux-gnu/libdl-2.19.so
7f09942bf000-7f09942c0000 rw-p 00003000 08:07 2236036                    /lib/x86_64-linux-gnu/libdl-2.19.so
7f09942c0000-7f09942d5000 r-xp 00000000 08:07 536993                     /usr/lib/jvm/java-8-oracle/lib/amd64/jli/libjli.so
7f09942d5000-7f09944d5000 ---p 00015000 08:07 536993                     /usr/lib/jvm/java-8-oracle/lib/amd64/jli/libjli.so
7f09944d5000-7f09944d6000 rw-p 00015000 08:07 536993                     /usr/lib/jvm/java-8-oracle/lib/amd64/jli/libjli.so
7f09944d6000-7f09944ef000 r-xp 00000000 08:07 2236037                    /lib/x86_64-linux-gnu/libpthread-2.19.so
7f09944ef000-7f09946ee000 ---p 00019000 08:07 2236037                    /lib/x86_64-linux-gnu/libpthread-2.19.so
7f09946ee000-7f09946ef000 r--p 00018000 08:07 2236037                    /lib/x86_64-linux-gnu/libpthread-2.19.so
7f09946ef000-7f09946f0000 rw-p 00019000 08:07 2236037                    /lib/x86_64-linux-gnu/libpthread-2.19.so
7f09946f0000-7f09946f4000 rw-p 00000000 00:00 0 
7f09946f4000-7f0994717000 r-xp 00000000 08:07 2236034                    /lib/x86_64-linux-gnu/ld-2.19.so
7f0994717000-7f0994718000 r--s 00000000 08:07 3700422                    /home/maulana/.gradle/wrapper/dists/gradle-2.14.1-all/8bnwg5hd3w55iofp58khbp6yv/gradle-2.14.1/lib/jcip-annotations-1.0.jar
7f0994718000-7f0994719000 r--s 00001000 08:07 3700414                    /home/maulana/.gradle/wrapper/dists/gradle-2.14.1-all/8bnwg5hd3w55iofp58khbp6yv/gradle-2.14.1/lib/gradle-process-services-2.14.1.jar
7f0994719000-7f099471a000 r--s 00000000 08:07 3700405                    /home/maulana/.gradle/wrapper/dists/gradle-2.14.1-all/8bnwg5hd3w55iofp58khbp6yv/gradle-2.14.1/lib/gradle-jvm-services-2.14.1.jar
7f099471a000-7f099471f000 r--s 00041000 08:07 3700413                    /home/maulana/.gradle/wrapper/dists/gradle-2.14.1-all/8bnwg5hd3w55iofp58khbp6yv/gradle-2.14.1/lib/commons-lang-2.6.jar
7f099471f000-7f099472a000 r--s 00051000 08:07 3700401                    /home/maulana/.gradle/wrapper/dists/gradle-2.14.1-all/8bnwg5hd3w55iofp58khbp6yv/gradle-2.14.1/lib/gradle-launcher-2.14.1.jar
7f099472a000-7f09947f5000 rw-p 00000000 00:00 0 
7f09947f5000-7f09947f8000 ---p 00000000 00:00 0 
7f09947f8000-7f09948fa000 rw-p 00000000 00:00 0 
7f09948fa000-7f09948fb000 r--s 00007000 08:07 3700411                    /home/maulana/.gradle/wrapper/dists/gradle-2.14.1-all/8bnwg5hd3w55iofp58khbp6yv/gradle-2.14.1/lib/slf4j-api-1.7.10.jar
7f09948fb000-7f09948fc000 r--s 00004000 08:07 3700435                    /home/maulana/.gradle/wrapper/dists/gradle-2.14.1-all/8bnwg5hd3w55iofp58khbp6yv/gradle-2.14.1/lib/ant-launcher-1.9.6.jar
7f09948fc000-7f0994904000 r--s 0003a000 08:07 3700404                    /home/maulana/.gradle/wrapper/dists/gradle-2.14.1-all/8bnwg5hd3w55iofp58khbp6yv/gradle-2.14.1/lib/gradle-base-services-2.14.1.jar
7f0994904000-7f0994908000 r--s 0009a000 08:07 538644                     /usr/lib/jvm/java-8-oracle/jre/lib/jsse.jar
7f0994908000-7f099490a000 r--s 0000b000 08:07 4465251                    /home/maulana/Desktop/react-native/Pix/android/gradle/wrapper/gradle-wrapper.jar
7f099490a000-7f0994912000 rw-s 00000000 08:07 2102202                    /tmp/hsperfdata_maulana/4310
7f0994912000-7f0994913000 rw-p 00000000 00:00 0 
7f0994913000-7f0994914000 r--p 00000000 00:00 0 
7f0994914000-7f0994916000 rw-p 00000000 00:00 0 
7f0994916000-7f0994917000 r--p 00022000 08:07 2236034                    /lib/x86_64-linux-gnu/ld-2.19.so
7f0994917000-7f0994918000 rw-p 00023000 08:07 2236034                    /lib/x86_64-linux-gnu/ld-2.19.so
7f0994918000-7f0994919000 rw-p 00000000 00:00 0 
7ffc62b36000-7ffc62b58000 rw-p 00000000 00:00 0                          [stack]
7ffc62bfb000-7ffc62bfd000 r--p 00000000 00:00 0                          [vvar]
7ffc62bfd000-7ffc62bff000 r-xp 00000000 00:00 0                          [vdso]
ffffffffff600000-ffffffffff601000 r-xp 00000000 00:00 0                  [vsyscall]

VM Arguments:
jvm_args: -Dorg.gradle.appname=gradlew 
java_command: org.gradle.wrapper.GradleWrapperMain installDebug
java_class_path (initial): /home/maulana/Desktop/react-native/Pix/android/gradle/wrapper/gradle-wrapper.jar
Launcher Type: SUN_STANDARD

Environment Variables:
JAVA_HOME=/usr/lib/jvm/java-8-oracle/
PATH=/usr/local/heroku/bin:/usr/local/heroku/bin:/usr/local/sbin:/usr/local/bin:/usr/sbin:/usr/bin:/sbin:/bin:/usr/games:/usr/local/games:/usr/lib/jvm/java-8-oracle/bin:/usr/lib/jvm/java-8-oracle/db/bin:/usr/lib/jvm/java-8-oracle/jre/bin:/home/maulana/bin:/usr/lib/jvm/java-8-oracle//bin:/home/maulana/Android/Sdk/tools:/home/maulana/Android/Sdk/platform-tools:/usr/lib/jvm/java-8-oracle/bin:/usr/lib/jvm/java-8-oracle/db/bin:/usr/lib/jvm/java-8-oracle/jre/bin:/home/maulana/bin:/usr/lib/jvm/java-8-oracle//bin:/home/maulana/Android/Sdk/tools:/home/maulana/Android/Sdk/platform-tools
SHELL=/bin/bash
DISPLAY=:0

Signal Handlers:
SIGSEGV: [libjvm.so+0xac78c0], sa_mask[0]=11111111011111111101111111111110, sa_flags=SA_RESTART|SA_SIGINFO
SIGBUS: [libjvm.so+0xac78c0], sa_mask[0]=11111111011111111101111111111110, sa_flags=SA_RESTART|SA_SIGINFO
SIGFPE: [libjvm.so+0x920ac0], sa_mask[0]=11111111011111111101111111111110, sa_flags=SA_RESTART|SA_SIGINFO
SIGPIPE: [libjvm.so+0x920ac0], sa_mask[0]=11111111011111111101111111111110, sa_flags=SA_RESTART|SA_SIGINFO
SIGXFSZ: [libjvm.so+0x920ac0], sa_mask[0]=11111111011111111101111111111110, sa_flags=SA_RESTART|SA_SIGINFO
SIGILL: [libjvm.so+0x920ac0], sa_mask[0]=11111111011111111101111111111110, sa_flags=SA_RESTART|SA_SIGINFO
SIGUSR1: SIG_DFL, sa_mask[0]=00000000000000000000000000000000, sa_flags=none
SIGUSR2: [libjvm.so+0x922300], sa_mask[0]=00000000000000000000000000000000, sa_flags=SA_RESTART|SA_SIGINFO
SIGHUP: [libjvm.so+0x923700], sa_mask[0]=11111111011111111101111111111110, sa_flags=SA_RESTART|SA_SIGINFO
SIGINT: [libjvm.so+0x923700], sa_mask[0]=11111111011111111101111111111110, sa_flags=SA_RESTART|SA_SIGINFO
SIGTERM: [libjvm.so+0x923700], sa_mask[0]=11111111011111111101111111111110, sa_flags=SA_RESTART|SA_SIGINFO
SIGQUIT: [libjvm.so+0x923700], sa_mask[0]=11111111011111111101111111111110, sa_flags=SA_RESTART|SA_SIGINFO


---------------  S Y S T E M  ---------------

OS:DISTRIB_ID=Ubuntu
DISTRIB_RELEASE=14.04
DISTRIB_CODENAME=trusty
DISTRIB_DESCRIPTION="Ubuntu 14.04.5 LTS"

uname:Linux 4.4.0-75-generic #96~14.04.1-Ubuntu SMP Thu Apr 20 11:06:30 UTC 2017 x86_64
libc:glibc 2.19 NPTL 2.19 
rlimit: STACK 8192k, CORE 0k, NPROC 31019, NOFILE 4096, AS infinity
load average:1,03 1,50 0,87

/proc/meminfo:
MemTotal:        7966412 kB
MemFree:          140280 kB
MemAvailable:    1665544 kB
Buffers:          503120 kB
Cached:          1907484 kB
SwapCached:          224 kB
Active:          5511932 kB
Inactive:        2045288 kB
Active(anon):    4622932 kB
Inactive(anon):  1231752 kB
Active(file):     889000 kB
Inactive(file):   813536 kB
Unevictable:         128 kB
Mlocked:             128 kB
SwapTotal:      10741756 kB
SwapFree:       10741048 kB
Dirty:              8044 kB
Writeback:             0 kB
AnonPages:       5146596 kB
Mapped:           568664 kB
Shmem:            708220 kB
Slab:             127956 kB
SReclaimable:      87412 kB
SUnreclaim:        40544 kB
KernelStack:       14160 kB
PageTables:        60500 kB
NFS_Unstable:          0 kB
Bounce:                0 kB
WritebackTmp:          0 kB
CommitLimit:    14724960 kB
Committed_AS:   13183796 kB
VmallocTotal:   34359738367 kB
VmallocUsed:           0 kB
VmallocChunk:          0 kB
HardwareCorrupted:     0 kB
AnonHugePages:   2408448 kB
CmaTotal:              0 kB
CmaFree:               0 kB
HugePages_Total:       0
HugePages_Free:        0
HugePages_Rsvd:        0
HugePages_Surp:        0
Hugepagesize:       2048 kB
DirectMap4k:      147512 kB
DirectMap2M:     8032256 kB


CPU:total 4 (2 cores per cpu, 2 threads per core) family 6 model 37 stepping 5, cmov, cx8, fxsr, mmx, sse, sse2, sse3, ssse3, sse4.1, sse4.2, popcnt, aes, clmul, ht, tsc, tscinvbit

/proc/cpuinfo:
processor	: 0
vendor_id	: GenuineIntel
cpu family	: 6
model		: 37
model name	: Intel(R) Core(TM) i5 CPU       M 520  @ 2.40GHz
stepping	: 5
microcode	: 0x2
cpu MHz		: 1199.000
cache size	: 3072 KB
physical id	: 0
siblings	: 4
core id		: 0
cpu cores	: 2
apicid		: 0
initial apicid	: 0
fpu		: yes
fpu_exception	: yes
cpuid level	: 11
wp		: yes
flags		: fpu vme de pse tsc msr pae mce cx8 apic sep mtrr pge mca cmov pat pse36 clflush dts acpi mmx fxsr sse sse2 ss ht tm pbe syscall nx rdtscp lm constant_tsc arch_perfmon pebs bts rep_good nopl xtopology nonstop_tsc aperfmperf pni pclmulqdq dtes64 monitor ds_cpl vmx smx est tm2 ssse3 cx16 xtpr pdcm pcid sse4_1 sse4_2 popcnt aes lahf_lm tpr_shadow vnmi flexpriority ept vpid dtherm ida arat
bugs		:
bogomips	: 4787.94
clflush size	: 64
cache_alignment	: 64
address sizes	: 36 bits physical, 48 bits virtual
power management:

processor	: 1
vendor_id	: GenuineIntel
cpu family	: 6
model		: 37
model name	: Intel(R) Core(TM) i5 CPU       M 520  @ 2.40GHz
stepping	: 5
microcode	: 0x2
cpu MHz		: 1199.000
cache size	: 3072 KB
physical id	: 0
siblings	: 4
core id		: 0
cpu cores	: 2
apicid		: 1
initial apicid	: 1
fpu		: yes
fpu_exception	: yes
cpuid level	: 11
wp		: yes
flags		: fpu vme de pse tsc msr pae mce cx8 apic sep mtrr pge mca cmov pat pse36 clflush dts acpi mmx fxsr sse sse2 ss ht tm pbe syscall nx rdtscp lm constant_tsc arch_perfmon pebs bts rep_good nopl xtopology nonstop_tsc aperfmperf pni pclmulqdq dtes64 monitor ds_cpl vmx smx est tm2 ssse3 cx16 xtpr pdcm pcid sse4_1 sse4_2 popcnt aes lahf_lm tpr_shadow vnmi flexpriority ept vpid dtherm ida arat
bugs		:
bogomips	: 4787.94
clflush size	: 64
cache_alignment	: 64
address sizes	: 36 bits physical, 48 bits virtual
power management:

processor	: 2
vendor_id	: GenuineIntel
cpu family	: 6
model		: 37
model name	: Intel(R) Core(TM) i5 CPU       M 520  @ 2.40GHz
stepping	: 5
microcode	: 0x2
cpu MHz		: 1199.000
cache size	: 3072 KB
physical id	: 0
siblings	: 4
core id		: 2
cpu cores	: 2
apicid		: 4
initial apicid	: 4
fpu		: yes
fpu_exception	: yes
cpuid level	: 11
wp		: yes
flags		: fpu vme de pse tsc msr pae mce cx8 apic sep mtrr pge mca cmov pat pse36 clflush dts acpi mmx fxsr sse sse2 ss ht tm pbe syscall nx rdtscp lm constant_tsc arch_perfmon pebs bts rep_good nopl xtopology nonstop_tsc aperfmperf pni pclmulqdq dtes64 monitor ds_cpl vmx smx est tm2 ssse3 cx16 xtpr pdcm pcid sse4_1 sse4_2 popcnt aes lahf_lm tpr_shadow vnmi flexpriority ept vpid dtherm ida arat
bugs		:
bogomips	: 4787.94
clflush size	: 64
cache_alignment	: 64
address sizes	: 36 bits physical, 48 bits virtual
power management:

processor	: 3
vendor_id	: GenuineIntel
cpu family	: 6
model		: 37
model name	: Intel(R) Core(TM) i5 CPU       M 520  @ 2.40GHz
stepping	: 5
microcode	: 0x2
cpu MHz		: 1199.000
cache size	: 3072 KB
physical id	: 0
siblings	: 4
core id		: 2
cpu cores	: 2
apicid		: 5
initial apicid	: 5
fpu		: yes
fpu_exception	: yes
cpuid level	: 11
wp		: yes
flags		: fpu vme de pse tsc msr pae mce cx8 apic sep mtrr pge mca cmov pat pse36 clflush dts acpi mmx fxsr sse sse2 ss ht tm pbe syscall nx rdtscp lm constant_tsc arch_perfmon pebs bts rep_good nopl xtopology nonstop_tsc aperfmperf pni pclmulqdq dtes64 monitor ds_cpl vmx smx est tm2 ssse3 cx16 xtpr pdcm pcid sse4_1 sse4_2 popcnt aes lahf_lm tpr_shadow vnmi flexpriority ept vpid dtherm ida arat
bugs		:
bogomips	: 4787.94
clflush size	: 64
cache_alignment	: 64
address sizes	: 36 bits physical, 48 bits virtual
power management:



Memory: 4k page, physical 7966412k(140280k free), swap 10741756k(10741048k free)

vm_info: Java HotSpot(TM) 64-Bit Server VM (25.121-b13) for linux-amd64 JRE (1.8.0_121-b13), built on Dec 12 2016 16:36:53 by "java_re" with gcc 4.3.0 20080428 (Red Hat 4.3.0-8)

time: Sat May  6 17:53:42 2017
elapsed time: 25 seconds (0d 0h 0m 25s)

