#
# A fatal error has been detected by the Java Runtime Environment:
#
#  SIGSEGV (0xb) at pc=0x00007f4069c832c5, pid=7710, tid=0x00007f404698e700
#
# JRE version: Java(TM) SE Runtime Environment (8.0_121-b13) (build 1.8.0_121-b13)
# Java VM: Java HotSpot(TM) 64-Bit Server VM (25.121-b13 mixed mode linux-amd64 compressed oops)
# Problematic frame:
# V  [libjvm.so+0x6532c5]  InstanceKlass::clean_weak_instanceklass_links(BoolObjectClosure*)+0x45
#
# Failed to write core dump. Core dumps have been disabled. To enable core dumping, try "ulimit -c unlimited" before starting Java again
#
# If you would like to submit a bug report, please visit:
#   http://bugreport.java.com/bugreport/crash.jsp
#

---------------  T H R E A D  ---------------

Current thread (0x00007f4064077800):  VMThread [stack: 0x00007f404688e000,0x00007f404698f000] [id=7722]

siginfo: si_signo: 11 (SIGSEGV), si_code: 1 (SEGV_MAPERR), si_addr: 0x00007f411b611908

Registers:
RAX=0x00007f411b6118f8, RBX=0x0000000000000006, RCX=0x0000000000000035, RDX=0x00007f401b611848
RSP=0x00007f404698d430, RBP=0x00007f404698d450, RSI=0x00007f406a5f4d40, RDI=0x0000000000000000
R8 =0x0000000000000002, R9 =0x00007f4034000078, R10=0x0000000000000009, R11=0x0000000000000000
R12=0x00007f406a5f4d40, R13=0x000000010027eb10, R14=0x0000000000000001, R15=0x00007f404698d460
RIP=0x00007f4069c832c5, EFLAGS=0x0000000000010293, CSGSFS=0x0000000000000033, ERR=0x0000000000000004
  TRAPNO=0x000000000000000e

Top of Stack: (sp=0x00007f404698d430)
0x00007f404698d430:   00007f4000000000 000000010027e7a8
0x00007f404698d440:   000000010027eb10 00007f406a5f4d40
0x00007f404698d450:   00007f404698d4e0 00007f4069dfbc7e
0x00007f404698d460:   00007f406a592430 00000000000001fe
0x00007f404698d470:   ffffffffffffff00 0000000000000004
0x00007f404698d480:   0000000000000133 0000000000000000
0x00007f404698d490:   0000000000000000 00007f4034000b10
0x00007f404698d4a0:   0000000000000000 00007f404698d600
0x00007f404698d4b0:   00007f404698d4e0 00007f404698d658
0x00007f404698d4c0:   00007f404698d65c 00007f404698d540
0x00007f404698d4d0:   0000000000000004 00007f404698d600
0x00007f404698d4e0:   00007f404698d690 00007f4069fb5fb1
0x00007f404698d4f0:   00007f406a5f4b60 0000000000000009
0x00007f404698d500:   00007f404698d650 00007f404698d5a0
0x00007f404698d510:   00007f404698d5d0 00007f406a5f4be0
0x00007f404698d520:   0000000000000000 00000000000003a0
0x00007f404698d530:   000000000000005b 0000000000000000
0x00007f404698d540:   00007f406a14a1c1 00007f406a720100
0x00007f404698d550:   00007f406a5f4b60 0000000300324b18
0x00007f404698d560:   000000072ce300af 000000000e0ddf27
0x00007f404698d570:   00007f406a1827b6 00007f4046980100
0x00007f404698d580:   00007f406a5f4b60 00000003002f86f0
0x00007f404698d590:   000000072cdc615e 00007f4064017b50
0x00007f404698d5a0:   0000000000000000 00000000000003a0
0x00007f404698d5b0:   000000000000005b 0000000000000000
0x00007f404698d5c0:   0000000727fb52dd 000000000e0e0c31
0x00007f404698d5d0:   00007f406a18279f 00007f4069fb0100
0x00007f404698d5e0:   00007f406a5f4b60 00000002fe2566ee
0x00007f404698d5f0:   0000000727fa6994 0000000194de01ec
0x00007f404698d600:   00007f406a59ab70 0000000000000004
0x00007f404698d610:   00007f4064074440 00007f4000000004
0x00007f404698d620:   00007f406a5985d0 0000000000000000 

Instructions: (pc=0x00007f4069c832c5)
0x00007f4069c832a5:   00 0f 85 ac 00 00 00 49 8b 95 80 01 00 00 44 8b
0x00007f4069c832b5:   12 45 85 d2 7e 29 31 db 48 63 c3 48 8b 44 c2 08
0x00007f4069c832c5:   48 8b 78 10 48 85 ff 74 0f 4c 89 e6 e8 ba f2 26
0x00007f4069c832d5:   00 49 8b 95 80 01 00 00 83 c3 01 3b 1a 7c d9 41 

Register to memory mapping:

RAX=0x00007f411b6118f8 is an unknown value
RBX=0x0000000000000006 is an unknown value
RCX=0x0000000000000035 is an unknown value
RDX=0x00007f401b611848 is pointing into metadata
RSP=0x00007f404698d430 is an unknown value
RBP=0x00007f404698d450 is an unknown value
RSI=0x00007f406a5f4d40: <offset 0xfc4d40> in /usr/lib/jvm/java-8-oracle/jre/lib/amd64/server/libjvm.so at 0x00007f4069630000
RDI=0x0000000000000000 is an unknown value
R8 =0x0000000000000002 is an unknown value
R9 =0x00007f4034000078 is an unknown value
R10=0x0000000000000009 is an unknown value
R11=0x0000000000000000 is an unknown value
R12=0x00007f406a5f4d40: <offset 0xfc4d40> in /usr/lib/jvm/java-8-oracle/jre/lib/amd64/server/libjvm.so at 0x00007f4069630000
R13=0x000000010027eb10 is pointing into metadata
R14=0x0000000000000001 is an unknown value
R15=0x00007f404698d460 is an unknown value


Stack: [0x00007f404688e000,0x00007f404698f000],  sp=0x00007f404698d430,  free space=1021k
Native frames: (J=compiled Java code, j=interpreted, Vv=VM code, C=native code)
V  [libjvm.so+0x6532c5]  InstanceKlass::clean_weak_instanceklass_links(BoolObjectClosure*)+0x45
V  [libjvm.so+0x7cbc7e]  Klass::clean_weak_klass_links(BoolObjectClosure*, bool)+0x18e
V  [libjvm.so+0x985fb1]  PSParallelCompact::marking_phase(ParCompactionManager*, bool, ParallelOldTracer*)+0x4e1
V  [libjvm.so+0x98b14e]  PSParallelCompact::invoke_no_policy(bool)+0x40e
V  [libjvm.so+0x98b9c3]  PSParallelCompact::invoke(bool)+0x63
V  [libjvm.so+0x4832d4]  CollectedHeap::collect_as_vm_thread(GCCause::Cause)+0x114
V  [libjvm.so+0xac84b1]  VM_CollectForMetadataAllocation::doit()+0x161
V  [libjvm.so+0xad0535]  VM_Operation::evaluate()+0x55
V  [libjvm.so+0xace90a]  VMThread::evaluate_operation(VM_Operation*)+0xba
V  [libjvm.so+0xacec8e]  VMThread::loop()+0x1ce
V  [libjvm.so+0xacf100]  VMThread::run()+0x70
V  [libjvm.so+0x926268]  java_start(Thread*)+0x108

VM_Operation (0x00007f4045ca3aa0): CollectForMetadataAllocation, mode: safepoint, requested by thread 0x00007f40640be000


---------------  P R O C E S S  ---------------

Java Threads: ( => current thread )
  0x00007f406599d000 JavaThread "File lock request listener" [_thread_in_native, id=7734, stack(0x00007f401b1fe000,0x00007f401b2ff000)]
  0x00007f40657bc800 JavaThread "process reaper" daemon [_thread_blocked, id=7733, stack(0x00007f4044019000,0x00007f4044052000)]
  0x00007f4065029000 JavaThread "pool-1-thread-1" [_thread_blocked, id=7731, stack(0x00007f401b8ff000,0x00007f401ba00000)]
  0x00007f40640c9000 JavaThread "Service Thread" daemon [_thread_blocked, id=7729, stack(0x00007f4045aa4000,0x00007f4045ba5000)]
  0x00007f40640be000 JavaThread "C1 CompilerThread2" daemon [_thread_blocked, id=7728, stack(0x00007f4045ba5000,0x00007f4045ca6000)]
  0x00007f40640bc000 JavaThread "C2 CompilerThread1" daemon [_thread_blocked, id=7727, stack(0x00007f4045ca6000,0x00007f4045da7000)]
  0x00007f40640b9000 JavaThread "C2 CompilerThread0" daemon [_thread_in_native, id=7726, stack(0x00007f4045da7000,0x00007f4045ea8000)]
  0x00007f40640b7800 JavaThread "Signal Dispatcher" daemon [_thread_blocked, id=7725, stack(0x00007f4045ea8000,0x00007f4045fa9000)]
  0x00007f4064084000 JavaThread "Finalizer" daemon [_thread_blocked, id=7724, stack(0x00007f404668c000,0x00007f404678d000)]
  0x00007f406407f000 JavaThread "Reference Handler" daemon [_thread_blocked, id=7723, stack(0x00007f404678d000,0x00007f404688e000)]
  0x00007f4064009800 JavaThread "main" [_thread_blocked, id=7717, stack(0x00007f406b123000,0x00007f406b224000)]

Other Threads:
=>0x00007f4064077800 VMThread [stack: 0x00007f404688e000,0x00007f404698f000] [id=7722]
  0x00007f40640cc000 WatcherThread [stack: 0x00007f40459a3000,0x00007f4045aa4000] [id=7730]

VM state:at safepoint (normal execution)

VM Mutex/Monitor currently owned by a thread:  ([mutex/lock_event])
[0x00007f4064005f50] Threads_lock - owner thread: 0x00007f4064077800
[0x00007f4064006450] Heap_lock - owner thread: 0x00007f40640be000
[0x00007f40640069d0] MethodData_lock - owner thread: 0x00007f40640be000

Heap:
 PSYoungGen      total 210432K, used 12059K [0x00000000d7780000, 0x00000000e6780000, 0x0000000100000000)
  eden space 198144K, 0% used [0x00000000d7780000,0x00000000d7780000,0x00000000e3900000)
  from space 12288K, 98% used [0x00000000e4680000,0x00000000e5246c10,0x00000000e5280000)
  to   space 13824K, 0% used [0x00000000e3900000,0x00000000e3900000,0x00000000e4680000)
 ParOldGen       total 52224K, used 12975K [0x0000000086600000, 0x0000000089900000, 0x00000000d7780000)
  object space 52224K, 24% used [0x0000000086600000,0x00000000872abdb0,0x0000000089900000)
 Metaspace       used 34577K, capacity 35186K, committed 35456K, reserved 1079296K
  class space    used 4740K, capacity 4936K, committed 4992K, reserved 1048576K

Card table byte_map: [0x00007f4054872000,0x00007f4054c40000] byte_map_base: 0x00007f405443f000

Marking Bits: (ParMarkBitMap*) 0x00007f406a5f4c80
 Begin Bits: [0x00007f404c330000, 0x00007f404e198000)
 End Bits:   [0x00007f404e198000, 0x00007f4050000000)

Polling page: 0x00007f406b241000

CodeCache: size=245760Kb used=12321Kb max_used=12321Kb free=233438Kb
 bounds [0x00007f4055000000, 0x00007f4055c20000, 0x00007f4064000000]
 total_blobs=4005 nmethods=3343 adapters=576
 compilation: enabled

Compilation events (10 events):
Event: 12,798 Thread 0x00007f40640be000 nmethod 3403 0x00007f4055c08350 code [0x00007f4055c084c0, 0x00007f4055c08628]
Event: 12,798 Thread 0x00007f40640be000 3404       3       org.gradle.api.internal.project.taskfactory.AnnotationProcessingTaskFactory::isGetter (71 bytes)
Event: 12,799 Thread 0x00007f40640be000 nmethod 3404 0x00007f4055c0e950 code [0x00007f4055c0eb40, 0x00007f4055c0f8c8]
Event: 12,799 Thread 0x00007f40640be000 3405       1       org.gradle.api.internal.project.taskfactory.OutputFilePropertyAnnotationHandler::getAnnotationType (5 bytes)
Event: 12,799 Thread 0x00007f40640be000 nmethod 3405 0x00007f4055c0fb90 code [0x00007f4055c0fce0, 0x00007f4055c0fdf0]
Event: 12,799 Thread 0x00007f40640be000 3406       1       org.gradle.api.internal.project.taskfactory.OutputDirectoryPropertyAnnotationHandler::getAnnotationType (5 bytes)
Event: 12,799 Thread 0x00007f40640be000 nmethod 3406 0x00007f4055c0fe50 code [0x00007f4055c0ffa0, 0x00007f4055c100b0]
Event: 12,805 Thread 0x00007f40640be000 3408       3       java.beans.ThreadGroupContext::getContext (16 bytes)
Event: 12,805 Thread 0x00007f40640be000 nmethod 3408 0x00007f4055c10110 code [0x00007f4055c10280, 0x00007f4055c10608]
Event: 12,805 Thread 0x00007f40640be000 3409   !   3       java.beans.WeakIdentityMap::get (278 bytes)

GC Heap History (10 events):
Event: 5,987 GC heap after
Heap after GC invocations=5 (full 0):
 PSYoungGen      total 67584K, used 5104K [0x00000000d7780000, 0x00000000e0580000, 0x0000000100000000)
  eden space 62464K, 0% used [0x00000000d7780000,0x00000000d7780000,0x00000000db480000)
  from space 5120K, 99% used [0x00000000db480000,0x00000000db97c040,0x00000000db980000)
  to   space 10240K, 0% used [0x00000000dfb80000,0x00000000dfb80000,0x00000000e0580000)
 ParOldGen       total 83456K, used 9007K [0x0000000086600000, 0x000000008b780000, 0x00000000d7780000)
  object space 83456K, 10% used [0x0000000086600000,0x0000000086ecbc30,0x000000008b780000)
 Metaspace       used 20903K, capacity 21160K, committed 21296K, reserved 1067008K
  class space    used 2872K, capacity 2933K, committed 2944K, reserved 1048576K
}
Event: 5,987 GC heap before
{Heap before GC invocations=6 (full 1):
 PSYoungGen      total 67584K, used 5104K [0x00000000d7780000, 0x00000000e0580000, 0x0000000100000000)
  eden space 62464K, 0% used [0x00000000d7780000,0x00000000d7780000,0x00000000db480000)
  from space 5120K, 99% used [0x00000000db480000,0x00000000db97c040,0x00000000db980000)
  to   space 10240K, 0% used [0x00000000dfb80000,0x00000000dfb80000,0x00000000e0580000)
 ParOldGen       total 83456K, used 9007K [0x0000000086600000, 0x000000008b780000, 0x00000000d7780000)
  object space 83456K, 10% used [0x0000000086600000,0x0000000086ecbc30,0x000000008b780000)
 Metaspace       used 20903K, capacity 21160K, committed 21296K, reserved 1067008K
  class space    used 2872K, capacity 2933K, committed 2944K, reserved 1048576K
Event: 6,061 GC heap after
Heap after GC invocations=6 (full 1):
 PSYoungGen      total 67584K, used 0K [0x00000000d7780000, 0x00000000e0580000, 0x0000000100000000)
  eden space 62464K, 0% used [0x00000000d7780000,0x00000000d7780000,0x00000000db480000)
  from space 5120K, 0% used [0x00000000db480000,0x00000000db480000,0x00000000db980000)
  to   space 10240K, 0% used [0x00000000dfb80000,0x00000000dfb80000,0x00000000e0580000)
 ParOldGen       total 52224K, used 10408K [0x0000000086600000, 0x0000000089900000, 0x00000000d7780000)
  object space 52224K, 19% used [0x0000000086600000,0x000000008702a3d8,0x0000000089900000)
 Metaspace       used 20903K, capacity 21160K, committed 21296K, reserved 1067008K
  class space    used 2872K, capacity 2933K, committed 2944K, reserved 1048576K
}
Event: 8,028 GC heap before
{Heap before GC invocations=7 (full 1):
 PSYoungGen      total 67584K, used 62464K [0x00000000d7780000, 0x00000000e0580000, 0x0000000100000000)
  eden space 62464K, 100% used [0x00000000d7780000,0x00000000db480000,0x00000000db480000)
  from space 5120K, 0% used [0x00000000db480000,0x00000000db480000,0x00000000db980000)
  to   space 10240K, 0% used [0x00000000dfb80000,0x00000000dfb80000,0x00000000e0580000)
 ParOldGen       total 52224K, used 10408K [0x0000000086600000, 0x0000000089900000, 0x00000000d7780000)
  object space 52224K, 19% used [0x0000000086600000,0x000000008702a3d8,0x0000000089900000)
 Metaspace       used 26368K, capacity 26850K, committed 27264K, reserved 1073152K
  class space    used 3689K, capacity 3867K, committed 3968K, reserved 1048576K
Event: 8,057 GC heap after
Heap after GC invocations=7 (full 1):
 PSYoungGen      total 118784K, used 6045K [0x00000000d7780000, 0x00000000e0180000, 0x0000000100000000)
  eden space 112640K, 0% used [0x00000000d7780000,0x00000000d7780000,0x00000000de580000)
  from space 6144K, 98% used [0x00000000dfb80000,0x00000000e01676d8,0x00000000e0180000)
  to   space 9728K, 0% used [0x00000000dee80000,0x00000000dee80000,0x00000000df800000)
 ParOldGen       total 52224K, used 10480K [0x0000000086600000, 0x0000000089900000, 0x00000000d7780000)
  object space 52224K, 20% used [0x0000000086600000,0x000000008703c3e8,0x0000000089900000)
 Metaspace       used 26368K, capacity 26850K, committed 27264K, reserved 1073152K
  class space    used 3689K, capacity 3867K, committed 3968K, reserved 1048576K
}
Event: 11,995 GC heap before
{Heap before GC invocations=8 (full 1):
 PSYoungGen      total 118784K, used 118685K [0x00000000d7780000, 0x00000000e0180000, 0x0000000100000000)
  eden space 112640K, 100% used [0x00000000d7780000,0x00000000de580000,0x00000000de580000)
  from space 6144K, 98% used [0x00000000dfb80000,0x00000000e01676d8,0x00000000e0180000)
  to   space 9728K, 0% used [0x00000000dee80000,0x00000000dee80000,0x00000000df800000)
 ParOldGen       total 52224K, used 10480K [0x0000000086600000, 0x0000000089900000, 0x00000000d7780000)
  object space 52224K, 20% used [0x0000000086600000,0x000000008703c3e8,0x0000000089900000)
 Metaspace       used 33831K, capacity 34392K, committed 34816K, reserved 1079296K
  class space    used 4616K, capacity 4779K, committed 4864K, reserved 1048576K
Event: 12,069 GC heap after
Heap after GC invocations=8 (full 1):
 PSYoungGen      total 131584K, used 9726K [0x00000000d7780000, 0x00000000e5280000, 0x0000000100000000)
  eden space 121856K, 0% used [0x00000000d7780000,0x00000000d7780000,0x00000000dee80000)
  from space 9728K, 99% used [0x00000000dee80000,0x00000000df7ffbc8,0x00000000df800000)
  to   space 12288K, 0% used [0x00000000e4680000,0x00000000e4680000,0x00000000e5280000)
 ParOldGen       total 52224K, used 12967K [0x0000000086600000, 0x0000000089900000, 0x00000000d7780000)
  object space 52224K, 24% used [0x0000000086600000,0x00000000872a9db0,0x0000000089900000)
 Metaspace       used 33831K, capacity 34392K, committed 34816K, reserved 1079296K
  class space    used 4616K, capacity 4779K, committed 4864K, reserved 1048576K
}
Event: 12,806 GC heap before
{Heap before GC invocations=9 (full 1):
 PSYoungGen      total 131584K, used 46281K [0x00000000d7780000, 0x00000000e5280000, 0x0000000100000000)
  eden space 121856K, 29% used [0x00000000d7780000,0x00000000d9b32848,0x00000000dee80000)
  from space 9728K, 99% used [0x00000000dee80000,0x00000000df7ffbc8,0x00000000df800000)
  to   space 12288K, 0% used [0x00000000e4680000,0x00000000e4680000,0x00000000e5280000)
 ParOldGen       total 52224K, used 12967K [0x0000000086600000, 0x0000000089900000, 0x00000000d7780000)
  object space 52224K, 24% used [0x0000000086600000,0x00000000872a9db0,0x0000000089900000)
 Metaspace       used 34577K, capacity 35186K, committed 35456K, reserved 1079296K
  class space    used 4740K, capacity 4936K, committed 4992K, reserved 1048576K
Event: 12,854 GC heap after
Heap after GC invocations=9 (full 1):
 PSYoungGen      total 210432K, used 12059K [0x00000000d7780000, 0x00000000e6780000, 0x0000000100000000)
  eden space 198144K, 0% used [0x00000000d7780000,0x00000000d7780000,0x00000000e3900000)
  from space 12288K, 98% used [0x00000000e4680000,0x00000000e5246c10,0x00000000e5280000)
  to   space 13824K, 0% used [0x00000000e3900000,0x00000000e3900000,0x00000000e4680000)
 ParOldGen       total 52224K, used 12975K [0x0000000086600000, 0x0000000089900000, 0x00000000d7780000)
  object space 52224K, 24% used [0x0000000086600000,0x00000000872abdb0,0x0000000089900000)
 Metaspace       used 34577K, capacity 35186K, committed 35456K, reserved 1079296K
  class space    used 4740K, capacity 4936K, committed 4992K, reserved 1048576K
}
Event: 12,854 GC heap before
{Heap before GC invocations=10 (full 2):
 PSYoungGen      total 210432K, used 12059K [0x00000000d7780000, 0x00000000e6780000, 0x0000000100000000)
  eden space 198144K, 0% used [0x00000000d7780000,0x00000000d7780000,0x00000000e3900000)
  from space 12288K, 98% used [0x00000000e4680000,0x00000000e5246c10,0x00000000e5280000)
  to   space 13824K, 0% used [0x00000000e3900000,0x00000000e3900000,0x00000000e4680000)
 ParOldGen       total 52224K, used 12975K [0x0000000086600000, 0x0000000089900000, 0x00000000d7780000)
  object space 52224K, 24% used [0x0000000086600000,0x00000000872abdb0,0x0000000089900000)
 Metaspace       used 34577K, capacity 35186K, committed 35456K, reserved 1079296K
  class space    used 4740K, capacity 4936K, committed 4992K, reserved 1048576K

Deoptimization events (10 events):
Event: 11,922 Thread 0x00007f4064009800 Uncommon trap: reason=bimorphic action=maybe_recompile pc=0x00007f4055701068 method=java.util.regex.Pattern$Start.match(Ljava/util/regex/Matcher;ILjava/lang/CharSequence;)Z @ 44
Event: 11,926 Thread 0x00007f4064009800 Uncommon trap: reason=unstable_if action=reinterpret pc=0x00007f4055579960 method=java.lang.CharacterDataLatin1.isWhitespace(I)Z @ 14
Event: 11,936 Thread 0x00007f4064009800 Uncommon trap: reason=class_check action=maybe_recompile pc=0x00007f405587eab8 method=java.security.MessageDigest$Delegate.engineUpdate([BII)V @ 7
Event: 11,936 Thread 0x00007f4064009800 Uncommon trap: reason=predicate action=maybe_recompile pc=0x00007f405587b7c8 method=sun.security.provider.DigestBase.implCompressMultiBlock([BII)I @ 5
Event: 11,940 Thread 0x00007f4064009800 Uncommon trap: reason=class_check action=maybe_recompile pc=0x00007f4055879300 method=sun.security.provider.DigestBase.implCompressMultiBlock([BII)I @ 8
Event: 11,971 Thread 0x00007f4064009800 Uncommon trap: reason=class_check action=maybe_recompile pc=0x00007f4055882a48 method=java.security.MessageDigest$Delegate.engineUpdate([BII)V @ 7
Event: 11,986 Thread 0x00007f4064009800 Uncommon trap: reason=unstable_if action=reinterpret pc=0x00007f40556b5bd0 method=java.security.CodeSource.getCertificates()[Ljava/security/cert/Certificate; @ 22
Event: 12,091 Thread 0x00007f4064009800 Uncommon trap: reason=unstable_if action=reinterpret pc=0x00007f4055772d68 method=java.util.LinkedHashMap.get(Ljava/lang/Object;)Ljava/lang/Object; @ 20
Event: 12,446 Thread 0x00007f4064009800 Uncommon trap: reason=unstable_if action=reinterpret pc=0x00007f4055837c90 method=java.util.WeakHashMap.eq(Ljava/lang/Object;Ljava/lang/Object;)Z @ 10
Event: 12,518 Thread 0x00007f4064009800 Uncommon trap: reason=unstable_if action=reinterpret pc=0x00007f4055914380 method=org.codehaus.groovy.reflection.CachedMethod.compareToMethod(Ljava/lang/reflect/Method;)I @ 111

Internal exceptions (10 events):
Event: 12,720 Thread 0x00007f4064009800 Exception <a 'java/lang/ClassNotFoundException': org/gradle/api/internal/file/FileTreeInternalBeanInfo> (0x00000000d9680d58) thrown at [/HUDSON3/workspace/8-2-build-linux-amd64/jdk8u121/8372/hotspot/src/share/vm/classfile/systemDictionary.cpp, line 210]
Event: 12,721 Thread 0x00007f4064009800 Exception <a 'java/lang/ClassNotFoundException': org/gradle/api/internal/file/FileTreeInternalCustomizer> (0x00000000d96a7900) thrown at [/HUDSON3/workspace/8-2-build-linux-amd64/jdk8u121/8372/hotspot/src/share/vm/classfile/systemDictionary.cpp, line 210]
Event: 12,727 Thread 0x00007f4064009800 Exception <a 'java/lang/ClassNotFoundException': org/gradle/api/file/FileTreeBeanInfo> (0x00000000d96d6060) thrown at [/HUDSON3/workspace/8-2-build-linux-amd64/jdk8u121/8372/hotspot/src/share/vm/classfile/systemDictionary.cpp, line 210]
Event: 12,728 Thread 0x00007f4064009800 Exception <a 'java/lang/ClassNotFoundException': org/gradle/api/file/FileTreeCustomizer> (0x00000000d96f51f0) thrown at [/HUDSON3/workspace/8-2-build-linux-amd64/jdk8u121/8372/hotspot/src/share/vm/classfile/systemDictionary.cpp, line 210]
Event: 12,731 Thread 0x00007f4064009800 Exception <a 'java/lang/ClassNotFoundException': org/gradle/api/file/ConfigurableFileTreeBeanInfo> (0x00000000d972e170) thrown at [/HUDSON3/workspace/8-2-build-linux-amd64/jdk8u121/8372/hotspot/src/share/vm/classfile/systemDictionary.cpp, line 210]
Event: 12,733 Thread 0x00007f4064009800 Exception <a 'java/lang/ClassNotFoundException': org/gradle/api/file/ConfigurableFileTreeCustomizer> (0x00000000d9751e80) thrown at [/HUDSON3/workspace/8-2-build-linux-amd64/jdk8u121/8372/hotspot/src/share/vm/classfile/systemDictionary.cpp, line 210]
Event: 12,736 Thread 0x00007f4064009800 Exception <a 'java/lang/ClassNotFoundException': org/gradle/api/file/DirectoryTreeBeanInfo> (0x00000000d97861a8) thrown at [/HUDSON3/workspace/8-2-build-linux-amd64/jdk8u121/8372/hotspot/src/share/vm/classfile/systemDictionary.cpp, line 210]
Event: 12,737 Thread 0x00007f4064009800 Exception <a 'java/lang/ClassNotFoundException': org/gradle/api/file/DirectoryTreeCustomizer> (0x00000000d97a81a8) thrown at [/HUDSON3/workspace/8-2-build-linux-amd64/jdk8u121/8372/hotspot/src/share/vm/classfile/systemDictionary.cpp, line 210]
Event: 12,739 Thread 0x00007f4064009800 Exception <a 'java/lang/ClassNotFoundException': org/gradle/api/tasks/util/PatternFilterableBeanInfo> (0x00000000d97dc750) thrown at [/HUDSON3/workspace/8-2-build-linux-amd64/jdk8u121/8372/hotspot/src/share/vm/classfile/systemDictionary.cpp, line 210]
Event: 12,740 Thread 0x00007f4064009800 Exception <a 'java/lang/ClassNotFoundException': org/gradle/api/tasks/util/PatternFilterableCustomizer> (0x00000000d98029a8) thrown at [/HUDSON3/workspace/8-2-build-linux-amd64/jdk8u121/8372/hotspot/src/share/vm/classfile/systemDictionary.cpp, line 210]

Events (10 events):
Event: 12,798 loading class org/gradle/api/internal/tasks/DefaultTaskInputs$5 done
Event: 12,799 loading class groovy/runtime/metaclass/org/gradle/api/tasks/Copy_DecoratedMetaClass
Event: 12,799 loading class groovy/runtime/metaclass/org/gradle/api/tasks/Copy_DecoratedMetaClass done
Event: 12,805 loading class org/gradle/api/tasks/Copy_DecoratedBeanInfo
Event: 12,805 loading class org/gradle/api/tasks/Copy_DecoratedBeanInfo done
Event: 12,805 loading class org/gradle/api/tasks/Copy_DecoratedBeanInfo
Event: 12,805 loading class org/gradle/api/tasks/Copy_DecoratedBeanInfo done
Event: 12,805 loading class org/gradle/api/tasks/Copy_DecoratedBeanInfo
Event: 12,805 loading class org/gradle/api/tasks/Copy_DecoratedBeanInfo done
Event: 12,806 Executing VM operation: CollectForMetadataAllocation


Dynamic libraries:
00400000-00401000 r-xp 00000000 08:07 538586                             /usr/lib/jvm/java-8-oracle/bin/java
00600000-00601000 rw-p 00000000 08:07 538586                             /usr/lib/jvm/java-8-oracle/bin/java
02042000-02063000 rw-p 00000000 00:00 0                                  [heap]
86600000-89900000 rw-p 00000000 00:00 0 
89900000-d7780000 ---p 00000000 00:00 0 
d7780000-e6780000 rw-p 00000000 00:00 0 
e6780000-100000000 ---p 00000000 00:00 0 
100000000-1004e0000 rw-p 00000000 00:00 0 
1004e0000-140000000 ---p 00000000 00:00 0 
7f4008000000-7f4008021000 rw-p 00000000 00:00 0 
7f4008021000-7f400c000000 ---p 00000000 00:00 0 
7f400c000000-7f400c021000 rw-p 00000000 00:00 0 
7f400c021000-7f4010000000 ---p 00000000 00:00 0 
7f4010000000-7f4010021000 rw-p 00000000 00:00 0 
7f4010021000-7f4014000000 ---p 00000000 00:00 0 
7f4014000000-7f4014021000 rw-p 00000000 00:00 0 
7f4014021000-7f4018000000 ---p 00000000 00:00 0 
7f401a66c000-7f401a82d000 rw-p 00000000 00:00 0 
7f401a82d000-7f401a86d000 ---p 00000000 00:00 0 
7f401a86d000-7f401aa6d000 rw-p 00000000 00:00 0 
7f401aa6d000-7f401ac6d000 rw-p 00000000 00:00 0 
7f401ac6d000-7f401ac98000 r--s 001fc000 08:07 1599617                    /home/maulana/.gradle/caches/modules-2/files-2.1/com.google.guava/guava/18.0/cce0823396aa693798f8882e64213b1772032b09/guava-18.0.jar
7f401ac98000-7f401ac99000 r--s 00001000 08:07 1598800                    /home/maulana/.gradle/caches/modules-2/files-2.1/com.android.tools/annotations/25.2.3/a9970f79003cbf4aaaf26a5590aca7066f209347/annotations-25.2.3.jar
7f401ac99000-7f401acac000 r--s 000b2000 08:07 1598799                    /home/maulana/.gradle/caches/modules-2/files-2.1/com.android.tools.external.com-intellij/uast/145.597.4/6b430796bdb6563146affb34fb840c64e8d1d3b1/uast-145.597.4.jar
7f401acac000-7f401acb4000 r--s 000a8000 08:07 1599616                    /home/maulana/.gradle/caches/modules-2/files-2.1/com.android.tools.external.lombok/lombok-ast/0.2.3/528b6f8bde3157f17530aa366631f2aad2a6cf9/lombok-ast-0.2.3.jar
7f401acb4000-7f401acb6000 r--s 0000d000 08:07 1599615                    /home/maulana/.gradle/caches/modules-2/files-2.1/commons-codec/commons-codec/1.4/4216af16d38465bbab0f3dff8efa14204f7a399a/commons-codec-1.4.jar
7f401acb6000-7f401acb8000 r--s 0000d000 08:07 1599614                    /home/maulana/.gradle/caches/modules-2/files-2.1/commons-logging/commons-logging/1.1.1/5043bfebc3db072ed80fbd362e7caf00e885d8ae/commons-logging-1.1.1.jar
7f401acb8000-7f401acbd000 r--s 00028000 08:07 1599613                    /home/maulana/.gradle/caches/modules-2/files-2.1/org.apache.httpcomponents/httpcore/4.1/33fc26c02f8043ab0ede19eadc8c9885386b255c/httpcore-4.1.jar
7f401acbd000-7f401acc1000 r--s 0002f000 08:07 1599612                    /home/maulana/.gradle/caches/modules-2/files-2.1/com.google.jimfs/jimfs/1.1/8fbd0579dc68aba6186935cc1bee21d2f3e7ec1c/jimfs-1.1.jar
7f401acc1000-7f401acc2000 r--s 00004000 08:07 1599611                    /home/maulana/.gradle/caches/modules-2/files-2.1/com.intellij/annotations/12.0/bbcf6448f6d40abe506e2c83b70a3e8bfd2b4539/annotations-12.0.jar
7f401acc2000-7f401acc3000 r--s 00004000 08:07 1599610                    /home/maulana/.gradle/caches/modules-2/files-2.1/org.ow2.asm/asm-analysis/5.0.4/51f5031331a56c462a3cc5126e21ab65958759a9/asm-analysis-5.0.4.jar
7f401acc3000-7f401acc7000 r--s 0003b000 08:07 1598797                    /home/maulana/.gradle/caches/modules-2/files-2.1/com.android.tools.lint/lint-api/25.2.3/fb7afa11dcda11d5bf0fcd3dcfec3e13ee921057/lint-api-25.2.3.jar
7f401acc7000-7f401acc8000 r--s 0000a000 08:07 1599609                    /home/maulana/.gradle/caches/modules-2/files-2.1/net.sf.kxml/kxml2/2.3.0/ccbc77a5fd907ef863c29f3596c6f54ffa4e9442/kxml2-2.3.0.jar
7f401acc8000-7f401acca000 r--s 00005000 08:07 1599608                    /home/maulana/.gradle/caches/modules-2/files-2.1/org.apache.httpcomponents/httpmime/4.1/9ba2dcdf94ce35c8a8e9bff242db0618ca932e92/httpmime-4.1.jar
7f401acca000-7f401acd2000 r--s 0004e000 08:07 1599607                    /home/maulana/.gradle/caches/modules-2/files-2.1/org.apache.httpcomponents/httpclient/4.1.1/3d1d918f32709e33ba7ddb2c4e8d1c543ebe713e/httpclient-4.1.1.jar
7f401acd2000-7f401acd9000 r--s 00053000 08:07 1599606                    /home/maulana/.gradle/caches/modules-2/files-2.1/org.apache.commons/commons-compress/1.8.1/a698750c16740fd5b3871425f4cb3bbaa87f529d/commons-compress-1.8.1.jar
7f401acd9000-7f401acde000 r--s 0002a000 08:07 1599605                    /home/maulana/.gradle/caches/modules-2/files-2.1/com.google.code.gson/gson/2.2.4/a60a5e993c98c864010053cb901b7eab25306568/gson-2.2.4.jar
7f401acde000-7f401ace3000 r--s 0002d000 08:07 1598796                    /home/maulana/.gradle/caches/modules-2/files-2.1/com.android.tools/repository/25.2.3/179dee8115834f40bd9b39675da3a0273174c3ca/repository-25.2.3.jar
7f401ace3000-7f401ace4000 r--s 00005000 08:07 1598795                    /home/maulana/.gradle/caches/modules-2/files-2.1/com.android.tools/dvlib/25.2.3/5afd79f645811a98c0519141cc13900c659091a8/dvlib-25.2.3.jar
7f401ace4000-7f401ace7000 r--s 00014000 08:07 1598794                    /home/maulana/.gradle/caches/modules-2/files-2.1/com.android.tools.layoutlib/layoutlib-api/25.2.3/ead9944caa7cba814184148efe69faf8896f4478/layoutlib-api-25.2.3.jar
7f401ace7000-7f401aceb000 r--s 00037000 08:07 1599604                    /home/maulana/.gradle/caches/modules-2/files-2.1/org.antlr/ST4/4.0.8/a1c55e974f8a94d78e2348fa6ff63f4fa1fae64/ST4-4.0.8.jar
7f401aceb000-7f401acee000 r--s 00026000 08:07 1599603                    /home/maulana/.gradle/caches/modules-2/files-2.1/org.antlr/antlr-runtime/3.5.2/cd9cd41361c155f3af0f653009dcecb08d8b4afd/antlr-runtime-3.5.2.jar
7f401acee000-7f401acf3000 r--s 00058000 08:07 1599602                    /home/maulana/.gradle/caches/modules-2/files-2.1/org.ow2.asm/asm-debug-all/5.0.1/f69b5f7d96cec0d448acf1c1a266584170c9643b/asm-debug-all-5.0.1.jar
7f401acf3000-7f401ad03000 r--s 000d6000 08:07 1599601                    /home/maulana/.gradle/caches/modules-2/files-2.1/net.sf.proguard/proguard-base/5.2.1/4f61348b4e7c943b85679dcb697f3a5fc3101921/proguard-base-5.2.1.jar
7f401ad03000-7f401ad06000 r--s 00033000 08:07 1599600                    /home/maulana/.gradle/caches/modules-2/files-2.1/com.googlecode.juniversalchardet/juniversalchardet/1.0.3/cd49678784c46aa8789c060538e0154013bb421b/juniversalchardet-1.0.3.jar
7f401ad06000-7f401ad0a000 r--s 0002a000 08:07 1599599                    /home/maulana/.gradle/caches/modules-2/files-2.1/commons-io/commons-io/2.4/b1b6ea3b7e4aa4f492509a4952029cd8e48019ad/commons-io-2.4.jar
7f401ad0a000-7f401ad21000 r--s 00154000 08:07 1599598                    /home/maulana/.gradle/caches/modules-2/files-2.1/org.antlr/antlr4/4.5.3/f35db7e4b2446e4174ba6a73db7bd6b3e6bb5da1/antlr4-4.5.3.jar
7f401ad21000-7f401ad22000 r--s 00002000 08:07 1598793                    /home/maulana/.gradle/caches/modules-2/files-2.1/com.android.databinding/baseLibrary/2.2.3/b4b51d1925cdfda98fd861230c1ecb5855500129/baseLibrary-2.2.3.jar
7f401ad22000-7f401ad35000 r--s 00236000 08:07 1599597                    /home/maulana/.gradle/caches/modules-2/files-2.1/org.eclipse.jdt.core.compiler/ecj/4.5.1/bee1367ac12fb6a20b422ff8711ebeb4f0a42316/ecj-4.5.1.jar
7f401ad35000-7f401ad3c000 r--s 000c3000 08:07 1598792                    /home/maulana/.gradle/caches/modules-2/files-2.1/com.android.tools.lint/lint-checks/25.2.3/eae71c1f5ce54195dc821133e3a5df8145de8ff5/lint-checks-25.2.3.jar
7f401ad3c000-7f401ad3e000 r--s 00006000 08:07 1599596                    /home/maulana/.gradle/caches/modules-2/files-2.1/org.ow2.asm/asm-tree/5.0.4/396ce0c07ba2b481f25a70195c7c94922f0d1b0b/asm-tree-5.0.4.jar
7f401ad3e000-7f401ad71000 r--s 00203000 08:07 1599594                    /home/maulana/.gradle/caches/modules-2/files-2.1/org.bouncycastle/bcprov-jdk15on/1.48/960dea7c9181ba0b17e8bab0c06a43f0a5f04e65/bcprov-jdk15on-1.48.jar
7f401ad71000-7f401ad7f000 r--s 00081000 08:07 1599593                    /home/maulana/.gradle/caches/modules-2/files-2.1/org.bouncycastle/bcpkix-jdk15on/1.48/28b7614b908a47844bb27e3c94b45b6893656265/bcpkix-jdk15on-1.48.jar
7f401ad7f000-7f401ad81000 r--s 00002000 08:07 1599592                    /home/maulana/.gradle/caches/modules-2/files-2.1/com.squareup/javawriter/2.5.0/81241ff7078ef14f42ea2a8995fa09c096256e6b/javawriter-2.5.0.jar
7f401ad81000-7f401ad82000 r--s 00002000 08:07 1598791                    /home/maulana/.gradle/caches/modules-2/files-2.1/com.android.tools.analytics-library/tracker/25.2.3/c807f7b3d9aa3cee795ecac620d22c5ca7dd92e1/tracker-25.2.3.jar
7f401ad82000-7f401ad84000 r--s 00003000 08:07 1598790                    /home/maulana/.gradle/caches/modules-2/files-2.1/com.android.tools.analytics-library/shared/25.2.3/785426dac20cfe596e4cf36d01aad930ffdcb05c/shared-25.2.3.jar
7f401ad84000-7f401ad91000 r--s 000ed000 08:07 1598789                    /home/maulana/.gradle/caches/modules-2/files-2.1/com.android.tools.analytics-library/protos/25.2.3/821098054f9667d0f2536d7f2d0200d8bdd9c898/protos-25.2.3.jar
7f401ad91000-7f401ad92000 r--s 00001000 08:07 1599591                    /home/maulana/.gradle/caches/modules-2/files-2.1/com.android.tools.jill/jill-api/0.10.0/7dfd6360ae4af1e171ec67b92e0cf065d59eef19/jill-api-0.10.0.jar
7f401ad92000-7f401ad94000 r--s 00003000 08:07 1599590                    /home/maulana/.gradle/caches/modules-2/files-2.1/com.android.tools.jack/jack-api/0.11.0/ccda6afebd2b9cf60886c601ea561bba62c35c70/jack-api-0.11.0.jar
7f401ad94000-7f401ad99000 r--s 0004a000 08:07 1598788                    /home/maulana/.gradle/caches/modules-2/files-2.1/com.android.tools.ddms/ddmlib/25.2.3/2b66df9156f476b0ccee44b378cd09073118ff59/ddmlib-25.2.3.jar
7f401ad99000-7f401ad9c000 r--s 00021000 08:07 1598787                    /home/maulana/.gradle/caches/modules-2/files-2.1/com.android.tools.build/manifest-merger/25.2.3/d0212c507be4c38c39f4ee06a7df5a44f500ed3b/manifest-merger-25.2.3.jar
7f401ad9c000-7f401ad9e000 r--s 0001c000 08:07 1598786                    /home/maulana/.gradle/caches/modules-2/files-2.1/com.android.tools/common/25.2.3/255aa01048bebb511d828c6a5fc668df13b8f39d/common-25.2.3.jar
7f401ad9e000-7f401ada6000 r--s 00084000 08:07 1598784                    /home/maulana/.gradle/caches/modules-2/files-2.1/com.android.tools/sdk-common/25.2.3/2c49ca3df5bb961473b096bab2a615a7cda50dc/sdk-common-25.2.3.jar
7f401ada6000-7f401adb1000 r--s 0008e000 08:07 1598783                    /home/maulana/.gradle/caches/modules-2/files-2.1/com.android.tools/sdklib/25.2.3/9f12cfc56b1df4e42fa2b73f9936b586b9a56a2/sdklib-25.2.3.jar
7f401adb1000-7f401adb2000 r--s 00002000 08:07 1598782                    /home/maulana/.gradle/caches/modules-2/files-2.1/com.android.tools.build/builder-test-api/2.2.3/700079fc243c217dbd6250ac01d2d6210ca8a0d6/builder-test-api-2.2.3.jar
7f401adb2000-7f401adb5000 r--s 00005000 08:07 1598781                    /home/maulana/.gradle/caches/modules-2/files-2.1/com.android.tools.build/builder-model/2.2.3/eddf6035ce0a31651527b4c3cc239428e877c43a/builder-model-2.2.3.jar
7f401adb5000-7f401adbf000 r--s 00110000 08:07 1599589                    /home/maulana/.gradle/caches/modules-2/files-2.1/org.antlr/antlr/3.5.2/c4a65c950bfc3e7d04309c515b2177c00baf7764/antlr-3.5.2.jar
7f401adbf000-7f401adc7000 r--s 0007b000 08:07 1599588                    /home/maulana/.gradle/caches/modules-2/files-2.1/com.google.protobuf/protobuf-java/2.5.0/a10732c76bfacdbd633a7eb0f7968b1059a65dfa/protobuf-java-2.5.0.jar
7f401adc7000-7f401adc9000 r--s 0000f000 08:07 1599587                    /home/maulana/.gradle/caches/modules-2/files-2.1/net.sf.jopt-simple/jopt-simple/4.9/ee9e9eaa0a35360dcfeac129ff4923215fd65904/jopt-simple-4.9.jar
7f401adc9000-7f401adcd000 r--s 0001f000 08:07 1599586                    /home/maulana/.gradle/caches/modules-2/files-2.1/org.jacoco/org.jacoco.report/0.7.5.201505241946/cb1ac5562a45c98cd7b774452f3e8b867b71cd65/org.jacoco.report-0.7.5.201505241946.jar
7f401adcd000-7f401add1000 r--s 0001d000 08:07 1599585                    /home/maulana/.gradle/caches/modules-2/files-2.1/org.jacoco/org.jacoco.core/0.7.5.201505241946/1ea906dc5201d2a1bc0604f8650534d4bcaf4c95/org.jacoco.core-0.7.5.201505241946.jar
7f401add1000-7f401add2000 r--s 00002000 08:07 1599584                    /home/maulana/.gradle/caches/modules-2/files-2.1/net.sf.proguard/proguard-gradle/5.2.1/5e9956c050fd84fa043517e77c4c0ff175a6b002/proguard-gradle-5.2.1.jar
7f401add2000-7f401add4000 r--s 00009000 08:07 1599583                    /home/maulana/.gradle/caches/modules-2/files-2.1/org.ow2.asm/asm-commons/5.0.4/5a556786086c23cd689a0328f8519db93821c04c/asm-commons-5.0.4.jar
7f401add4000-7f401add6000 r--s 0000c000 08:07 1599582                    /home/maulana/.gradle/caches/modules-2/files-2.1/org.ow2.asm/asm/5.0.4/da08b8cce7bbf903602a25a3a163ae252435795/asm-5.0.4.jar
7f401add6000-7f401adda000 r--s 0002b000 08:07 1598780                    /home/maulana/.gradle/caches/modules-2/files-2.1/com.android.databinding/compilerCommon/2.2.3/8c3829022a54acd042b5382a4a873ee2d64c29ee/compilerCommon-2.2.3.jar
7f401adda000-7f401addb000 r--s 00002000 08:07 1598779                    /home/maulana/.gradle/caches/modules-2/files-2.1/com.android.tools.build/gradle-api/2.2.3/9a45614f789d4aab624d2a61983263885f42b615/gradle-api-2.2.3.jar
7f401addb000-7f401addc000 r--s 00000000 08:07 1599580                    /home/maulana/.gradle/caches/modules-2/files-2.1/com.android.tools.build/transform-api/2.0.0-deprecated-use-gradle-api/85bee1acea9e27152b920746c68133b30b11431/transform-api-2.0.0-deprecated-use-gradle-api.jar
7f401addc000-7f401ade1000 r--s 00053000 08:07 1598778                    /home/maulana/.gradle/caches/modules-2/files-2.1/com.android.tools.lint/lint/25.2.3/aa03a3669f2913b9bc6f5f4fba4418f974e48cb7/lint-25.2.3.jar
7f401ade1000-7f401adfe000 r--s 0019d000 08:07 1598776                    /home/maulana/.gradle/caches/modules-2/files-2.1/com.android.tools.build/gradle-core/2.2.3/3a777b0626810e0ccdced7d750ac4b60c279616c/gradle-core-2.2.3.jar
7f401adfe000-7f401affe000 rw-p 00000000 00:00 0 
7f401affe000-7f401b1fe000 rw-p 00000000 00:00 0 
7f401b1fe000-7f401b201000 ---p 00000000 00:00 0 
7f401b201000-7f401b4ff000 rw-p 00000000 00:00 0 
7f401b4ff000-7f401b6ff000 rw-p 00000000 00:00 0 
7f401b6ff000-7f401b8ff000 rw-p 00000000 00:00 0 
7f401b8ff000-7f401b902000 ---p 00000000 00:00 0 
7f401b902000-7f401bc00000 rw-p 00000000 00:00 0 
7f401bc00000-7f401be00000 rw-p 00000000 00:00 0 
7f401be00000-7f401c000000 rw-p 00000000 00:00 0 
7f401c000000-7f401c9aa000 rw-p 00000000 00:00 0 
7f401c9aa000-7f4020000000 ---p 00000000 00:00 0 
7f4020000000-7f4020021000 rw-p 00000000 00:00 0 
7f4020021000-7f4024000000 ---p 00000000 00:00 0 
7f4024000000-7f40263c4000 rw-p 00000000 00:00 0 
7f40263c4000-7f4028000000 ---p 00000000 00:00 0 
7f4028000000-7f4029bde000 rw-p 00000000 00:00 0 
7f4029bde000-7f402c000000 ---p 00000000 00:00 0 
7f402c000000-7f402c021000 rw-p 00000000 00:00 0 
7f402c021000-7f4030000000 ---p 00000000 00:00 0 
7f4030000000-7f4030021000 rw-p 00000000 00:00 0 
7f4030021000-7f4034000000 ---p 00000000 00:00 0 
7f4034000000-7f4034290000 rw-p 00000000 00:00 0 
7f4034290000-7f4038000000 ---p 00000000 00:00 0 
7f4038000000-7f4038021000 rw-p 00000000 00:00 0 
7f4038021000-7f403c000000 ---p 00000000 00:00 0 
7f403c000000-7f403c021000 rw-p 00000000 00:00 0 
7f403c021000-7f4040000000 ---p 00000000 00:00 0 
7f4040000000-7f4040021000 rw-p 00000000 00:00 0 
7f4040021000-7f4044000000 ---p 00000000 00:00 0 
7f4044000000-7f4044017000 r--s 0015e000 08:07 1598777                    /home/maulana/.gradle/caches/modules-2/files-2.1/com.android.tools.build/builder/2.2.3/13e7339544e824a3a5f8ecff42173c013791578b/builder-2.2.3.jar
7f4044017000-7f4044019000 r--s 0000d000 08:07 1598775                    /home/maulana/.gradle/caches/modules-2/files-2.1/com.android.tools.build/gradle/2.2.3/7b8f79621d95e3ce1e95c0852db14d9d7e1d1951/gradle-2.2.3.jar
7f4044019000-7f404401c000 ---p 00000000 00:00 0 
7f404401c000-7f4044052000 rw-p 00000000 00:00 0 
7f4044052000-7f4044053000 r--p 00000000 00:00 0 
7f4044053000-7f40440cd000 r--s 010f6000 08:07 536996                     /usr/lib/jvm/java-8-oracle/lib/tools.jar
7f40440cd000-7f40440cf000 r--s 00007000 08:07 3700491                    /home/maulana/.gradle/wrapper/dists/gradle-2.14.1-all/8bnwg5hd3w55iofp58khbp6yv/gradle-2.14.1/lib/plugins/gradle-tooling-api-builders-2.14.1.jar
7f40440cf000-7f40440d2000 r--s 00008000 08:07 3700484                    /home/maulana/.gradle/wrapper/dists/gradle-2.14.1-all/8bnwg5hd3w55iofp58khbp6yv/gradle-2.14.1/lib/plugins/gradle-testing-native-2.14.1.jar
7f40440d2000-7f40440d4000 r--s 00009000 08:07 3700563                    /home/maulana/.gradle/wrapper/dists/gradle-2.14.1-all/8bnwg5hd3w55iofp58khbp6yv/gradle-2.14.1/lib/plugins/hamcrest-core-1.3.jar
7f40440d4000-7f40440da000 r--s 00033000 08:07 3700557                    /home/maulana/.gradle/wrapper/dists/gradle-2.14.1-all/8bnwg5hd3w55iofp58khbp6yv/gradle-2.14.1/lib/plugins/snakeyaml-1.6.jar
7f40440da000-7f40440dc000 r--s 00006000 08:07 3700556                    /home/maulana/.gradle/wrapper/dists/gradle-2.14.1-all/8bnwg5hd3w55iofp58khbp6yv/gradle-2.14.1/lib/plugins/jcommander-1.12.jar
7f40440dc000-7f40440e1000 r--s 00040000 08:07 3700555                    /home/maulana/.gradle/wrapper/dists/gradle-2.14.1-all/8bnwg5hd3w55iofp58khbp6yv/gradle-2.14.1/lib/plugins/bsh-2.0b4.jar
7f40440e1000-7f40440ea000 r--s 00089000 08:07 3700514                    /home/maulana/.gradle/wrapper/dists/gradle-2.14.1-all/8bnwg5hd3w55iofp58khbp6yv/gradle-2.14.1/lib/plugins/testng-6.3.1.jar
7f40440ea000-7f40440f2000 r--s 00045000 08:07 3700513                    /home/maulana/.gradle/wrapper/dists/gradle-2.14.1-all/8bnwg5hd3w55iofp58khbp6yv/gradle-2.14.1/lib/plugins/junit-4.12.jar
7f40440f2000-7f40440f8000 r--s 0002e000 08:07 3700485                    /home/maulana/.gradle/wrapper/dists/gradle-2.14.1-all/8bnwg5hd3w55iofp58khbp6yv/gradle-2.14.1/lib/plugins/gradle-testing-jvm-2.14.1.jar
7f40440f8000-7f40440fd000 r--s 00015000 08:07 3700483                    /home/maulana/.gradle/wrapper/dists/gradle-2.14.1-all/8bnwg5hd3w55iofp58khbp6yv/gradle-2.14.1/lib/plugins/gradle-testing-base-2.14.1.jar
7f40440fd000-7f40440fe000 r--s 00002000 08:07 3700507                    /home/maulana/.gradle/wrapper/dists/gradle-2.14.1-all/8bnwg5hd3w55iofp58khbp6yv/gradle-2.14.1/lib/plugins/sonar-batch-bootstrapper-2.9.jar
7f40440fe000-7f4044101000 r--s 00015000 08:07 3700461                    /home/maulana/.gradle/wrapper/dists/gradle-2.14.1-all/8bnwg5hd3w55iofp58khbp6yv/gradle-2.14.1/lib/plugins/gradle-sonar-2.14.1.jar
7f4044101000-7f4044108000 r--s 00038000 08:07 3700508                    /home/maulana/.gradle/wrapper/dists/gradle-2.14.1-all/8bnwg5hd3w55iofp58khbp6yv/gradle-2.14.1/lib/plugins/bcpg-jdk15on-1.51.jar
7f4044108000-7f404410a000 r--s 0000d000 08:07 3700462                    /home/maulana/.gradle/wrapper/dists/gradle-2.14.1-all/8bnwg5hd3w55iofp58khbp6yv/gradle-2.14.1/lib/plugins/gradle-signing-2.14.1.jar
7f404410a000-7f404410d000 r--s 00009000 08:07 3700460                    /home/maulana/.gradle/wrapper/dists/gradle-2.14.1-all/8bnwg5hd3w55iofp58khbp6yv/gradle-2.14.1/lib/plugins/gradle-scala-2.14.1.jar
7f404410d000-7f404410e000 r--s 00004000 08:07 3700489                    /home/maulana/.gradle/wrapper/dists/gradle-2.14.1-all/8bnwg5hd3w55iofp58khbp6yv/gradle-2.14.1/lib/plugins/gradle-resources-sftp-2.14.1.jar
7f404410e000-7f404411e000 r--s 00088000 08:07 3700524                    /home/maulana/.gradle/wrapper/dists/gradle-2.14.1-all/8bnwg5hd3w55iofp58khbp6yv/gradle-2.14.1/lib/plugins/joda-time-2.8.2.jar
7f404411e000-7f404412f000 r--s 000cf000 08:07 3700523                    /home/maulana/.gradle/wrapper/dists/gradle-2.14.1-all/8bnwg5hd3w55iofp58khbp6yv/gradle-2.14.1/lib/plugins/jackson-databind-2.3.2.jar
7f404412f000-7f4044131000 r--s 00007000 08:07 3700522                    /home/maulana/.gradle/wrapper/dists/gradle-2.14.1-all/8bnwg5hd3w55iofp58khbp6yv/gradle-2.14.1/lib/plugins/jackson-annotations-2.3.2.jar
7f4044131000-7f4044134000 r--s 0002e000 08:07 3700521                    /home/maulana/.gradle/wrapper/dists/gradle-2.14.1-all/8bnwg5hd3w55iofp58khbp6yv/gradle-2.14.1/lib/plugins/jackson-core-2.3.2.jar
7f4044134000-7f404413f000 r--s 0006b000 08:07 3700520                    /home/maulana/.gradle/wrapper/dists/gradle-2.14.1-all/8bnwg5hd3w55iofp58khbp6yv/gradle-2.14.1/lib/plugins/aws-java-sdk-core-1.9.19.jar
7f404413f000-7f4044145000 r--s 00036000 08:07 3700519                    /home/maulana/.gradle/wrapper/dists/gradle-2.14.1-all/8bnwg5hd3w55iofp58khbp6yv/gradle-2.14.1/lib/plugins/aws-java-sdk-kms-1.9.19.jar
7f4044145000-7f4044150000 r--s 00079000 08:07 3700518                    /home/maulana/.gradle/wrapper/dists/gradle-2.14.1-all/8bnwg5hd3w55iofp58khbp6yv/gradle-2.14.1/lib/plugins/aws-java-sdk-s3-1.9.19.jar
7f4044150000-7f4044151000 r--s 00003000 08:07 3700490                    /home/maulana/.gradle/wrapper/dists/gradle-2.14.1-all/8bnwg5hd3w55iofp58khbp6yv/gradle-2.14.1/lib/plugins/gradle-resources-s3-2.14.1.jar
7f4044151000-7f4044153000 r--s 00005000 08:07 3700512                    /home/maulana/.gradle/wrapper/dists/gradle-2.14.1-all/8bnwg5hd3w55iofp58khbp6yv/gradle-2.14.1/lib/plugins/jatl-0.2.2.jar
7f4044153000-7f4044155000 r--s 0000f000 08:07 3700467                    /home/maulana/.gradle/wrapper/dists/gradle-2.14.1-all/8bnwg5hd3w55iofp58khbp6yv/gradle-2.14.1/lib/plugins/gradle-reporting-2.14.1.jar
7f4044155000-7f4044157000 r--s 00002000 08:07 3700468                    /home/maulana/.gradle/wrapper/dists/gradle-2.14.1-all/8bnwg5hd3w55iofp58khbp6yv/gradle-2.14.1/lib/plugins/gradle-publish-2.14.1.jar
7f4044157000-7f4044159000 r--s 00009000 08:07 3700494                    /home/maulana/.gradle/wrapper/dists/gradle-2.14.1-all/8bnwg5hd3w55iofp58khbp6yv/gradle-2.14.1/lib/plugins/commons-cli-1.2.jar
7f4044159000-7f404415f000 r--s 00033000 08:07 3700452                    /home/maulana/.gradle/wrapper/dists/gradle-2.14.1-all/8bnwg5hd3w55iofp58khbp6yv/gradle-2.14.1/lib/plugins/gradle-plugins-2.14.1.jar
7f404415f000-7f4044161000 r--s 00007000 08:07 3700486                    /home/maulana/.gradle/wrapper/dists/gradle-2.14.1-all/8bnwg5hd3w55iofp58khbp6yv/gradle-2.14.1/lib/plugins/gradle-plugin-development-2.14.1.jar
7f4044161000-7f4044167000 r--s 0002a000 08:07 3700479                    /home/maulana/.gradle/wrapper/dists/gradle-2.14.1-all/8bnwg5hd3w55iofp58khbp6yv/gradle-2.14.1/lib/plugins/gradle-platform-play-2.14.1.jar
7f4044167000-7f4044174000 r--s 0004d000 08:07 3700478                    /home/maulana/.gradle/wrapper/dists/gradle-2.14.1-all/8bnwg5hd3w55iofp58khbp6yv/gradle-2.14.1/lib/plugins/gradle-platform-native-2.14.1.jar
7f4044174000-7f4044178000 r--s 0001a000 08:07 3700473                    /home/maulana/.gradle/wrapper/dists/gradle-2.14.1-all/8bnwg5hd3w55iofp58khbp6yv/gradle-2.14.1/lib/plugins/gradle-platform-jvm-2.14.1.jar
7f4044178000-7f404417f000 r--s 00029000 08:07 3700472                    /home/maulana/.gradle/wrapper/dists/gradle-2.14.1-all/8bnwg5hd3w55iofp58khbp6yv/gradle-2.14.1/lib/plugins/gradle-platform-base-2.14.1.jar
7f404417f000-7f40441a0000 r--s 001c3000 08:07 3700502                    /home/maulana/.gradle/wrapper/dists/gradle-2.14.1-all/8bnwg5hd3w55iofp58khbp6yv/gradle-2.14.1/lib/plugins/bndlib-2.4.0.jar
7f40441a0000-7f40441a2000 r--s 00003000 08:07 3700456                    /home/maulana/.gradle/wrapper/dists/gradle-2.14.1-all/8bnwg5hd3w55iofp58khbp6yv/gradle-2.14.1/lib/plugins/gradle-osgi-2.14.1.jar
7f40441a2000-7f40441a5000 r--s 0000c000 08:07 3700505                    /home/maulana/.gradle/wrapper/dists/gradle-2.14.1-all/8bnwg5hd3w55iofp58khbp6yv/gradle-2.14.1/lib/plugins/pmaven-groovy-0.8-20100325.jar
7f40441a5000-7f40441a6000 r--s 00004000 08:07 3700504                    /home/maulana/.gradle/wrapper/dists/gradle-2.14.1-all/8bnwg5hd3w55iofp58khbp6yv/gradle-2.14.1/lib/plugins/pmaven-common-0.8-20100325.jar
7f40441a6000-7f40441ac000 r--s 00022000 08:07 3700457                    /home/maulana/.gradle/wrapper/dists/gradle-2.14.1-all/8bnwg5hd3w55iofp58khbp6yv/gradle-2.14.1/lib/plugins/gradle-maven-2.14.1.jar
7f40441ac000-7f40441ae000 r--s 0000a000 08:07 3700477                    /home/maulana/.gradle/wrapper/dists/gradle-2.14.1-all/8bnwg5hd3w55iofp58khbp6yv/gradle-2.14.1/lib/plugins/gradle-language-scala-2.14.1.jar
7f40441ae000-7f40441b4000 r--s 0001a000 08:07 3700481                    /home/maulana/.gradle/wrapper/dists/gradle-2.14.1-all/8bnwg5hd3w55iofp58khbp6yv/gradle-2.14.1/lib/plugins/gradle-language-native-2.14.1.jar
7f40441b4000-7f40441b6000 r--s 00008000 08:07 3700474                    /home/maulana/.gradle/wrapper/dists/gradle-2.14.1-all/8bnwg5hd3w55iofp58khbp6yv/gradle-2.14.1/lib/plugins/gradle-language-jvm-2.14.1.jar
7f40441b6000-7f40441bc000 r--s 00024000 08:07 3700475                    /home/maulana/.gradle/wrapper/dists/gradle-2.14.1-all/8bnwg5hd3w55iofp58khbp6yv/gradle-2.14.1/lib/plugins/gradle-language-java-2.14.1.jar
7f40441bc000-7f40441be000 r--s 0000a000 08:07 3700476                    /home/maulana/.gradle/wrapper/dists/gradle-2.14.1-all/8bnwg5hd3w55iofp58khbp6yv/gradle-2.14.1/lib/plugins/gradle-language-groovy-2.14.1.jar
7f40441be000-7f40441c1000 r--s 0001e000 08:07 3700530                    /home/maulana/.gradle/wrapper/dists/gradle-2.14.1-all/8bnwg5hd3w55iofp58khbp6yv/gradle-2.14.1/lib/plugins/jsp-api-2.1-6.1.14.jar
7f40441c1000-7f40441e4000 r--s 00344000 08:07 3700529                    /home/maulana/.gradle/wrapper/dists/gradle-2.14.1-all/8bnwg5hd3w55iofp58khbp6yv/gradle-2.14.1/lib/plugins/core-3.1.1.jar
7f40441e4000-7f40441e5000 r--s 00006000 08:07 3700528                    /home/maulana/.gradle/wrapper/dists/gradle-2.14.1-all/8bnwg5hd3w55iofp58khbp6yv/gradle-2.14.1/lib/plugins/jetty-naming-6.1.25.jar
7f40441e5000-7f40441e6000 r--s 00002000 08:07 3700501                    /home/maulana/.gradle/wrapper/dists/gradle-2.14.1-all/8bnwg5hd3w55iofp58khbp6yv/gradle-2.14.1/lib/plugins/geronimo-annotation_1.0_spec-1.0.jar
7f40441e6000-7f40441e8000 r--s 00002000 08:07 3700500                    /home/maulana/.gradle/wrapper/dists/gradle-2.14.1-all/8bnwg5hd3w55iofp58khbp6yv/gradle-2.14.1/lib/plugins/jetty-annotations-6.1.25.jar
7f40441e8000-7f40441f9000 r--s 000ea000 08:07 3700499                    /home/maulana/.gradle/wrapper/dists/gradle-2.14.1-all/8bnwg5hd3w55iofp58khbp6yv/gradle-2.14.1/lib/plugins/jsp-2.1-6.1.14.jar
7f40441f9000-7f40441fb000 r--s 0000d000 08:07 3700498                    /home/maulana/.gradle/wrapper/dists/gradle-2.14.1-all/8bnwg5hd3w55iofp58khbp6yv/gradle-2.14.1/lib/plugins/jetty-plus-6.1.25.jar
7f40441fb000-7f40441fd000 r--s 0001f000 08:07 3700497                    /home/maulana/.gradle/wrapper/dists/gradle-2.14.1-all/8bnwg5hd3w55iofp58khbp6yv/gradle-2.14.1/lib/plugins/servlet-api-2.5-20081211.jar
7f40441fd000-7f4044201000 r--s 00028000 08:07 3700496                    /home/maulana/.gradle/wrapper/dists/gradle-2.14.1-all/8bnwg5hd3w55iofp58khbp6yv/gradle-2.14.1/lib/plugins/jetty-util-6.1.25.jar
7f4044201000-7f4044208000 r--s 0007d000 08:07 3700495                    /home/maulana/.gradle/wrapper/dists/gradle-2.14.1-all/8bnwg5hd3w55iofp58khbp6yv/gradle-2.14.1/lib/plugins/jetty-6.1.25.jar
7f4044208000-7f404420a000 r--s 00009000 08:07 3700454                    /home/maulana/.gradle/wrapper/dists/gradle-2.14.1-all/8bnwg5hd3w55iofp58khbp6yv/gradle-2.14.1/lib/plugins/gradle-jetty-2.14.1.jar
7f404420a000-7f4044211000 r--s 00035000 08:07 3700511                    /home/maulana/.gradle/wrapper/dists/gradle-2.14.1-all/8bnwg5hd3w55iofp58khbp6yv/gradle-2.14.1/lib/plugins/simple-4.1.21.jar
7f4044211000-7f404421d000 r--s 00100000 08:07 3700509                    /home/maulana/.gradle/wrapper/dists/gradle-2.14.1-all/8bnwg5hd3w55iofp58khbp6yv/gradle-2.14.1/lib/plugins/rhino-1.7R3.jar
7f404421d000-7f4044221000 r--s 00011000 08:07 3700464                    /home/maulana/.gradle/wrapper/dists/gradle-2.14.1-all/8bnwg5hd3w55iofp58khbp6yv/gradle-2.14.1/lib/plugins/gradle-javascript-2.14.1.jar
7f4044221000-7f4044223000 r--s 0000c000 08:07 3700470                    /home/maulana/.gradle/wrapper/dists/gradle-2.14.1-all/8bnwg5hd3w55iofp58khbp6yv/gradle-2.14.1/lib/plugins/gradle-jacoco-2.14.1.jar
7f4044223000-7f4044226000 r--s 0000e000 08:07 3700469                    /home/maulana/.gradle/wrapper/dists/gradle-2.14.1-all/8bnwg5hd3w55iofp58khbp6yv/gradle-2.14.1/lib/plugins/gradle-ivy-2.14.1.jar
7f4044226000-7f4044227000 r--s 00002000 08:07 3700480                    /home/maulana/.gradle/wrapper/dists/gradle-2.14.1-all/8bnwg5hd3w55iofp58khbp6yv/gradle-2.14.1/lib/plugins/gradle-ide-play-2.14.1.jar
7f4044227000-7f404422c000 r--s 0002b000 08:07 3700482                    /home/maulana/.gradle/wrapper/dists/gradle-2.14.1-all/8bnwg5hd3w55iofp58khbp6yv/gradle-2.14.1/lib/plugins/gradle-ide-native-2.14.1.jar
7f404422c000-7f4044237000 r--s 00066000 08:07 3700458                    /home/maulana/.gradle/wrapper/dists/gradle-2.14.1-all/8bnwg5hd3w55iofp58khbp6yv/gradle-2.14.1/lib/plugins/gradle-ide-2.14.1.jar
7f4044237000-7f4044238000 r--s 00008000 08:07 3700463                    /home/maulana/.gradle/wrapper/dists/gradle-2.14.1-all/8bnwg5hd3w55iofp58khbp6yv/gradle-2.14.1/lib/plugins/gradle-ear-2.14.1.jar
7f4044238000-7f404423e000 r--s 00032000 08:07 3700466                    /home/maulana/.gradle/wrapper/dists/gradle-2.14.1-all/8bnwg5hd3w55iofp58khbp6yv/gradle-2.14.1/lib/plugins/gradle-diagnostics-2.14.1.jar
7f404423e000-7f4044242000 r--s 00021000 08:07 3700453                    /home/maulana/.gradle/wrapper/dists/gradle-2.14.1-all/8bnwg5hd3w55iofp58khbp6yv/gradle-2.14.1/lib/plugins/gradle-code-quality-2.14.1.jar
7f4044242000-7f4044246000 r--s 0001f000 08:07 3700471                    /home/maulana/.gradle/wrapper/dists/gradle-2.14.1-all/8bnwg5hd3w55iofp58khbp6yv/gradle-2.14.1/lib/plugins/gradle-build-init-2.14.1.jar
7f4044246000-7f404424d000 r--s 0008e000 08:07 3700465                    /home/maulana/.gradle/wrapper/dists/gradle-2.14.1-all/8bnwg5hd3w55iofp58khbp6yv/gradle-2.14.1/lib/plugins/gradle-build-comparison-2.14.1.jar
7f404424d000-7f404424f000 r--s 00008000 08:07 3700455                    /home/maulana/.gradle/wrapper/dists/gradle-2.14.1-all/8bnwg5hd3w55iofp58khbp6yv/gradle-2.14.1/lib/plugins/gradle-antlr-2.14.1.jar
7f404424f000-7f4044251000 r--s 00004000 08:07 3700459                    /home/maulana/.gradle/wrapper/dists/gradle-2.14.1-all/8bnwg5hd3w55iofp58khbp6yv/gradle-2.14.1/lib/plugins/gradle-announce-2.14.1.jar
7f4044251000-7f4044269000 r--s 00115000 08:07 3700560                    /home/maulana/.gradle/wrapper/dists/gradle-2.14.1-all/8bnwg5hd3w55iofp58khbp6yv/gradle-2.14.1/lib/plugins/xercesImpl-2.9.1.jar
7f4044269000-7f4044271000 r--s 00028000 08:07 3700561                    /home/maulana/.gradle/wrapper/dists/gradle-2.14.1-all/8bnwg5hd3w55iofp58khbp6yv/gradle-2.14.1/lib/plugins/xml-apis-1.3.04.jar
7f4044271000-7f4044277000 r--s 0005b000 08:07 3700559                    /home/maulana/.gradle/wrapper/dists/gradle-2.14.1-all/8bnwg5hd3w55iofp58khbp6yv/gradle-2.14.1/lib/plugins/jcifs-1.3.17.jar
7f4044277000-7f404427e000 r--s 00049000 08:07 3700558                    /home/maulana/.gradle/wrapper/dists/gradle-2.14.1-all/8bnwg5hd3w55iofp58khbp6yv/gradle-2.14.1/lib/plugins/httpcore-4.4.4.jar
7f404427e000-7f4044284000 r--s 00033000 08:07 3700506                    /home/maulana/.gradle/wrapper/dists/gradle-2.14.1-all/8bnwg5hd3w55iofp58khbp6yv/gradle-2.14.1/lib/plugins/commons-codec-1.6.jar
7f4044284000-7f4044287000 r--s 0001c000 08:07 3700516                    /home/maulana/.gradle/wrapper/dists/gradle-2.14.1-all/8bnwg5hd3w55iofp58khbp6yv/gradle-2.14.1/lib/plugins/nekohtml-1.9.14.jar
7f4044287000-7f4044294000 r--s 000a4000 08:07 3700515                    /home/maulana/.gradle/wrapper/dists/gradle-2.14.1-all/8bnwg5hd3w55iofp58khbp6yv/gradle-2.14.1/lib/plugins/httpclient-4.4.1.jar
7f4044294000-7f4044296000 r--s 0000a000 08:07 3700488                    /home/maulana/.gradle/wrapper/dists/gradle-2.14.1-all/8bnwg5hd3w55iofp58khbp6yv/gradle-2.14.1/lib/plugins/gradle-resources-http-2.14.1.jar
7f4044296000-7f404429a000 r--s 00014000 08:07 3700487                    /home/maulana/.gradle/wrapper/dists/gradle-2.14.1-all/8bnwg5hd3w55iofp58khbp6yv/gradle-2.14.1/lib/plugins/gradle-plugin-use-2.14.1.jar
7f404429a000-7f404429b000 r--s 00000000 08:07 3700403                    /home/maulana/.gradle/wrapper/dists/gradle-2.14.1-all/8bnwg5hd3w55iofp58khbp6yv/gradle-2.14.1/lib/gradle-installation-beacon-2.14.1.jar
7f404429b000-7f404429c000 r--s 00007000 08:07 3700554                    /home/maulana/.gradle/wrapper/dists/gradle-2.14.1-all/8bnwg5hd3w55iofp58khbp6yv/gradle-2.14.1/lib/plugins/wagon-http-shared4-2.4.jar
7f404429c000-7f40442a0000 r--s 00033000 08:07 3700553                    /home/maulana/.gradle/wrapper/dists/gradle-2.14.1-all/8bnwg5hd3w55iofp58khbp6yv/gradle-2.14.1/lib/plugins/plexus-utils-2.0.6.jar
7f40442a0000-7f40442a4000 r--s 00021000 08:07 3700552                    /home/maulana/.gradle/wrapper/dists/gradle-2.14.1-all/8bnwg5hd3w55iofp58khbp6yv/gradle-2.14.1/lib/plugins/maven-model-builder-3.0.4.jar
7f40442a4000-7f40442a5000 r--s 00002000 08:07 3700551                    /home/maulana/.gradle/wrapper/dists/gradle-2.14.1-all/8bnwg5hd3w55iofp58khbp6yv/gradle-2.14.1/lib/plugins/wagon-file-2.4.jar
7f40442a5000-7f40442a7000 r--s 00002000 08:07 3700550                    /home/maulana/.gradle/wrapper/dists/gradle-2.14.1-all/8bnwg5hd3w55iofp58khbp6yv/gradle-2.14.1/lib/plugins/plexus-cipher-1.7.jar
7f40442a7000-7f40442aa000 r--s 00013000 08:07 3700549                    /home/maulana/.gradle/wrapper/dists/gradle-2.14.1-all/8bnwg5hd3w55iofp58khbp6yv/gradle-2.14.1/lib/plugins/aether-api-1.13.1.jar
7f40442aa000-7f40442ac000 r--s 0000a000 08:07 3700548                    /home/maulana/.gradle/wrapper/dists/gradle-2.14.1-all/8bnwg5hd3w55iofp58khbp6yv/gradle-2.14.1/lib/plugins/maven-settings-3.0.4.jar
7f40442ac000-7f40442ae000 r--s 0000d000 08:07 3700547                    /home/maulana/.gradle/wrapper/dists/gradle-2.14.1-all/8bnwg5hd3w55iofp58khbp6yv/gradle-2.14.1/lib/plugins/plexus-interpolation-1.14.jar
7f40442ae000-7f40442b0000 r--s 0000b000 08:07 3700546                    /home/maulana/.gradle/wrapper/dists/gradle-2.14.1-all/8bnwg5hd3w55iofp58khbp6yv/gradle-2.14.1/lib/plugins/maven-artifact-3.0.4.jar
7f40442b0000-7f40442b7000 r--s 0002e000 08:07 3700545                    /home/maulana/.gradle/wrapper/dists/gradle-2.14.1-all/8bnwg5hd3w55iofp58khbp6yv/gradle-2.14.1/lib/plugins/plexus-container-default-1.5.5.jar
7f40442b7000-7f40442b9000 r--s 0000b000 08:07 3700544                    /home/maulana/.gradle/wrapper/dists/gradle-2.14.1-all/8bnwg5hd3w55iofp58khbp6yv/gradle-2.14.1/lib/plugins/maven-plugin-api-3.0.4.jar
7f40442b9000-7f40442bb000 r--s 00000000 08:07 3700562                    /home/maulana/.gradle/wrapper/dists/gradle-2.14.1-all/8bnwg5hd3w55iofp58khbp6yv/gradle-2.14.1/lib/plugins/plexus-component-annotations-1.5.5.jar
7f40442bb000-7f40442c1000 r--s 0003f000 08:07 3700543                    /home/maulana/.gradle/wrapper/dists/gradle-2.14.1-all/8bnwg5hd3w55iofp58khbp6yv/gradle-2.14.1/lib/plugins/maven-compat-3.0.4.jar
7f40442c1000-7f40442c4000 r--s 00008000 08:07 3700542                    /home/maulana/.gradle/wrapper/dists/gradle-2.14.1-all/8bnwg5hd3w55iofp58khbp6yv/gradle-2.14.1/lib/plugins/maven-settings-builder-3.0.4.jar
7f40442c4000-7f40442c5000 r--s 00002000 08:07 3700541                    /home/maulana/.gradle/wrapper/dists/gradle-2.14.1-all/8bnwg5hd3w55iofp58khbp6yv/gradle-2.14.1/lib/plugins/wagon-http-2.4.jar
7f40442c5000-7f40442c7000 r--s 00026000 08:07 3700540                    /home/maulana/.gradle/wrapper/dists/gradle-2.14.1-all/8bnwg5hd3w55iofp58khbp6yv/gradle-2.14.1/lib/plugins/maven-model-3.0.4.jar
7f40442c7000-7f40442c9000 r--s 00006000 08:07 3700539                    /home/maulana/.gradle/wrapper/dists/gradle-2.14.1-all/8bnwg5hd3w55iofp58khbp6yv/gradle-2.14.1/lib/plugins/aether-connector-wagon-1.13.1.jar
7f40442c9000-7f40442cb000 r--s 0000a000 08:07 3700538                    /home/maulana/.gradle/wrapper/dists/gradle-2.14.1-all/8bnwg5hd3w55iofp58khbp6yv/gradle-2.14.1/lib/plugins/plexus-classworlds-2.4.jar
7f40442cb000-7f40442cd000 r--s 00006000 08:07 3700537                    /home/maulana/.gradle/wrapper/dists/gradle-2.14.1-all/8bnwg5hd3w55iofp58khbp6yv/gradle-2.14.1/lib/plugins/maven-repository-metadata-3.0.4.jar
7f40442cd000-7f40442cf000 r--s 0000c000 08:07 3700536                    /home/maulana/.gradle/wrapper/dists/gradle-2.14.1-all/8bnwg5hd3w55iofp58khbp6yv/gradle-2.14.1/lib/plugins/maven-aether-provider-3.0.4.jar
7f40442cf000-7f40442d1000 r--s 0000b000 08:07 3700535                    /home/maulana/.gradle/wrapper/dists/gradle-2.14.1-all/8bnwg5hd3w55iofp58khbp6yv/gradle-2.14.1/lib/plugins/wagon-provider-api-2.4.jar
7f40442d1000-7f40442d2000 r--s 00003000 08:07 3700534                    /home/maulana/.gradle/wrapper/dists/gradle-2.14.1-all/8bnwg5hd3w55iofp58khbp6yv/gradle-2.14.1/lib/plugins/aether-spi-1.13.1.jar
7f40442d2000-7f40442d6000 r--s 0001c000 08:07 3700533                    /home/maulana/.gradle/wrapper/dists/gradle-2.14.1-all/8bnwg5hd3w55iofp58khbp6yv/gradle-2.14.1/lib/plugins/aether-util-1.13.1.jar
7f40442d6000-7f40442d9000 r--s 0001d000 08:07 3700532                    /home/maulana/.gradle/wrapper/dists/gradle-2.14.1-all/8bnwg5hd3w55iofp58khbp6yv/gradle-2.14.1/lib/plugins/aether-impl-1.13.1.jar
7f40442d9000-7f40442da000 r--s 00006000 08:07 3700531                    /home/maulana/.gradle/wrapper/dists/gradle-2.14.1-all/8bnwg5hd3w55iofp58khbp6yv/gradle-2.14.1/lib/plugins/plexus-sec-dispatcher-1.3.jar
7f40442da000-7f40442df000 r--s 00040000 08:07 3700517                    /home/maulana/.gradle/wrapper/dists/gradle-2.14.1-all/8bnwg5hd3w55iofp58khbp6yv/gradle-2.14.1/lib/plugins/jsch-0.1.53.jar
7f40442df000-7f404431f000 r--s 00277000 08:07 3700527                    /home/maulana/.gradle/wrapper/dists/gradle-2.14.1-all/8bnwg5hd3w55iofp58khbp6yv/gradle-2.14.1/lib/plugins/bcprov-jdk15on-1.51.jar
7f404431f000-7f404432b000 r--s 0007d000 08:07 3700503                    /home/maulana/.gradle/wrapper/dists/gradle-2.14.1-all/8bnwg5hd3w55iofp58khbp6yv/gradle-2.14.1/lib/plugins/maven-core-3.0.4.jar
7f404432b000-7f4044330000 r--s 0002a000 08:07 3700510                    /home/maulana/.gradle/wrapper/dists/gradle-2.14.1-all/8bnwg5hd3w55iofp58khbp6yv/gradle-2.14.1/lib/plugins/gson-2.2.4.jar
7f4044330000-7f404434c000 r--s 000d3000 08:07 3700492                    /home/maulana/.gradle/wrapper/dists/gradle-2.14.1-all/8bnwg5hd3w55iofp58khbp6yv/gradle-2.14.1/lib/plugins/gradle-dependency-management-2.14.1.jar
7f404434c000-7f4044355000 r-xp 00000000 08:07 538778                     /usr/lib/jvm/java-8-oracle/jre/lib/amd64/libmanagement.so
7f4044355000-7f4044554000 ---p 00009000 08:07 538778                     /usr/lib/jvm/java-8-oracle/jre/lib/amd64/libmanagement.so
7f4044554000-7f4044555000 rw-p 00008000 08:07 538778                     /usr/lib/jvm/java-8-oracle/jre/lib/amd64/libmanagement.so
7f4044555000-7f404456a000 r-xp 00000000 08:07 1612866                    /tmp/jna4304327256041821990.tmp
7f404456a000-7f4044669000 ---p 00015000 08:07 1612866                    /tmp/jna4304327256041821990.tmp
7f4044669000-7f404466b000 rw-p 00014000 08:07 1612866                    /tmp/jna4304327256041821990.tmp
7f404466b000-7f4044690000 r-xp 00000000 08:07 2233083                    /lib/x86_64-linux-gnu/libtinfo.so.5.9
7f4044690000-7f404488f000 ---p 00025000 08:07 2233083                    /lib/x86_64-linux-gnu/libtinfo.so.5.9
7f404488f000-7f4044893000 r--p 00024000 08:07 2233083                    /lib/x86_64-linux-gnu/libtinfo.so.5.9
7f4044893000-7f4044894000 rw-p 00028000 08:07 2233083                    /lib/x86_64-linux-gnu/libtinfo.so.5.9
7f4044894000-7f40448b6000 r-xp 00000000 08:07 2232993                    /lib/x86_64-linux-gnu/libncurses.so.5.9
7f40448b6000-7f4044ab5000 ---p 00022000 08:07 2232993                    /lib/x86_64-linux-gnu/libncurses.so.5.9
7f4044ab5000-7f4044ab6000 r--p 00021000 08:07 2232993                    /lib/x86_64-linux-gnu/libncurses.so.5.9
7f4044ab6000-7f4044ab7000 rw-p 00022000 08:07 2232993                    /lib/x86_64-linux-gnu/libncurses.so.5.9
7f4044ab7000-7f4044aba000 r-xp 00000000 08:07 1858531                    /home/maulana/.gradle/native/19/linux-amd64/libnative-platform-curses.so
7f4044aba000-7f4044cba000 ---p 00003000 08:07 1858531                    /home/maulana/.gradle/native/19/linux-amd64/libnative-platform-curses.so
7f4044cba000-7f4044cbb000 rw-p 00003000 08:07 1858531                    /home/maulana/.gradle/native/19/linux-amd64/libnative-platform-curses.so
7f4044cbb000-7f4044cd1000 r-xp 00000000 08:07 2232964                    /lib/x86_64-linux-gnu/libgcc_s.so.1
7f4044cd1000-7f4044ed0000 ---p 00016000 08:07 2232964                    /lib/x86_64-linux-gnu/libgcc_s.so.1
7f4044ed0000-7f4044ed1000 rw-p 00015000 08:07 2232964                    /lib/x86_64-linux-gnu/libgcc_s.so.1
7f4044ed1000-7f4044fb7000 r-xp 00000000 08:07 271759                     /usr/lib/x86_64-linux-gnu/libstdc++.so.6.0.19
7f4044fb7000-7f40451b6000 ---p 000e6000 08:07 271759                     /usr/lib/x86_64-linux-gnu/libstdc++.so.6.0.19
7f40451b6000-7f40451be000 r--p 000e5000 08:07 271759                     /usr/lib/x86_64-linux-gnu/libstdc++.so.6.0.19
7f40451be000-7f40451c0000 rw-p 000ed000 08:07 271759                     /usr/lib/x86_64-linux-gnu/libstdc++.so.6.0.19
7f40451c0000-7f40451d5000 rw-p 00000000 00:00 0 
7f40451d5000-7f40451d9000 r--s 0001d000 08:07 3700526                    /home/maulana/.gradle/wrapper/dists/gradle-2.14.1-all/8bnwg5hd3w55iofp58khbp6yv/gradle-2.14.1/lib/plugins/xbean-reflect-3.4.jar
7f40451d9000-7f40451e8000 r--s 000d9000 08:07 3700525                    /home/maulana/.gradle/wrapper/dists/gradle-2.14.1-all/8bnwg5hd3w55iofp58khbp6yv/gradle-2.14.1/lib/plugins/ivy-2.2.0.jar
7f40451e8000-7f40451ef000 r--s 00000000 08:07 535799                     /usr/lib/x86_64-linux-gnu/gconv/gconv-modules.cache
7f40451ef000-7f40451f3000 r-xp 00000000 08:07 1857812                    /home/maulana/.gradle/native/19/linux-amd64/libnative-platform.so
7f40451f3000-7f40453f2000 ---p 00004000 08:07 1857812                    /home/maulana/.gradle/native/19/linux-amd64/libnative-platform.so
7f40453f2000-7f40453f3000 rw-p 00003000 08:07 1857812                    /home/maulana/.gradle/native/19/linux-amd64/libnative-platform.so
7f40453f3000-7f40453f5000 r--s 00005000 08:07 3700402                    /home/maulana/.gradle/wrapper/dists/gradle-2.14.1-all/8bnwg5hd3w55iofp58khbp6yv/gradle-2.14.1/lib/gradle-wrapper-2.14.1.jar
7f40453f5000-7f4045403000 r--s 0004f000 08:07 3700409                    /home/maulana/.gradle/wrapper/dists/gradle-2.14.1-all/8bnwg5hd3w55iofp58khbp6yv/gradle-2.14.1/lib/gradle-tooling-api-2.14.1.jar
7f4045403000-7f4045405000 r--s 00002000 08:07 3700429                    /home/maulana/.gradle/wrapper/dists/gradle-2.14.1-all/8bnwg5hd3w55iofp58khbp6yv/gradle-2.14.1/lib/gradle-open-api-2.14.1.jar
7f4045405000-7f404540b000 r--s 00032000 08:07 3700431                    /home/maulana/.gradle/wrapper/dists/gradle-2.14.1-all/8bnwg5hd3w55iofp58khbp6yv/gradle-2.14.1/lib/jaxen-1.1.jar
7f404540b000-7f4045410000 r--s 00048000 08:07 3700430                    /home/maulana/.gradle/wrapper/dists/gradle-2.14.1-all/8bnwg5hd3w55iofp58khbp6yv/gradle-2.14.1/lib/dom4j-1.6.1.jar
7f4045410000-7f404541b000 r--s 00059000 08:07 3700408                    /home/maulana/.gradle/wrapper/dists/gradle-2.14.1-all/8bnwg5hd3w55iofp58khbp6yv/gradle-2.14.1/lib/gradle-ui-2.14.1.jar
7f404541b000-7f404541e000 r--s 0000b000 08:07 3700427                    /home/maulana/.gradle/wrapper/dists/gradle-2.14.1-all/8bnwg5hd3w55iofp58khbp6yv/gradle-2.14.1/lib/gradle-resources-2.14.1.jar
7f404541e000-7f4045420000 r--s 00003000 08:07 3700439                    /home/maulana/.gradle/wrapper/dists/gradle-2.14.1-all/8bnwg5hd3w55iofp58khbp6yv/gradle-2.14.1/lib/jcl-over-slf4j-1.7.10.jar
7f4045420000-7f4045421000 r--s 00005000 08:07 3700438                    /home/maulana/.gradle/wrapper/dists/gradle-2.14.1-all/8bnwg5hd3w55iofp58khbp6yv/gradle-2.14.1/lib/log4j-over-slf4j-1.7.10.jar
7f4045421000-7f4045423000 r--s 00000000 08:07 3700437                    /home/maulana/.gradle/wrapper/dists/gradle-2.14.1-all/8bnwg5hd3w55iofp58khbp6yv/gradle-2.14.1/lib/jul-to-slf4j-1.7.10.jar
7f4045423000-7f4045428000 r--s 0001c000 08:07 3700426                    /home/maulana/.gradle/wrapper/dists/gradle-2.14.1-all/8bnwg5hd3w55iofp58khbp6yv/gradle-2.14.1/lib/gradle-logging-2.14.1.jar
7f4045428000-7f404542a000 r--s 00007000 08:07 3700450                    /home/maulana/.gradle/wrapper/dists/gradle-2.14.1-all/8bnwg5hd3w55iofp58khbp6yv/gradle-2.14.1/lib/objenesis-1.2.jar
7f404542a000-7f404542c000 r--s 00000000 08:07 3700449                    /home/maulana/.gradle/wrapper/dists/gradle-2.14.1-all/8bnwg5hd3w55iofp58khbp6yv/gradle-2.14.1/lib/minlog-1.2.jar
7f404542c000-7f404542e000 r--s 0000f000 08:07 3700448                    /home/maulana/.gradle/wrapper/dists/gradle-2.14.1-all/8bnwg5hd3w55iofp58khbp6yv/gradle-2.14.1/lib/reflectasm-1.07-shaded.jar
7f404542e000-7f4045432000 r--s 00026000 08:07 3700436                    /home/maulana/.gradle/wrapper/dists/gradle-2.14.1-all/8bnwg5hd3w55iofp58khbp6yv/gradle-2.14.1/lib/kryo-2.20.jar
7f4045432000-7f4045438000 r--s 00025000 08:07 3700425                    /home/maulana/.gradle/wrapper/dists/gradle-2.14.1-all/8bnwg5hd3w55iofp58khbp6yv/gradle-2.14.1/lib/gradle-messaging-2.14.1.jar
7f4045438000-7f4045439000 r--s 00003000 08:07 3700447                    /home/maulana/.gradle/wrapper/dists/gradle-2.14.1-all/8bnwg5hd3w55iofp58khbp6yv/gradle-2.14.1/lib/native-platform-freebsd-amd64-0.10.jar
7f4045439000-7f404543a000 r--s 00003000 08:07 3700446                    /home/maulana/.gradle/wrapper/dists/gradle-2.14.1-all/8bnwg5hd3w55iofp58khbp6yv/gradle-2.14.1/lib/native-platform-freebsd-i386-0.10.jar
7f404543a000-7f404543b000 r--s 00005000 08:07 3700445                    /home/maulana/.gradle/wrapper/dists/gradle-2.14.1-all/8bnwg5hd3w55iofp58khbp6yv/gradle-2.14.1/lib/native-platform-windows-i386-0.10.jar
7f404543b000-7f404543c000 r--s 00005000 08:07 3700444                    /home/maulana/.gradle/wrapper/dists/gradle-2.14.1-all/8bnwg5hd3w55iofp58khbp6yv/gradle-2.14.1/lib/native-platform-windows-amd64-0.10.jar
7f404543c000-7f404543d000 r--s 00003000 08:07 3700443                    /home/maulana/.gradle/wrapper/dists/gradle-2.14.1-all/8bnwg5hd3w55iofp58khbp6yv/gradle-2.14.1/lib/native-platform-linux-i386-0.10.jar
7f404543d000-7f404543e000 r--s 00003000 08:07 3700442                    /home/maulana/.gradle/wrapper/dists/gradle-2.14.1-all/8bnwg5hd3w55iofp58khbp6yv/gradle-2.14.1/lib/native-platform-linux-amd64-0.10.jar
7f404543e000-7f404543f000 r--s 00002000 08:07 3700441                    /home/maulana/.gradle/wrapper/dists/gradle-2.14.1-all/8bnwg5hd3w55iofp58khbp6yv/gradle-2.14.1/lib/native-platform-osx-amd64-0.10.jar
7f404543f000-7f4045441000 r--s 00008000 08:07 3700434                    /home/maulana/.gradle/wrapper/dists/gradle-2.14.1-all/8bnwg5hd3w55iofp58khbp6yv/gradle-2.14.1/lib/jansi-1.2.1.jar
7f4045441000-7f4045450000 r--s 00080000 08:07 3700416                    /home/maulana/.gradle/wrapper/dists/gradle-2.14.1-all/8bnwg5hd3w55iofp58khbp6yv/gradle-2.14.1/lib/gradle-model-core-2.14.1.jar
7f4045450000-7f404545d000 r--s 00083000 08:07 3700420                    /home/maulana/.gradle/wrapper/dists/gradle-2.14.1-all/8bnwg5hd3w55iofp58khbp6yv/gradle-2.14.1/lib/commons-collections-3.2.2.jar
7f404545d000-7f40454cc000 r--s 0063e000 08:07 3700415                    /home/maulana/.gradle/wrapper/dists/gradle-2.14.1-all/8bnwg5hd3w55iofp58khbp6yv/gradle-2.14.1/lib/groovy-all-2.4.4.jar
7f40454cc000-7f40454f4000 r--s 001cf000 08:07 3700412                    /home/maulana/.gradle/wrapper/dists/gradle-2.14.1-all/8bnwg5hd3w55iofp58khbp6yv/gradle-2.14.1/lib/guava-jdk5-17.0.jar
7f40454f4000-7f4045513000 r--s 001d1000 08:07 3700419                    /home/maulana/.gradle/wrapper/dists/gradle-2.14.1-all/8bnwg5hd3w55iofp58khbp6yv/gradle-2.14.1/lib/ant-1.9.6.jar
7f4045513000-7f404554a000 r--s 001bd000 08:07 3700406                    /home/maulana/.gradle/wrapper/dists/gradle-2.14.1-all/8bnwg5hd3w55iofp58khbp6yv/gradle-2.14.1/lib/gradle-core-2.14.1.jar
7f404554a000-7f404555b000 r-xp 00000000 08:07 538748                     /usr/lib/jvm/java-8-oracle/jre/lib/amd64/libnio.so
7f404555b000-7f404575a000 ---p 00011000 08:07 538748                     /usr/lib/jvm/java-8-oracle/jre/lib/amd64/libnio.so
7f404575a000-7f404575b000 rw-p 00010000 08:07 538748                     /usr/lib/jvm/java-8-oracle/jre/lib/amd64/libnio.so
7f404575b000-7f404578c000 rw-p 00000000 00:00 0 
7f404578c000-7f40457a2000 r-xp 00000000 08:07 538774                     /usr/lib/jvm/java-8-oracle/jre/lib/amd64/libnet.so
7f40457a2000-7f40459a2000 ---p 00016000 08:07 538774                     /usr/lib/jvm/java-8-oracle/jre/lib/amd64/libnet.so
7f40459a2000-7f40459a3000 rw-p 00016000 08:07 538774                     /usr/lib/jvm/java-8-oracle/jre/lib/amd64/libnet.so
7f40459a3000-7f40459a4000 ---p 00000000 00:00 0 
7f40459a4000-7f4045aa4000 rw-p 00000000 00:00 0 
7f4045aa4000-7f4045aa7000 ---p 00000000 00:00 0 
7f4045aa7000-7f4045ba5000 rw-p 00000000 00:00 0 
7f4045ba5000-7f4045ba8000 ---p 00000000 00:00 0 
7f4045ba8000-7f4045ca6000 rw-p 00000000 00:00 0 
7f4045ca6000-7f4045ca9000 ---p 00000000 00:00 0 
7f4045ca9000-7f4045da7000 rw-p 00000000 00:00 0 
7f4045da7000-7f4045daa000 ---p 00000000 00:00 0 
7f4045daa000-7f4045ea8000 rw-p 00000000 00:00 0 
7f4045ea8000-7f4045eab000 ---p 00000000 00:00 0 
7f4045eab000-7f4045fa9000 rw-p 00000000 00:00 0 
7f4045fa9000-7f404668c000 r--p 00000000 08:07 269742                     /usr/lib/locale/locale-archive
7f404668c000-7f404668f000 ---p 00000000 00:00 0 
7f404668f000-7f404678d000 rw-p 00000000 00:00 0 
7f404678d000-7f4046790000 ---p 00000000 00:00 0 
7f4046790000-7f404688e000 rw-p 00000000 00:00 0 
7f404688e000-7f404688f000 ---p 00000000 00:00 0 
7f404688f000-7f4048000000 rw-p 00000000 00:00 0 
7f4048000000-7f4048021000 rw-p 00000000 00:00 0 
7f4048021000-7f404c000000 ---p 00000000 00:00 0 
7f404c000000-7f404c003000 r--s 0000d000 08:07 3700433                    /home/maulana/.gradle/wrapper/dists/gradle-2.14.1-all/8bnwg5hd3w55iofp58khbp6yv/gradle-2.14.1/lib/native-platform-0.10.jar
7f404c003000-7f404c007000 r--s 000e4000 08:07 3700432                    /home/maulana/.gradle/wrapper/dists/gradle-2.14.1-all/8bnwg5hd3w55iofp58khbp6yv/gradle-2.14.1/lib/jna-3.2.7.jar
7f404c007000-7f404c157000 rw-p 00000000 00:00 0 
7f404c157000-7f404c330000 r--s 03d3e000 08:07 538840                     /usr/lib/jvm/java-8-oracle/jre/lib/rt.jar
7f404c330000-7f4050000000 rw-p 00000000 00:00 0 
7f4050000000-7f4050021000 rw-p 00000000 00:00 0 
7f4050021000-7f4054000000 ---p 00000000 00:00 0 
7f4054000000-7f4054001000 r--s 00002000 08:07 3700440                    /home/maulana/.gradle/wrapper/dists/gradle-2.14.1-all/8bnwg5hd3w55iofp58khbp6yv/gradle-2.14.1/lib/native-platform-osx-i386-0.10.jar
7f4054001000-7f4054003000 r--s 00009000 08:07 3700410                    /home/maulana/.gradle/wrapper/dists/gradle-2.14.1-all/8bnwg5hd3w55iofp58khbp6yv/gradle-2.14.1/lib/gradle-native-2.14.1.jar
7f4054003000-7f4054005000 r--s 00005000 08:07 3700407                    /home/maulana/.gradle/wrapper/dists/gradle-2.14.1-all/8bnwg5hd3w55iofp58khbp6yv/gradle-2.14.1/lib/gradle-cli-2.14.1.jar
7f4054005000-7f4054007000 r--s 00007000 08:07 3700417                    /home/maulana/.gradle/wrapper/dists/gradle-2.14.1-all/8bnwg5hd3w55iofp58khbp6yv/gradle-2.14.1/lib/gradle-model-groovy-2.14.1.jar
7f4054007000-7f4054008000 r--s 00006000 08:07 3700424                    /home/maulana/.gradle/wrapper/dists/gradle-2.14.1-all/8bnwg5hd3w55iofp58khbp6yv/gradle-2.14.1/lib/gradle-base-services-groovy-2.14.1.jar
7f4054008000-7f4054009000 r--s 00002000 08:07 3700428                    /home/maulana/.gradle/wrapper/dists/gradle-2.14.1-all/8bnwg5hd3w55iofp58khbp6yv/gradle-2.14.1/lib/gradle-docs-2.14.1.jar
7f4054009000-7f405400a000 r--s 00000000 08:07 3700423                    /home/maulana/.gradle/wrapper/dists/gradle-2.14.1-all/8bnwg5hd3w55iofp58khbp6yv/gradle-2.14.1/lib/javax.inject-1.jar
7f405400a000-7f405446e000 rw-p 00000000 00:00 0 
7f405446e000-7f405446f000 ---p 00000000 00:00 0 
7f405446f000-7f405456f000 rw-p 00000000 00:00 0 
7f405456f000-7f4054570000 ---p 00000000 00:00 0 
7f4054570000-7f4054670000 rw-p 00000000 00:00 0 
7f4054670000-7f4054671000 ---p 00000000 00:00 0 
7f4054671000-7f4054771000 rw-p 00000000 00:00 0 
7f4054771000-7f4054772000 ---p 00000000 00:00 0 
7f4054772000-7f405488c000 rw-p 00000000 00:00 0 
7f405488c000-7f4054afa000 ---p 00000000 00:00 0 
7f4054afa000-7f4054b73000 rw-p 00000000 00:00 0 
7f4054b73000-7f4054c3f000 ---p 00000000 00:00 0 
7f4054c3f000-7f4054c71000 rw-p 00000000 00:00 0 
7f4054c71000-7f4055000000 ---p 00000000 00:00 0 
7f4055000000-7f4055c20000 rwxp 00000000 00:00 0 
7f4055c20000-7f4064000000 ---p 00000000 00:00 0 
7f4064000000-7f4065ec6000 rw-p 00000000 00:00 0 
7f4065ec6000-7f4068000000 ---p 00000000 00:00 0 
7f4068000000-7f4068004000 r--s 00027000 08:07 3700421                    /home/maulana/.gradle/wrapper/dists/gradle-2.14.1-all/8bnwg5hd3w55iofp58khbp6yv/gradle-2.14.1/lib/commons-io-2.2.jar
7f4068004000-7f4068009000 r--s 00038000 08:07 3700418                    /home/maulana/.gradle/wrapper/dists/gradle-2.14.1-all/8bnwg5hd3w55iofp58khbp6yv/gradle-2.14.1/lib/asm-all-5.1.jar
7f4068009000-7f4068023000 rw-p 00000000 00:00 0 
7f4068023000-7f4068292000 ---p 00000000 00:00 0 
7f4068292000-7f40682ac000 r-xp 00000000 08:07 538770                     /usr/lib/jvm/java-8-oracle/jre/lib/amd64/libzip.so
7f40682ac000-7f40684ac000 ---p 0001a000 08:07 538770                     /usr/lib/jvm/java-8-oracle/jre/lib/amd64/libzip.so
7f40684ac000-7f40684ad000 rw-p 0001a000 08:07 538770                     /usr/lib/jvm/java-8-oracle/jre/lib/amd64/libzip.so
7f40684ad000-7f40684b7000 r-xp 00000000 08:07 2236035                    /lib/x86_64-linux-gnu/libnss_files-2.19.so
7f40684b7000-7f40686b6000 ---p 0000a000 08:07 2236035                    /lib/x86_64-linux-gnu/libnss_files-2.19.so
7f40686b6000-7f40686b7000 r--p 00009000 08:07 2236035                    /lib/x86_64-linux-gnu/libnss_files-2.19.so
7f40686b7000-7f40686b8000 rw-p 0000a000 08:07 2236035                    /lib/x86_64-linux-gnu/libnss_files-2.19.so
7f40686b8000-7f40686c3000 r-xp 00000000 08:07 2236020                    /lib/x86_64-linux-gnu/libnss_nis-2.19.so
7f40686c3000-7f40688c2000 ---p 0000b000 08:07 2236020                    /lib/x86_64-linux-gnu/libnss_nis-2.19.so
7f40688c2000-7f40688c3000 r--p 0000a000 08:07 2236020                    /lib/x86_64-linux-gnu/libnss_nis-2.19.so
7f40688c3000-7f40688c4000 rw-p 0000b000 08:07 2236020                    /lib/x86_64-linux-gnu/libnss_nis-2.19.so
7f40688c4000-7f40688db000 r-xp 00000000 08:07 2236029                    /lib/x86_64-linux-gnu/libnsl-2.19.so
7f40688db000-7f4068ada000 ---p 00017000 08:07 2236029                    /lib/x86_64-linux-gnu/libnsl-2.19.so
7f4068ada000-7f4068adb000 r--p 00016000 08:07 2236029                    /lib/x86_64-linux-gnu/libnsl-2.19.so
7f4068adb000-7f4068adc000 rw-p 00017000 08:07 2236029                    /lib/x86_64-linux-gnu/libnsl-2.19.so
7f4068adc000-7f4068ade000 rw-p 00000000 00:00 0 
7f4068ade000-7f4068ae7000 r-xp 00000000 08:07 2236027                    /lib/x86_64-linux-gnu/libnss_compat-2.19.so
7f4068ae7000-7f4068ce6000 ---p 00009000 08:07 2236027                    /lib/x86_64-linux-gnu/libnss_compat-2.19.so
7f4068ce6000-7f4068ce7000 r--p 00008000 08:07 2236027                    /lib/x86_64-linux-gnu/libnss_compat-2.19.so
7f4068ce7000-7f4068ce8000 rw-p 00009000 08:07 2236027                    /lib/x86_64-linux-gnu/libnss_compat-2.19.so
7f4068ce8000-7f4068d13000 r-xp 00000000 08:07 538784                     /usr/lib/jvm/java-8-oracle/jre/lib/amd64/libjava.so
7f4068d13000-7f4068f12000 ---p 0002b000 08:07 538784                     /usr/lib/jvm/java-8-oracle/jre/lib/amd64/libjava.so
7f4068f12000-7f4068f14000 rw-p 0002a000 08:07 538784                     /usr/lib/jvm/java-8-oracle/jre/lib/amd64/libjava.so
7f4068f14000-7f4068f21000 r-xp 00000000 08:07 538802                     /usr/lib/jvm/java-8-oracle/jre/lib/amd64/libverify.so
7f4068f21000-7f4069120000 ---p 0000d000 08:07 538802                     /usr/lib/jvm/java-8-oracle/jre/lib/amd64/libverify.so
7f4069120000-7f4069122000 rw-p 0000c000 08:07 538802                     /usr/lib/jvm/java-8-oracle/jre/lib/amd64/libverify.so
7f4069122000-7f4069129000 r-xp 00000000 08:07 2236017                    /lib/x86_64-linux-gnu/librt-2.19.so
7f4069129000-7f4069328000 ---p 00007000 08:07 2236017                    /lib/x86_64-linux-gnu/librt-2.19.so
7f4069328000-7f4069329000 r--p 00006000 08:07 2236017                    /lib/x86_64-linux-gnu/librt-2.19.so
7f4069329000-7f406932a000 rw-p 00007000 08:07 2236017                    /lib/x86_64-linux-gnu/librt-2.19.so
7f406932a000-7f406942f000 r-xp 00000000 08:07 2236030                    /lib/x86_64-linux-gnu/libm-2.19.so
7f406942f000-7f406962e000 ---p 00105000 08:07 2236030                    /lib/x86_64-linux-gnu/libm-2.19.so
7f406962e000-7f406962f000 r--p 00104000 08:07 2236030                    /lib/x86_64-linux-gnu/libm-2.19.so
7f406962f000-7f4069630000 rw-p 00105000 08:07 2236030                    /lib/x86_64-linux-gnu/libm-2.19.so
7f4069630000-7f406a2fe000 r-xp 00000000 08:07 538790                     /usr/lib/jvm/java-8-oracle/jre/lib/amd64/server/libjvm.so
7f406a2fe000-7f406a4fe000 ---p 00cce000 08:07 538790                     /usr/lib/jvm/java-8-oracle/jre/lib/amd64/server/libjvm.so
7f406a4fe000-7f406a5d7000 rw-p 00cce000 08:07 538790                     /usr/lib/jvm/java-8-oracle/jre/lib/amd64/server/libjvm.so
7f406a5d7000-7f406a622000 rw-p 00000000 00:00 0 
7f406a622000-7f406a7e0000 r-xp 00000000 08:07 2236026                    /lib/x86_64-linux-gnu/libc-2.19.so
7f406a7e0000-7f406a9df000 ---p 001be000 08:07 2236026                    /lib/x86_64-linux-gnu/libc-2.19.so
7f406a9df000-7f406a9e3000 r--p 001bd000 08:07 2236026                    /lib/x86_64-linux-gnu/libc-2.19.so
7f406a9e3000-7f406a9e5000 rw-p 001c1000 08:07 2236026                    /lib/x86_64-linux-gnu/libc-2.19.so
7f406a9e5000-7f406a9ea000 rw-p 00000000 00:00 0 
7f406a9ea000-7f406a9ed000 r-xp 00000000 08:07 2236036                    /lib/x86_64-linux-gnu/libdl-2.19.so
7f406a9ed000-7f406abec000 ---p 00003000 08:07 2236036                    /lib/x86_64-linux-gnu/libdl-2.19.so
7f406abec000-7f406abed000 r--p 00002000 08:07 2236036                    /lib/x86_64-linux-gnu/libdl-2.19.so
7f406abed000-7f406abee000 rw-p 00003000 08:07 2236036                    /lib/x86_64-linux-gnu/libdl-2.19.so
7f406abee000-7f406ac03000 r-xp 00000000 08:07 536993                     /usr/lib/jvm/java-8-oracle/lib/amd64/jli/libjli.so
7f406ac03000-7f406ae03000 ---p 00015000 08:07 536993                     /usr/lib/jvm/java-8-oracle/lib/amd64/jli/libjli.so
7f406ae03000-7f406ae04000 rw-p 00015000 08:07 536993                     /usr/lib/jvm/java-8-oracle/lib/amd64/jli/libjli.so
7f406ae04000-7f406ae1d000 r-xp 00000000 08:07 2236037                    /lib/x86_64-linux-gnu/libpthread-2.19.so
7f406ae1d000-7f406b01c000 ---p 00019000 08:07 2236037                    /lib/x86_64-linux-gnu/libpthread-2.19.so
7f406b01c000-7f406b01d000 r--p 00018000 08:07 2236037                    /lib/x86_64-linux-gnu/libpthread-2.19.so
7f406b01d000-7f406b01e000 rw-p 00019000 08:07 2236037                    /lib/x86_64-linux-gnu/libpthread-2.19.so
7f406b01e000-7f406b022000 rw-p 00000000 00:00 0 
7f406b022000-7f406b045000 r-xp 00000000 08:07 2236034                    /lib/x86_64-linux-gnu/ld-2.19.so
7f406b045000-7f406b046000 r--s 00000000 08:07 3700422                    /home/maulana/.gradle/wrapper/dists/gradle-2.14.1-all/8bnwg5hd3w55iofp58khbp6yv/gradle-2.14.1/lib/jcip-annotations-1.0.jar
7f406b046000-7f406b047000 r--s 00001000 08:07 3700414                    /home/maulana/.gradle/wrapper/dists/gradle-2.14.1-all/8bnwg5hd3w55iofp58khbp6yv/gradle-2.14.1/lib/gradle-process-services-2.14.1.jar
7f406b047000-7f406b048000 r--s 00000000 08:07 3700405                    /home/maulana/.gradle/wrapper/dists/gradle-2.14.1-all/8bnwg5hd3w55iofp58khbp6yv/gradle-2.14.1/lib/gradle-jvm-services-2.14.1.jar
7f406b048000-7f406b04d000 r--s 00041000 08:07 3700413                    /home/maulana/.gradle/wrapper/dists/gradle-2.14.1-all/8bnwg5hd3w55iofp58khbp6yv/gradle-2.14.1/lib/commons-lang-2.6.jar
7f406b04d000-7f406b058000 r--s 00051000 08:07 3700401                    /home/maulana/.gradle/wrapper/dists/gradle-2.14.1-all/8bnwg5hd3w55iofp58khbp6yv/gradle-2.14.1/lib/gradle-launcher-2.14.1.jar
7f406b058000-7f406b123000 rw-p 00000000 00:00 0 
7f406b123000-7f406b126000 ---p 00000000 00:00 0 
7f406b126000-7f406b228000 rw-p 00000000 00:00 0 
7f406b228000-7f406b229000 r--s 00007000 08:07 3700411                    /home/maulana/.gradle/wrapper/dists/gradle-2.14.1-all/8bnwg5hd3w55iofp58khbp6yv/gradle-2.14.1/lib/slf4j-api-1.7.10.jar
7f406b229000-7f406b22a000 r--s 00004000 08:07 3700435                    /home/maulana/.gradle/wrapper/dists/gradle-2.14.1-all/8bnwg5hd3w55iofp58khbp6yv/gradle-2.14.1/lib/ant-launcher-1.9.6.jar
7f406b22a000-7f406b232000 r--s 0003a000 08:07 3700404                    /home/maulana/.gradle/wrapper/dists/gradle-2.14.1-all/8bnwg5hd3w55iofp58khbp6yv/gradle-2.14.1/lib/gradle-base-services-2.14.1.jar
7f406b232000-7f406b236000 r--s 0009a000 08:07 538644                     /usr/lib/jvm/java-8-oracle/jre/lib/jsse.jar
7f406b236000-7f406b238000 r--s 0000b000 08:07 4465251                    /home/maulana/Desktop/react-native/Pix/android/gradle/wrapper/gradle-wrapper.jar
7f406b238000-7f406b240000 rw-s 00000000 08:07 2122062                    /tmp/hsperfdata_maulana/7710
7f406b240000-7f406b241000 rw-p 00000000 00:00 0 
7f406b241000-7f406b242000 ---p 00000000 00:00 0 
7f406b242000-7f406b244000 rw-p 00000000 00:00 0 
7f406b244000-7f406b245000 r--p 00022000 08:07 2236034                    /lib/x86_64-linux-gnu/ld-2.19.so
7f406b245000-7f406b246000 rw-p 00023000 08:07 2236034                    /lib/x86_64-linux-gnu/ld-2.19.so
7f406b246000-7f406b247000 rw-p 00000000 00:00 0 
7ffe91003000-7ffe91025000 rw-p 00000000 00:00 0                          [stack]
7ffe91096000-7ffe91098000 r--p 00000000 00:00 0                          [vvar]
7ffe91098000-7ffe9109a000 r-xp 00000000 00:00 0                          [vdso]
ffffffffff600000-ffffffffff601000 r-xp 00000000 00:00 0                  [vsyscall]

VM Arguments:
jvm_args: -Dorg.gradle.appname=gradlew 
java_command: org.gradle.wrapper.GradleWrapperMain installDebug
java_class_path (initial): /home/maulana/Desktop/react-native/Pix/android/gradle/wrapper/gradle-wrapper.jar
Launcher Type: SUN_STANDARD

Environment Variables:
JAVA_HOME=/usr/lib/jvm/java-8-oracle/
PATH=/usr/local/heroku/bin:/usr/local/heroku/bin:/usr/local/sbin:/usr/local/bin:/usr/sbin:/usr/bin:/sbin:/bin:/usr/games:/usr/local/games:/usr/lib/jvm/java-8-oracle/bin:/usr/lib/jvm/java-8-oracle/db/bin:/usr/lib/jvm/java-8-oracle/jre/bin:/home/maulana/bin:/usr/lib/jvm/java-8-oracle//bin:/home/maulana/Android/Sdk/tools:/home/maulana/Android/Sdk/platform-tools:/usr/lib/jvm/java-8-oracle/bin:/usr/lib/jvm/java-8-oracle/db/bin:/usr/lib/jvm/java-8-oracle/jre/bin:/home/maulana/bin:/usr/lib/jvm/java-8-oracle//bin:/home/maulana/Android/Sdk/tools:/home/maulana/Android/Sdk/platform-tools
SHELL=/bin/bash
DISPLAY=:0

Signal Handlers:
SIGSEGV: [libjvm.so+0xac78c0], sa_mask[0]=11111111011111111101111111111110, sa_flags=SA_RESTART|SA_SIGINFO
SIGBUS: [libjvm.so+0xac78c0], sa_mask[0]=11111111011111111101111111111110, sa_flags=SA_RESTART|SA_SIGINFO
SIGFPE: [libjvm.so+0x920ac0], sa_mask[0]=11111111011111111101111111111110, sa_flags=SA_RESTART|SA_SIGINFO
SIGPIPE: [libjvm.so+0x920ac0], sa_mask[0]=11111111011111111101111111111110, sa_flags=SA_RESTART|SA_SIGINFO
SIGXFSZ: [libjvm.so+0x920ac0], sa_mask[0]=11111111011111111101111111111110, sa_flags=SA_RESTART|SA_SIGINFO
SIGILL: [libjvm.so+0x920ac0], sa_mask[0]=11111111011111111101111111111110, sa_flags=SA_RESTART|SA_SIGINFO
SIGUSR1: SIG_DFL, sa_mask[0]=00000000000000000000000000000000, sa_flags=none
SIGUSR2: [libjvm.so+0x922300], sa_mask[0]=00000000000000000000000000000000, sa_flags=SA_RESTART|SA_SIGINFO
SIGHUP: [libjvm.so+0x923700], sa_mask[0]=11111111011111111101111111111110, sa_flags=SA_RESTART|SA_SIGINFO
SIGINT: [libjvm.so+0x923700], sa_mask[0]=11111111011111111101111111111110, sa_flags=SA_RESTART|SA_SIGINFO
SIGTERM: [libjvm.so+0x923700], sa_mask[0]=11111111011111111101111111111110, sa_flags=SA_RESTART|SA_SIGINFO
SIGQUIT: [libjvm.so+0x923700], sa_mask[0]=11111111011111111101111111111110, sa_flags=SA_RESTART|SA_SIGINFO


---------------  S Y S T E M  ---------------

OS:DISTRIB_ID=Ubuntu
DISTRIB_RELEASE=14.04
DISTRIB_CODENAME=trusty
DISTRIB_DESCRIPTION="Ubuntu 14.04.5 LTS"

uname:Linux 4.4.0-75-generic #96~14.04.1-Ubuntu SMP Thu Apr 20 11:06:30 UTC 2017 x86_64
libc:glibc 2.19 NPTL 2.19 
rlimit: STACK 8192k, CORE 0k, NPROC 31019, NOFILE 4096, AS infinity
load average:1,12 0,84 0,94

/proc/meminfo:
MemTotal:        7966412 kB
MemFree:          195676 kB
MemAvailable:     236984 kB
Buffers:           26024 kB
Cached:          1215268 kB
SwapCached:        22624 kB
Active:          6160652 kB
Inactive:        1330244 kB
Active(anon):    6033088 kB
Inactive(anon):  1227340 kB
Active(file):     127564 kB
Inactive(file):   102904 kB
Unevictable:         128 kB
Mlocked:             128 kB
SwapTotal:      10741756 kB
SwapFree:        9735988 kB
Dirty:               352 kB
Writeback:            24 kB
AnonPages:       6245620 kB
Mapped:           615504 kB
Shmem:           1010808 kB
Slab:             109592 kB
SReclaimable:      63636 kB
SUnreclaim:        45956 kB
KernelStack:       15776 kB
PageTables:        78504 kB
NFS_Unstable:          0 kB
Bounce:                0 kB
WritebackTmp:          0 kB
CommitLimit:    14724960 kB
Committed_AS:   17295440 kB
VmallocTotal:   34359738367 kB
VmallocUsed:           0 kB
VmallocChunk:          0 kB
HardwareCorrupted:     0 kB
AnonHugePages:   2611200 kB
CmaTotal:              0 kB
CmaFree:               0 kB
HugePages_Total:       0
HugePages_Free:        0
HugePages_Rsvd:        0
HugePages_Surp:        0
Hugepagesize:       2048 kB
DirectMap4k:      278584 kB
DirectMap2M:     7901184 kB


CPU:total 4 (2 cores per cpu, 2 threads per core) family 6 model 37 stepping 5, cmov, cx8, fxsr, mmx, sse, sse2, sse3, ssse3, sse4.1, sse4.2, popcnt, aes, clmul, ht, tsc, tscinvbit

/proc/cpuinfo:
processor	: 0
vendor_id	: GenuineIntel
cpu family	: 6
model		: 37
model name	: Intel(R) Core(TM) i5 CPU       M 520  @ 2.40GHz
stepping	: 5
microcode	: 0x2
cpu MHz		: 2266.000
cache size	: 3072 KB
physical id	: 0
siblings	: 4
core id		: 0
cpu cores	: 2
apicid		: 0
initial apicid	: 0
fpu		: yes
fpu_exception	: yes
cpuid level	: 11
wp		: yes
flags		: fpu vme de pse tsc msr pae mce cx8 apic sep mtrr pge mca cmov pat pse36 clflush dts acpi mmx fxsr sse sse2 ss ht tm pbe syscall nx rdtscp lm constant_tsc arch_perfmon pebs bts rep_good nopl xtopology nonstop_tsc aperfmperf pni pclmulqdq dtes64 monitor ds_cpl vmx smx est tm2 ssse3 cx16 xtpr pdcm pcid sse4_1 sse4_2 popcnt aes lahf_lm tpr_shadow vnmi flexpriority ept vpid dtherm ida arat
bugs		:
bogomips	: 4787.94
clflush size	: 64
cache_alignment	: 64
address sizes	: 36 bits physical, 48 bits virtual
power management:

processor	: 1
vendor_id	: GenuineIntel
cpu family	: 6
model		: 37
model name	: Intel(R) Core(TM) i5 CPU       M 520  @ 2.40GHz
stepping	: 5
microcode	: 0x2
cpu MHz		: 2400.000
cache size	: 3072 KB
physical id	: 0
siblings	: 4
core id		: 0
cpu cores	: 2
apicid		: 1
initial apicid	: 1
fpu		: yes
fpu_exception	: yes
cpuid level	: 11
wp		: yes
flags		: fpu vme de pse tsc msr pae mce cx8 apic sep mtrr pge mca cmov pat pse36 clflush dts acpi mmx fxsr sse sse2 ss ht tm pbe syscall nx rdtscp lm constant_tsc arch_perfmon pebs bts rep_good nopl xtopology nonstop_tsc aperfmperf pni pclmulqdq dtes64 monitor ds_cpl vmx smx est tm2 ssse3 cx16 xtpr pdcm pcid sse4_1 sse4_2 popcnt aes lahf_lm tpr_shadow vnmi flexpriority ept vpid dtherm ida arat
bugs		:
bogomips	: 4787.94
clflush size	: 64
cache_alignment	: 64
address sizes	: 36 bits physical, 48 bits virtual
power management:

processor	: 2
vendor_id	: GenuineIntel
cpu family	: 6
model		: 37
model name	: Intel(R) Core(TM) i5 CPU       M 520  @ 2.40GHz
stepping	: 5
microcode	: 0x2
cpu MHz		: 2400.000
cache size	: 3072 KB
physical id	: 0
siblings	: 4
core id		: 2
cpu cores	: 2
apicid		: 4
initial apicid	: 4
fpu		: yes
fpu_exception	: yes
cpuid level	: 11
wp		: yes
flags		: fpu vme de pse tsc msr pae mce cx8 apic sep mtrr pge mca cmov pat pse36 clflush dts acpi mmx fxsr sse sse2 ss ht tm pbe syscall nx rdtscp lm constant_tsc arch_perfmon pebs bts rep_good nopl xtopology nonstop_tsc aperfmperf pni pclmulqdq dtes64 monitor ds_cpl vmx smx est tm2 ssse3 cx16 xtpr pdcm pcid sse4_1 sse4_2 popcnt aes lahf_lm tpr_shadow vnmi flexpriority ept vpid dtherm ida arat
bugs		:
bogomips	: 4787.94
clflush size	: 64
cache_alignment	: 64
address sizes	: 36 bits physical, 48 bits virtual
power management:

processor	: 3
vendor_id	: GenuineIntel
cpu family	: 6
model		: 37
model name	: Intel(R) Core(TM) i5 CPU       M 520  @ 2.40GHz
stepping	: 5
microcode	: 0x2
cpu MHz		: 2400.000
cache size	: 3072 KB
physical id	: 0
siblings	: 4
core id		: 2
cpu cores	: 2
apicid		: 5
initial apicid	: 5
fpu		: yes
fpu_exception	: yes
cpuid level	: 11
wp		: yes
flags		: fpu vme de pse tsc msr pae mce cx8 apic sep mtrr pge mca cmov pat pse36 clflush dts acpi mmx fxsr sse sse2 ss ht tm pbe syscall nx rdtscp lm constant_tsc arch_perfmon pebs bts rep_good nopl xtopology nonstop_tsc aperfmperf pni pclmulqdq dtes64 monitor ds_cpl vmx smx est tm2 ssse3 cx16 xtpr pdcm pcid sse4_1 sse4_2 popcnt aes lahf_lm tpr_shadow vnmi flexpriority ept vpid dtherm ida arat
bugs		:
bogomips	: 4787.94
clflush size	: 64
cache_alignment	: 64
address sizes	: 36 bits physical, 48 bits virtual
power management:



Memory: 4k page, physical 7966412k(195676k free), swap 10741756k(9735988k free)

vm_info: Java HotSpot(TM) 64-Bit Server VM (25.121-b13) for linux-amd64 JRE (1.8.0_121-b13), built on Dec 12 2016 16:36:53 by "java_re" with gcc 4.3.0 20080428 (Red Hat 4.3.0-8)

time: Sat May  6 18:56:08 2017
elapsed time: 12 seconds (0d 0h 0m 12s)

