#
# A fatal error has been detected by the Java Runtime Environment:
#
#  SIGSEGV (0xb) at pc=0x00007fb5b2147128, pid=8976, tid=0x00007fb58e00b700
#
# JRE version: Java(TM) SE Runtime Environment (8.0_121-b13) (build 1.8.0_121-b13)
# Java VM: Java HotSpot(TM) 64-Bit Server VM (25.121-b13 mixed mode linux-amd64 compressed oops)
# Problematic frame:
# V  [libjvm.so+0x7fe128]  PhaseLive::compute(unsigned int)+0x3e8
#
# Failed to write core dump. Core dumps have been disabled. To enable core dumping, try "ulimit -c unlimited" before starting Java again
#
# If you would like to submit a bug report, please visit:
#   http://bugreport.java.com/bugreport/crash.jsp
#

---------------  T H R E A D  ---------------

Current thread (0x00007fb5ac0bc000):  JavaThread "C2 CompilerThread1" daemon [_thread_in_native, id=8993, stack(0x00007fb58df0b000,0x00007fb58e00c000)]

siginfo: si_signo: 11 (SIGSEGV), si_code: 1 (SEGV_MAPERR), si_addr: 0x0000000000000028

Registers:
RAX=0x0000000000000000, RBX=0x0000000000000100, RCX=0x0000000000000000, RDX=0x00007fb5b29002c0
RSP=0x00007fb58e007640, RBP=0x00007fb58e007700, RSI=0x0000000000000000, RDI=0x0000000000000080
R8 =0x0000000000000010, R9 =0x00007fb568a9c150, R10=0x0000000000000000, R11=0x00007fb58e0076b0
R12=0x0000000000000008, R13=0x00007fb5ad287850, R14=0x00007fb58e007810, R15=0x00007fb56c655f28
RIP=0x00007fb5b2147128, EFLAGS=0x0000000000010246, CSGSFS=0x0000000000000033, ERR=0x0000000000000004
  TRAPNO=0x000000000000000e

Top of Stack: (sp=0x00007fb58e007640)
0x00007fb58e007640:   00007fb58e007670 00007fb568a9c150
0x00007fb58e007650:   0000000000000010 00007fb58e0076b0
0x00007fb58e007660:   00007fb5b28d31a0 00000488000034cf
0x00007fb58e007670:   00007fb5ad394e40 000000020000000a
0x00007fb58e007680:   00007fb568c40550 00007fb568c405a0
0x00007fb58e007690:   00007fb568c48538 00007fb5ac01bd10
0x00007fb58e0076a0:   0000000000347fe8 00007fb57491e798
0x00007fb58e0076b0:   00007fb5b28b5710 00007fb5ac01bd10
0x00007fb58e0076c0:   00007fb500000040 00007fb56c1573a8
0x00007fb58e0076d0:   00007fb58e009098 00007fb5b29002c0
0x00007fb58e0076e0:   0000000000001164 0000000000000050
0x00007fb58e0076f0:   00007fb58e009098 0000000000001164
0x00007fb58e007700:   00007fb58e007970 00007fb5b1d57c85
0x00007fb58e007710:   00007fb50000007c 00007fb58e0078b0
0x00007fb58e007720:   00007fb58e007870 00007fb58e007750
0x00007fb58e007730:   00007fb58e007810 00007fb58e0078e0
0x00007fb58e007740:   00007fb58e008fb0 0000000a000008bb
0x00007fb58e007750:   00007fb5b289e210 000000000000000d
0x00007fb58e007760:   00007fb58e009e40 00007fb58e008fb0
0x00007fb58e007770:   00007fb5000039ec 00007fb5b29bd6d0
0x00007fb58e007780:   00007fb58e0077f0 00007fb5b28d1cc4
0x00007fb58e007790:   00007fb58e0077d0 00007fb5b2265d45
0x00007fb58e0077a0:   0000000c00000000 00007fb5b23bf9f6
0x00007fb58e0077b0:   000000000000e7c0 00007fb5b23bf947
0x00007fb58e0077c0:   00007fb58e007830 00007fb5b1c2af65
0x00007fb58e0077d0:   00007fb58e007830 00007fb5b1c292a4
0x00007fb58e0077e0:   0000000000000000 0000000000000000
0x00007fb58e0077f0:   0000000000000000 0000000000000000
0x00007fb58e007800:   00007fb500000000 00007fb5ac01bd10
0x00007fb58e007810:   000000000000000a 00007fb58e009e40
0x00007fb58e007820:   00007fb568809320 00007fb568a6f0b0
0x00007fb58e007830:   00007fb5ac3ebfb0 00007fb574117380 

Instructions: (pc=0x00007fb5b2147128)
0x00007fb5b2147108:   41 bc 08 00 00 00 4c 8d 04 c5 10 00 00 00 66 2e
0x00007fb5b2147118:   0f 1f 84 00 00 00 00 00 49 8b 47 08 4a 8b 04 20
0x00007fb5b2147128:   8b 48 28 49 8b 46 38 48 8b 40 68 89 ca 4c 3b 2c
0x00007fb5b2147138:   d0 74 65 49 8b 46 40 48 63 d1 48 8b 40 18 8b 1c 

Register to memory mapping:

RAX=0x0000000000000000 is an unknown value
RBX=0x0000000000000100 is an unknown value
RCX=0x0000000000000000 is an unknown value
RDX=0x00007fb5b29002c0: <offset 0xfb72c0> in /usr/lib/jvm/java-8-oracle/jre/lib/amd64/server/libjvm.so at 0x00007fb5b1949000
RSP=0x00007fb58e007640 is pointing into the stack for thread: 0x00007fb5ac0bc000
RBP=0x00007fb58e007700 is pointing into the stack for thread: 0x00007fb5ac0bc000
RSI=0x0000000000000000 is an unknown value
RDI=0x0000000000000080 is an unknown value
R8 =0x0000000000000010 is an unknown value
R9 =0x00007fb568a9c150 is an unknown value
R10=0x0000000000000000 is an unknown value
R11=0x00007fb58e0076b0 is pointing into the stack for thread: 0x00007fb5ac0bc000
R12=0x0000000000000008 is an unknown value
R13=0x00007fb5ad287850 is an unknown value
R14=0x00007fb58e007810 is pointing into the stack for thread: 0x00007fb5ac0bc000
R15=0x00007fb56c655f28 is an unknown value


Stack: [0x00007fb58df0b000,0x00007fb58e00c000],  sp=0x00007fb58e007640,  free space=1009k
Native frames: (J=compiled Java code, j=interpreted, Vv=VM code, C=native code)
V  [libjvm.so+0x7fe128]  PhaseLive::compute(unsigned int)+0x3e8
V  [libjvm.so+0x40ec85]  PhaseChaitin::Register_Allocate()+0x8c5
V  [libjvm.so+0x4a30e0]  Compile::Code_Gen()+0x260
V  [libjvm.so+0x4a5961]  Compile::Compile(ciEnv*, C2Compiler*, ciMethod*, int, bool, bool, bool)+0x14b1
V  [libjvm.so+0x3f2615]  C2Compiler::compile_method(ciEnv*, ciMethod*, int)+0x1f5
V  [libjvm.so+0x4afeaa]  CompileBroker::invoke_compiler_on_method(CompileTask*)+0xc9a
V  [libjvm.so+0x4b0e56]  CompileBroker::compiler_thread_loop()+0x5d6
V  [libjvm.so+0xa75543]  JavaThread::thread_main_inner()+0x103
V  [libjvm.so+0xa7568c]  JavaThread::run()+0x11c
V  [libjvm.so+0x926268]  java_start(Thread*)+0x108
C  [libpthread.so.0+0x8184]  start_thread+0xc4


Current CompileTask:
C2:   2166 1003       4       java.net.URLClassLoader$1::run (5 bytes)


---------------  P R O C E S S  ---------------

Java Threads: ( => current thread )
  0x00007fb5ad03c800 JavaThread "pool-1-thread-1" [_thread_blocked, id=8997, stack(0x00007fb58c06b000,0x00007fb58c16c000)]
  0x00007fb5ac0d3000 JavaThread "Service Thread" daemon [_thread_blocked, id=8995, stack(0x00007fb58dd09000,0x00007fb58de0a000)]
  0x00007fb5ac0be000 JavaThread "C1 CompilerThread2" daemon [_thread_blocked, id=8994, stack(0x00007fb58de0a000,0x00007fb58df0b000)]
=>0x00007fb5ac0bc000 JavaThread "C2 CompilerThread1" daemon [_thread_in_native, id=8993, stack(0x00007fb58df0b000,0x00007fb58e00c000)]
  0x00007fb5ac0b9000 JavaThread "C2 CompilerThread0" daemon [_thread_in_native, id=8992, stack(0x00007fb58e00c000,0x00007fb58e10d000)]
  0x00007fb5ac0b7800 JavaThread "Signal Dispatcher" daemon [_thread_blocked, id=8991, stack(0x00007fb58e10d000,0x00007fb58e20e000)]
  0x00007fb5ac084000 JavaThread "Finalizer" daemon [_thread_blocked, id=8990, stack(0x00007fb58e8f1000,0x00007fb58e9f2000)]
  0x00007fb5ac07f000 JavaThread "Reference Handler" daemon [_thread_blocked, id=8989, stack(0x00007fb58e9f2000,0x00007fb58eaf3000)]
  0x00007fb5ac009800 JavaThread "main" [_thread_in_Java, id=8983, stack(0x00007fb5b343c000,0x00007fb5b353d000)]

Other Threads:
  0x00007fb5ac077800 VMThread [stack: 0x00007fb58eaf3000,0x00007fb58ebf4000] [id=8988]
  0x00007fb5ac0de000 WatcherThread [stack: 0x00007fb58dc08000,0x00007fb58dd09000] [id=8996]

VM state:not at safepoint (normal execution)

VM Mutex/Monitor currently owned by a thread: None

Heap:
 PSYoungGen      total 67584K, used 52624K [0x00000000d7780000, 0x00000000dbe80000, 0x0000000100000000)
  eden space 62464K, 76% used [0x00000000d7780000,0x00000000da607628,0x00000000db480000)
  from space 5120K, 97% used [0x00000000db980000,0x00000000dbe5ca18,0x00000000dbe80000)
  to   space 5120K, 0% used [0x00000000db480000,0x00000000db480000,0x00000000db980000)
 ParOldGen       total 83456K, used 24K [0x0000000086600000, 0x000000008b780000, 0x00000000d7780000)
  object space 83456K, 0% used [0x0000000086600000,0x0000000086606000,0x000000008b780000)
 Metaspace       used 18221K, capacity 18460K, committed 18688K, reserved 1064960K
  class space    used 2433K, capacity 2507K, committed 2560K, reserved 1048576K

Card table byte_map: [0x00007fb59cc32000,0x00007fb59d000000] byte_map_base: 0x00007fb59c7ff000

Marking Bits: (ParMarkBitMap*) 0x00007fb5b290dc80
 Begin Bits: [0x00007fb594330000, 0x00007fb596198000)
 End Bits:   [0x00007fb596198000, 0x00007fb598000000)

Polling page: 0x00007fb5b355a000

CodeCache: size=245760Kb used=5307Kb max_used=5307Kb free=240452Kb
 bounds [0x00007fb59d000000, 0x00007fb59d540000, 0x00007fb5ac000000]
 total_blobs=1812 nmethods=1224 adapters=502
 compilation: enabled

Compilation events (10 events):
Event: 2,085 Thread 0x00007fb5ac0be000 1227       1       org.gradle.api.internal.AbstractClassGenerator$PropertyMetaData::getName (5 bytes)
Event: 2,085 Thread 0x00007fb5ac0be000 nmethod 1227 0x00007fb59d52ff10 code [0x00007fb59d530060, 0x00007fb59d530170]
Event: 2,085 Thread 0x00007fb5ac0be000 1230       3       org.objectweb.asm.MethodWriter::visitVarInsn (292 bytes)
Event: 2,089 Thread 0x00007fb5ac0be000 nmethod 1230 0x00007fb59d5301d0 code [0x00007fb59d530400, 0x00007fb59d530e68]
Event: 2,089 Thread 0x00007fb5ac0be000 1231       3       org.objectweb.asm.ByteVector::putInt (74 bytes)
Event: 2,089 Thread 0x00007fb5ac0be000 nmethod 1231 0x00007fb59d531250 code [0x00007fb59d5313c0, 0x00007fb59d531648]
Event: 2,094 Thread 0x00007fb5ac0be000 1232       3       org.gradle.internal.service.DefaultServiceRegistry$FactoryService::<init> (11 bytes)
Event: 2,095 Thread 0x00007fb5ac0be000 nmethod 1232 0x00007fb59d531810 code [0x00007fb59d5319e0, 0x00007fb59d532228]
Event: 2,103 Thread 0x00007fb5ac0be000 1233       3       sun.reflect.generics.parser.SignatureParser::parseFieldTypeSignature (6 bytes)
Event: 2,104 Thread 0x00007fb5ac0be000 nmethod 1233 0x00007fb59d532550 code [0x00007fb59d5326c0, 0x00007fb59d532848]

GC Heap History (4 events):
Event: 0,709 GC heap before
{Heap before GC invocations=1 (full 0):
 PSYoungGen      total 36352K, used 31232K [0x00000000d7780000, 0x00000000da000000, 0x0000000100000000)
  eden space 31232K, 100% used [0x00000000d7780000,0x00000000d9600000,0x00000000d9600000)
  from space 5120K, 0% used [0x00000000d9b00000,0x00000000d9b00000,0x00000000da000000)
  to   space 5120K, 0% used [0x00000000d9600000,0x00000000d9600000,0x00000000d9b00000)
 ParOldGen       total 83456K, used 0K [0x0000000086600000, 0x000000008b780000, 0x00000000d7780000)
  object space 83456K, 0% used [0x0000000086600000,0x0000000086600000,0x000000008b780000)
 Metaspace       used 8042K, capacity 8244K, committed 8320K, reserved 1056768K
  class space    used 1060K, capacity 1152K, committed 1152K, reserved 1048576K
Event: 0,722 GC heap after
Heap after GC invocations=1 (full 0):
 PSYoungGen      total 36352K, used 4851K [0x00000000d7780000, 0x00000000dbe80000, 0x0000000100000000)
  eden space 31232K, 0% used [0x00000000d7780000,0x00000000d7780000,0x00000000d9600000)
  from space 5120K, 94% used [0x00000000d9600000,0x00000000d9abcf98,0x00000000d9b00000)
  to   space 5120K, 0% used [0x00000000db980000,0x00000000db980000,0x00000000dbe80000)
 ParOldGen       total 83456K, used 8K [0x0000000086600000, 0x000000008b780000, 0x00000000d7780000)
  object space 83456K, 0% used [0x0000000086600000,0x0000000086602000,0x000000008b780000)
 Metaspace       used 8042K, capacity 8244K, committed 8320K, reserved 1056768K
  class space    used 1060K, capacity 1152K, committed 1152K, reserved 1048576K
}
Event: 1,063 GC heap before
{Heap before GC invocations=2 (full 0):
 PSYoungGen      total 36352K, used 36083K [0x00000000d7780000, 0x00000000dbe80000, 0x0000000100000000)
  eden space 31232K, 100% used [0x00000000d7780000,0x00000000d9600000,0x00000000d9600000)
  from space 5120K, 94% used [0x00000000d9600000,0x00000000d9abcf98,0x00000000d9b00000)
  to   space 5120K, 0% used [0x00000000db980000,0x00000000db980000,0x00000000dbe80000)
 ParOldGen       total 83456K, used 8K [0x0000000086600000, 0x000000008b780000, 0x00000000d7780000)
  object space 83456K, 0% used [0x0000000086600000,0x0000000086602000,0x000000008b780000)
 Metaspace       used 10668K, capacity 10924K, committed 11136K, reserved 1058816K
  class space    used 1477K, capacity 1576K, committed 1664K, reserved 1048576K
Event: 1,076 GC heap after
Heap after GC invocations=2 (full 0):
 PSYoungGen      total 67584K, used 4978K [0x00000000d7780000, 0x00000000dbe80000, 0x0000000100000000)
  eden space 62464K, 0% used [0x00000000d7780000,0x00000000d7780000,0x00000000db480000)
  from space 5120K, 97% used [0x00000000db980000,0x00000000dbe5ca18,0x00000000dbe80000)
  to   space 5120K, 0% used [0x00000000db480000,0x00000000db480000,0x00000000db980000)
 ParOldGen       total 83456K, used 24K [0x0000000086600000, 0x000000008b780000, 0x00000000d7780000)
  object space 83456K, 0% used [0x0000000086600000,0x0000000086606000,0x000000008b780000)
 Metaspace       used 10668K, capacity 10924K, committed 11136K, reserved 1058816K
  class space    used 1477K, capacity 1576K, committed 1664K, reserved 1048576K
}

Deoptimization events (10 events):
Event: 1,566 Thread 0x00007fb5ac009800 Uncommon trap: reason=unstable_if action=reinterpret pc=0x00007fb59d325944 method=java.lang.ThreadLocal$ThreadLocalMap.getEntry(Ljava/lang/ThreadLocal;)Ljava/lang/ThreadLocal$ThreadLocalMap$Entry; @ 29
Event: 1,794 Thread 0x00007fb5ac009800 Uncommon trap: reason=bimorphic action=maybe_recompile pc=0x00007fb59d317118 method=java.lang.ClassLoader.loadClass(Ljava/lang/String;Z)Ljava/lang/Class; @ 38
Event: 1,794 Thread 0x00007fb5ac009800 Uncommon trap: reason=bimorphic action=maybe_recompile pc=0x00007fb59d317118 method=java.lang.ClassLoader.loadClass(Ljava/lang/String;Z)Ljava/lang/Class; @ 38
Event: 1,796 Thread 0x00007fb5ac009800 Uncommon trap: reason=unstable_if action=reinterpret pc=0x00007fb59d271c58 method=java.io.UnixFileSystem.normalize(Ljava/lang/String;)Ljava/lang/String; @ 60
Event: 1,796 Thread 0x00007fb5ac009800 Uncommon trap: reason=class_check action=maybe_recompile pc=0x00007fb59d30f0e4 method=sun.misc.URLClassPath.getLoader(I)Lsun/misc/URLClassPath$Loader; @ 94
Event: 1,796 Thread 0x00007fb5ac009800 Uncommon trap: reason=class_check action=maybe_recompile pc=0x00007fb59d291bac method=sun.misc.URLClassPath.getResource(Ljava/lang/String;Z)Lsun/misc/Resource; @ 62
Event: 1,798 Thread 0x00007fb5ac009800 Uncommon trap: reason=bimorphic action=maybe_recompile pc=0x00007fb59d317118 method=java.lang.ClassLoader.loadClass(Ljava/lang/String;Z)Ljava/lang/Class; @ 38
Event: 1,798 Thread 0x00007fb5ac009800 Uncommon trap: reason=bimorphic action=maybe_recompile pc=0x00007fb59d317118 method=java.lang.ClassLoader.loadClass(Ljava/lang/String;Z)Ljava/lang/Class; @ 38
Event: 1,831 Thread 0x00007fb5ac009800 Uncommon trap: reason=class_check action=maybe_recompile pc=0x00007fb59d30f1e8 method=sun.misc.URLClassPath.getLoader(I)Lsun/misc/URLClassPath$Loader; @ 239
Event: 1,845 Thread 0x00007fb5ac009800 Uncommon trap: reason=class_check action=maybe_recompile pc=0x00007fb59d30f1e8 method=sun.misc.URLClassPath.getLoader(I)Lsun/misc/URLClassPath$Loader; @ 239

Internal exceptions (10 events):
Event: 1,903 Thread 0x00007fb5ac009800 Exception <a 'java/lang/ClassNotFoundException': org/gradle/initialization/BaseSettingsBeanInfo> (0x00000000d9b2e730) thrown at [/HUDSON3/workspace/8-2-build-linux-amd64/jdk8u121/8372/hotspot/src/share/vm/classfile/systemDictionary.cpp, line 210]
Event: 1,904 Thread 0x00007fb5ac009800 Exception <a 'java/lang/ClassNotFoundException': org/gradle/api/internal/project/AbstractPluginAwareBeanInfo> (0x00000000d9b4edc0) thrown at [/HUDSON3/workspace/8-2-build-linux-amd64/jdk8u121/8372/hotspot/src/share/vm/classfile/systemDictionary.cpp, line 
Event: 1,906 Thread 0x00007fb5ac009800 Exception <a 'java/lang/ClassNotFoundException': org/gradle/api/internal/project/AbstractPluginAwareCustomizer> (0x00000000d9b6fb48) thrown at [/HUDSON3/workspace/8-2-build-linux-amd64/jdk8u121/8372/hotspot/src/share/vm/classfile/systemDictionary.cpp, lin
Event: 1,907 Thread 0x00007fb5ac009800 Exception <a 'java/lang/ClassNotFoundException': org/gradle/initialization/BaseSettingsCustomizer> (0x00000000d9b91f38) thrown at [/HUDSON3/workspace/8-2-build-linux-amd64/jdk8u121/8372/hotspot/src/share/vm/classfile/systemDictionary.cpp, line 210]
Event: 1,912 Thread 0x00007fb5ac009800 Exception <a 'java/lang/ClassNotFoundException': org/gradle/initialization/DefaultSettingsCustomizer> (0x00000000d9bd4978) thrown at [/HUDSON3/workspace/8-2-build-linux-amd64/jdk8u121/8372/hotspot/src/share/vm/classfile/systemDictionary.cpp, line 210]
Event: 1,913 Thread 0x00007fb5ac009800 Exception <a 'java/lang/ClassNotFoundException': org/gradle/initialization/DefaultSettings_DecoratedCustomizer> (0x00000000d9bfa5b0) thrown at [/HUDSON3/workspace/8-2-build-linux-amd64/jdk8u121/8372/hotspot/src/share/vm/classfile/systemDictionary.cpp, lin
Event: 1,928 Thread 0x00007fb5ac009800 Exception <a 'java/lang/ClassNotFoundException': org/gradle/initialization/DefaultProjectDescriptorBeanInfo> (0x00000000d9c97718) thrown at [/HUDSON3/workspace/8-2-build-linux-amd64/jdk8u121/8372/hotspot/src/share/vm/classfile/systemDictionary.cpp, line 2
Event: 1,929 Thread 0x00007fb5ac009800 Exception <a 'java/lang/ClassNotFoundException': org/gradle/initialization/DefaultProjectDescriptorCustomizer> (0x00000000d9cb67c0) thrown at [/HUDSON3/workspace/8-2-build-linux-amd64/jdk8u121/8372/hotspot/src/share/vm/classfile/systemDictionary.cpp, line
Event: 2,025 Thread 0x00007fb5ac009800 Exception <a 'java/lang/ClassNotFoundException': java/io/FileBeanInfo> (0x00000000da025c10) thrown at [/HUDSON3/workspace/8-2-build-linux-amd64/jdk8u121/8372/hotspot/src/share/vm/classfile/systemDictionary.cpp, line 210]
Event: 2,026 Thread 0x00007fb5ac009800 Exception <a 'java/lang/ClassNotFoundException': java/io/FileCustomizer> (0x00000000da027a80) thrown at [/HUDSON3/workspace/8-2-build-linux-amd64/jdk8u121/8372/hotspot/src/share/vm/classfile/systemDictionary.cpp, line 210]

Events (10 events):
Event: 2,152 loading class com/google/common/reflect/TypeResolver$TypeTable
Event: 2,152 loading class com/google/common/reflect/TypeResolver$TypeTable done
Event: 2,154 loading class com/google/common/reflect/TypeResolver$TypeTable$1
Event: 2,154 loading class com/google/common/reflect/TypeResolver$TypeTable$1 done
Event: 2,155 loading class com/google/common/collect/RegularImmutableBiMap
Event: 2,155 loading class com/google/common/collect/RegularImmutableBiMap done
Event: 2,156 loading class com/google/common/collect/SingletonImmutableBiMap
Event: 2,156 loading class com/google/common/collect/SingletonImmutableBiMap done
Event: 2,157 loading class com/google/common/collect/EmptyImmutableBiMap
Event: 2,157 loading class com/google/common/collect/EmptyImmutableBiMap done


Dynamic libraries:
00400000-00401000 r-xp 00000000 08:07 538586                             /usr/lib/jvm/java-8-oracle/bin/java
00600000-00601000 rw-p 00000000 08:07 538586                             /usr/lib/jvm/java-8-oracle/bin/java
008b1000-008d2000 rw-p 00000000 00:00 0                                  [heap]
86600000-8b780000 rw-p 00000000 00:00 0 
8b780000-d7780000 ---p 00000000 00:00 0 
d7780000-dbe80000 rw-p 00000000 00:00 0 
dbe80000-100000000 ---p 00000000 00:00 0 
100000000-100280000 rw-p 00000000 00:00 0 
100280000-140000000 ---p 00000000 00:00 0 
7fb558000000-7fb558021000 rw-p 00000000 00:00 0 
7fb558021000-7fb55c000000 ---p 00000000 00:00 0 
7fb55f7ef000-7fb55fbc0000 rw-p 00000000 00:00 0 
7fb55fbc0000-7fb55fc00000 ---p 00000000 00:00 0 
7fb55fc00000-7fb55fe00000 rw-p 00000000 00:00 0 
7fb55fe00000-7fb560000000 rw-p 00000000 00:00 0 
7fb560000000-7fb560021000 rw-p 00000000 00:00 0 
7fb560021000-7fb564000000 ---p 00000000 00:00 0 
7fb564000000-7fb564021000 rw-p 00000000 00:00 0 
7fb564021000-7fb568000000 ---p 00000000 00:00 0 
7fb568000000-7fb5692da000 rw-p 00000000 00:00 0 
7fb5692da000-7fb56c000000 ---p 00000000 00:00 0 
7fb56c000000-7fb56c670000 rw-p 00000000 00:00 0 
7fb56c670000-7fb570000000 ---p 00000000 00:00 0 
7fb570000000-7fb570021000 rw-p 00000000 00:00 0 
7fb570021000-7fb574000000 ---p 00000000 00:00 0 
7fb574000000-7fb574d8e000 rw-p 00000000 00:00 0 
7fb574d8e000-7fb578000000 ---p 00000000 00:00 0 
7fb578000000-7fb578021000 rw-p 00000000 00:00 0 
7fb578021000-7fb57c000000 ---p 00000000 00:00 0 
7fb57c000000-7fb57c021000 rw-p 00000000 00:00 0 
7fb57c021000-7fb580000000 ---p 00000000 00:00 0 
7fb580000000-7fb580021000 rw-p 00000000 00:00 0 
7fb580021000-7fb584000000 ---p 00000000 00:00 0 
7fb584000000-7fb584021000 rw-p 00000000 00:00 0 
7fb584021000-7fb588000000 ---p 00000000 00:00 0 
7fb588000000-7fb588021000 rw-p 00000000 00:00 0 
7fb588021000-7fb58c000000 ---p 00000000 00:00 0 
7fb58c069000-7fb58c06b000 rw-p 00000000 00:00 0 
7fb58c06b000-7fb58c06e000 ---p 00000000 00:00 0 
7fb58c06e000-7fb58c16c000 rw-p 00000000 00:00 0 
7fb58c16c000-7fb58c1e6000 r--s 010f6000 08:07 536996                     /usr/lib/jvm/java-8-oracle/lib/tools.jar
7fb58c1e6000-7fb58c3e6000 rw-p 00000000 00:00 0 
7fb58c3e6000-7fb58c3e8000 r--s 00007000 08:07 3700491                    /home/maulana/.gradle/wrapper/dists/gradle-2.14.1-all/8bnwg5hd3w55iofp58khbp6yv/gradle-2.14.1/lib/plugins/gradle-tooling-api-builders-2.14.1.jar
7fb58c3e8000-7fb58c3eb000 r--s 00008000 08:07 3700484                    /home/maulana/.gradle/wrapper/dists/gradle-2.14.1-all/8bnwg5hd3w55iofp58khbp6yv/gradle-2.14.1/lib/plugins/gradle-testing-native-2.14.1.jar
7fb58c3eb000-7fb58c3ed000 r--s 00009000 08:07 3700563                    /home/maulana/.gradle/wrapper/dists/gradle-2.14.1-all/8bnwg5hd3w55iofp58khbp6yv/gradle-2.14.1/lib/plugins/hamcrest-core-1.3.jar
7fb58c3ed000-7fb58c3f3000 r--s 00033000 08:07 3700557                    /home/maulana/.gradle/wrapper/dists/gradle-2.14.1-all/8bnwg5hd3w55iofp58khbp6yv/gradle-2.14.1/lib/plugins/snakeyaml-1.6.jar
7fb58c3f3000-7fb58c3f5000 r--s 00006000 08:07 3700556                    /home/maulana/.gradle/wrapper/dists/gradle-2.14.1-all/8bnwg5hd3w55iofp58khbp6yv/gradle-2.14.1/lib/plugins/jcommander-1.12.jar
7fb58c3f5000-7fb58c3fa000 r--s 00040000 08:07 3700555                    /home/maulana/.gradle/wrapper/dists/gradle-2.14.1-all/8bnwg5hd3w55iofp58khbp6yv/gradle-2.14.1/lib/plugins/bsh-2.0b4.jar
7fb58c3fa000-7fb58c403000 r--s 00089000 08:07 3700514                    /home/maulana/.gradle/wrapper/dists/gradle-2.14.1-all/8bnwg5hd3w55iofp58khbp6yv/gradle-2.14.1/lib/plugins/testng-6.3.1.jar
7fb58c403000-7fb58c40b000 r--s 00045000 08:07 3700513                    /home/maulana/.gradle/wrapper/dists/gradle-2.14.1-all/8bnwg5hd3w55iofp58khbp6yv/gradle-2.14.1/lib/plugins/junit-4.12.jar
7fb58c40b000-7fb58c411000 r--s 0002e000 08:07 3700485                    /home/maulana/.gradle/wrapper/dists/gradle-2.14.1-all/8bnwg5hd3w55iofp58khbp6yv/gradle-2.14.1/lib/plugins/gradle-testing-jvm-2.14.1.jar
7fb58c411000-7fb58c416000 r--s 00015000 08:07 3700483                    /home/maulana/.gradle/wrapper/dists/gradle-2.14.1-all/8bnwg5hd3w55iofp58khbp6yv/gradle-2.14.1/lib/plugins/gradle-testing-base-2.14.1.jar
7fb58c416000-7fb58c417000 r--s 00002000 08:07 3700507                    /home/maulana/.gradle/wrapper/dists/gradle-2.14.1-all/8bnwg5hd3w55iofp58khbp6yv/gradle-2.14.1/lib/plugins/sonar-batch-bootstrapper-2.9.jar
7fb58c417000-7fb58c41a000 r--s 00015000 08:07 3700461                    /home/maulana/.gradle/wrapper/dists/gradle-2.14.1-all/8bnwg5hd3w55iofp58khbp6yv/gradle-2.14.1/lib/plugins/gradle-sonar-2.14.1.jar
7fb58c41a000-7fb58c421000 r--s 00038000 08:07 3700508                    /home/maulana/.gradle/wrapper/dists/gradle-2.14.1-all/8bnwg5hd3w55iofp58khbp6yv/gradle-2.14.1/lib/plugins/bcpg-jdk15on-1.51.jar
7fb58c421000-7fb58c423000 r--s 0000d000 08:07 3700462                    /home/maulana/.gradle/wrapper/dists/gradle-2.14.1-all/8bnwg5hd3w55iofp58khbp6yv/gradle-2.14.1/lib/plugins/gradle-signing-2.14.1.jar
7fb58c423000-7fb58c426000 r--s 00009000 08:07 3700460                    /home/maulana/.gradle/wrapper/dists/gradle-2.14.1-all/8bnwg5hd3w55iofp58khbp6yv/gradle-2.14.1/lib/plugins/gradle-scala-2.14.1.jar
7fb58c426000-7fb58c427000 r--s 00004000 08:07 3700489                    /home/maulana/.gradle/wrapper/dists/gradle-2.14.1-all/8bnwg5hd3w55iofp58khbp6yv/gradle-2.14.1/lib/plugins/gradle-resources-sftp-2.14.1.jar
7fb58c427000-7fb58c437000 r--s 00088000 08:07 3700524                    /home/maulana/.gradle/wrapper/dists/gradle-2.14.1-all/8bnwg5hd3w55iofp58khbp6yv/gradle-2.14.1/lib/plugins/joda-time-2.8.2.jar
7fb58c437000-7fb58c448000 r--s 000cf000 08:07 3700523                    /home/maulana/.gradle/wrapper/dists/gradle-2.14.1-all/8bnwg5hd3w55iofp58khbp6yv/gradle-2.14.1/lib/plugins/jackson-databind-2.3.2.jar
7fb58c448000-7fb58c44a000 r--s 00007000 08:07 3700522                    /home/maulana/.gradle/wrapper/dists/gradle-2.14.1-all/8bnwg5hd3w55iofp58khbp6yv/gradle-2.14.1/lib/plugins/jackson-annotations-2.3.2.jar
7fb58c44a000-7fb58c44d000 r--s 0002e000 08:07 3700521                    /home/maulana/.gradle/wrapper/dists/gradle-2.14.1-all/8bnwg5hd3w55iofp58khbp6yv/gradle-2.14.1/lib/plugins/jackson-core-2.3.2.jar
7fb58c44d000-7fb58c458000 r--s 0006b000 08:07 3700520                    /home/maulana/.gradle/wrapper/dists/gradle-2.14.1-all/8bnwg5hd3w55iofp58khbp6yv/gradle-2.14.1/lib/plugins/aws-java-sdk-core-1.9.19.jar
7fb58c458000-7fb58c45e000 r--s 00036000 08:07 3700519                    /home/maulana/.gradle/wrapper/dists/gradle-2.14.1-all/8bnwg5hd3w55iofp58khbp6yv/gradle-2.14.1/lib/plugins/aws-java-sdk-kms-1.9.19.jar
7fb58c45e000-7fb58c469000 r--s 00079000 08:07 3700518                    /home/maulana/.gradle/wrapper/dists/gradle-2.14.1-all/8bnwg5hd3w55iofp58khbp6yv/gradle-2.14.1/lib/plugins/aws-java-sdk-s3-1.9.19.jar
7fb58c469000-7fb58c46a000 r--s 00003000 08:07 3700490                    /home/maulana/.gradle/wrapper/dists/gradle-2.14.1-all/8bnwg5hd3w55iofp58khbp6yv/gradle-2.14.1/lib/plugins/gradle-resources-s3-2.14.1.jar
7fb58c46a000-7fb58c46c000 r--s 00005000 08:07 3700512                    /home/maulana/.gradle/wrapper/dists/gradle-2.14.1-all/8bnwg5hd3w55iofp58khbp6yv/gradle-2.14.1/lib/plugins/jatl-0.2.2.jar
7fb58c46c000-7fb58c46e000 r--s 0000f000 08:07 3700467                    /home/maulana/.gradle/wrapper/dists/gradle-2.14.1-all/8bnwg5hd3w55iofp58khbp6yv/gradle-2.14.1/lib/plugins/gradle-reporting-2.14.1.jar
7fb58c46e000-7fb58c470000 r--s 00002000 08:07 3700468                    /home/maulana/.gradle/wrapper/dists/gradle-2.14.1-all/8bnwg5hd3w55iofp58khbp6yv/gradle-2.14.1/lib/plugins/gradle-publish-2.14.1.jar
7fb58c470000-7fb58c472000 r--s 00009000 08:07 3700494                    /home/maulana/.gradle/wrapper/dists/gradle-2.14.1-all/8bnwg5hd3w55iofp58khbp6yv/gradle-2.14.1/lib/plugins/commons-cli-1.2.jar
7fb58c472000-7fb58c478000 r--s 00033000 08:07 3700452                    /home/maulana/.gradle/wrapper/dists/gradle-2.14.1-all/8bnwg5hd3w55iofp58khbp6yv/gradle-2.14.1/lib/plugins/gradle-plugins-2.14.1.jar
7fb58c478000-7fb58c47a000 r--s 00007000 08:07 3700486                    /home/maulana/.gradle/wrapper/dists/gradle-2.14.1-all/8bnwg5hd3w55iofp58khbp6yv/gradle-2.14.1/lib/plugins/gradle-plugin-development-2.14.1.jar
7fb58c47a000-7fb58c480000 r--s 0002a000 08:07 3700479                    /home/maulana/.gradle/wrapper/dists/gradle-2.14.1-all/8bnwg5hd3w55iofp58khbp6yv/gradle-2.14.1/lib/plugins/gradle-platform-play-2.14.1.jar
7fb58c480000-7fb58c48d000 r--s 0004d000 08:07 3700478                    /home/maulana/.gradle/wrapper/dists/gradle-2.14.1-all/8bnwg5hd3w55iofp58khbp6yv/gradle-2.14.1/lib/plugins/gradle-platform-native-2.14.1.jar
7fb58c48d000-7fb58c491000 r--s 0001a000 08:07 3700473                    /home/maulana/.gradle/wrapper/dists/gradle-2.14.1-all/8bnwg5hd3w55iofp58khbp6yv/gradle-2.14.1/lib/plugins/gradle-platform-jvm-2.14.1.jar
7fb58c491000-7fb58c498000 r--s 00029000 08:07 3700472                    /home/maulana/.gradle/wrapper/dists/gradle-2.14.1-all/8bnwg5hd3w55iofp58khbp6yv/gradle-2.14.1/lib/plugins/gradle-platform-base-2.14.1.jar
7fb58c498000-7fb58c4b9000 r--s 001c3000 08:07 3700502                    /home/maulana/.gradle/wrapper/dists/gradle-2.14.1-all/8bnwg5hd3w55iofp58khbp6yv/gradle-2.14.1/lib/plugins/bndlib-2.4.0.jar
7fb58c4b9000-7fb58c4bb000 r--s 00003000 08:07 3700456                    /home/maulana/.gradle/wrapper/dists/gradle-2.14.1-all/8bnwg5hd3w55iofp58khbp6yv/gradle-2.14.1/lib/plugins/gradle-osgi-2.14.1.jar
7fb58c4bb000-7fb58c4be000 r--s 0000c000 08:07 3700505                    /home/maulana/.gradle/wrapper/dists/gradle-2.14.1-all/8bnwg5hd3w55iofp58khbp6yv/gradle-2.14.1/lib/plugins/pmaven-groovy-0.8-20100325.jar
7fb58c4be000-7fb58c4bf000 r--s 00004000 08:07 3700504                    /home/maulana/.gradle/wrapper/dists/gradle-2.14.1-all/8bnwg5hd3w55iofp58khbp6yv/gradle-2.14.1/lib/plugins/pmaven-common-0.8-20100325.jar
7fb58c4bf000-7fb58c4c5000 r--s 00022000 08:07 3700457                    /home/maulana/.gradle/wrapper/dists/gradle-2.14.1-all/8bnwg5hd3w55iofp58khbp6yv/gradle-2.14.1/lib/plugins/gradle-maven-2.14.1.jar
7fb58c4c5000-7fb58c4c7000 r--s 0000a000 08:07 3700477                    /home/maulana/.gradle/wrapper/dists/gradle-2.14.1-all/8bnwg5hd3w55iofp58khbp6yv/gradle-2.14.1/lib/plugins/gradle-language-scala-2.14.1.jar
7fb58c4c7000-7fb58c4cd000 r--s 0001a000 08:07 3700481                    /home/maulana/.gradle/wrapper/dists/gradle-2.14.1-all/8bnwg5hd3w55iofp58khbp6yv/gradle-2.14.1/lib/plugins/gradle-language-native-2.14.1.jar
7fb58c4cd000-7fb58c4cf000 r--s 00008000 08:07 3700474                    /home/maulana/.gradle/wrapper/dists/gradle-2.14.1-all/8bnwg5hd3w55iofp58khbp6yv/gradle-2.14.1/lib/plugins/gradle-language-jvm-2.14.1.jar
7fb58c4cf000-7fb58c4d5000 r--s 00024000 08:07 3700475                    /home/maulana/.gradle/wrapper/dists/gradle-2.14.1-all/8bnwg5hd3w55iofp58khbp6yv/gradle-2.14.1/lib/plugins/gradle-language-java-2.14.1.jar
7fb58c4d5000-7fb58c4d7000 r--s 0000a000 08:07 3700476                    /home/maulana/.gradle/wrapper/dists/gradle-2.14.1-all/8bnwg5hd3w55iofp58khbp6yv/gradle-2.14.1/lib/plugins/gradle-language-groovy-2.14.1.jar
7fb58c4d7000-7fb58c4da000 r--s 0001e000 08:07 3700530                    /home/maulana/.gradle/wrapper/dists/gradle-2.14.1-all/8bnwg5hd3w55iofp58khbp6yv/gradle-2.14.1/lib/plugins/jsp-api-2.1-6.1.14.jar
7fb58c4da000-7fb58c4fd000 r--s 00344000 08:07 3700529                    /home/maulana/.gradle/wrapper/dists/gradle-2.14.1-all/8bnwg5hd3w55iofp58khbp6yv/gradle-2.14.1/lib/plugins/core-3.1.1.jar
7fb58c4fd000-7fb58c4fe000 r--s 00006000 08:07 3700528                    /home/maulana/.gradle/wrapper/dists/gradle-2.14.1-all/8bnwg5hd3w55iofp58khbp6yv/gradle-2.14.1/lib/plugins/jetty-naming-6.1.25.jar
7fb58c4fe000-7fb58c4ff000 r--s 00002000 08:07 3700501                    /home/maulana/.gradle/wrapper/dists/gradle-2.14.1-all/8bnwg5hd3w55iofp58khbp6yv/gradle-2.14.1/lib/plugins/geronimo-annotation_1.0_spec-1.0.jar
7fb58c4ff000-7fb58c501000 r--s 00002000 08:07 3700500                    /home/maulana/.gradle/wrapper/dists/gradle-2.14.1-all/8bnwg5hd3w55iofp58khbp6yv/gradle-2.14.1/lib/plugins/jetty-annotations-6.1.25.jar
7fb58c501000-7fb58c512000 r--s 000ea000 08:07 3700499                    /home/maulana/.gradle/wrapper/dists/gradle-2.14.1-all/8bnwg5hd3w55iofp58khbp6yv/gradle-2.14.1/lib/plugins/jsp-2.1-6.1.14.jar
7fb58c512000-7fb58c514000 r--s 0000d000 08:07 3700498                    /home/maulana/.gradle/wrapper/dists/gradle-2.14.1-all/8bnwg5hd3w55iofp58khbp6yv/gradle-2.14.1/lib/plugins/jetty-plus-6.1.25.jar
7fb58c514000-7fb58c516000 r--s 0001f000 08:07 3700497                    /home/maulana/.gradle/wrapper/dists/gradle-2.14.1-all/8bnwg5hd3w55iofp58khbp6yv/gradle-2.14.1/lib/plugins/servlet-api-2.5-20081211.jar
7fb58c516000-7fb58c51a000 r--s 00028000 08:07 3700496                    /home/maulana/.gradle/wrapper/dists/gradle-2.14.1-all/8bnwg5hd3w55iofp58khbp6yv/gradle-2.14.1/lib/plugins/jetty-util-6.1.25.jar
7fb58c51a000-7fb58c521000 r--s 0007d000 08:07 3700495                    /home/maulana/.gradle/wrapper/dists/gradle-2.14.1-all/8bnwg5hd3w55iofp58khbp6yv/gradle-2.14.1/lib/plugins/jetty-6.1.25.jar
7fb58c521000-7fb58c523000 r--s 00009000 08:07 3700454                    /home/maulana/.gradle/wrapper/dists/gradle-2.14.1-all/8bnwg5hd3w55iofp58khbp6yv/gradle-2.14.1/lib/plugins/gradle-jetty-2.14.1.jar
7fb58c523000-7fb58c52a000 r--s 00035000 08:07 3700511                    /home/maulana/.gradle/wrapper/dists/gradle-2.14.1-all/8bnwg5hd3w55iofp58khbp6yv/gradle-2.14.1/lib/plugins/simple-4.1.21.jar
7fb58c52a000-7fb58c536000 r--s 00100000 08:07 3700509                    /home/maulana/.gradle/wrapper/dists/gradle-2.14.1-all/8bnwg5hd3w55iofp58khbp6yv/gradle-2.14.1/lib/plugins/rhino-1.7R3.jar
7fb58c536000-7fb58c53a000 r--s 00011000 08:07 3700464                    /home/maulana/.gradle/wrapper/dists/gradle-2.14.1-all/8bnwg5hd3w55iofp58khbp6yv/gradle-2.14.1/lib/plugins/gradle-javascript-2.14.1.jar
7fb58c53a000-7fb58c53c000 r--s 0000c000 08:07 3700470                    /home/maulana/.gradle/wrapper/dists/gradle-2.14.1-all/8bnwg5hd3w55iofp58khbp6yv/gradle-2.14.1/lib/plugins/gradle-jacoco-2.14.1.jar
7fb58c53c000-7fb58c53f000 r--s 0000e000 08:07 3700469                    /home/maulana/.gradle/wrapper/dists/gradle-2.14.1-all/8bnwg5hd3w55iofp58khbp6yv/gradle-2.14.1/lib/plugins/gradle-ivy-2.14.1.jar
7fb58c53f000-7fb58c540000 r--s 00002000 08:07 3700480                    /home/maulana/.gradle/wrapper/dists/gradle-2.14.1-all/8bnwg5hd3w55iofp58khbp6yv/gradle-2.14.1/lib/plugins/gradle-ide-play-2.14.1.jar
7fb58c540000-7fb58c545000 r--s 0002b000 08:07 3700482                    /home/maulana/.gradle/wrapper/dists/gradle-2.14.1-all/8bnwg5hd3w55iofp58khbp6yv/gradle-2.14.1/lib/plugins/gradle-ide-native-2.14.1.jar
7fb58c545000-7fb58c550000 r--s 00066000 08:07 3700458                    /home/maulana/.gradle/wrapper/dists/gradle-2.14.1-all/8bnwg5hd3w55iofp58khbp6yv/gradle-2.14.1/lib/plugins/gradle-ide-2.14.1.jar
7fb58c550000-7fb58c551000 r--s 00008000 08:07 3700463                    /home/maulana/.gradle/wrapper/dists/gradle-2.14.1-all/8bnwg5hd3w55iofp58khbp6yv/gradle-2.14.1/lib/plugins/gradle-ear-2.14.1.jar
7fb58c551000-7fb58c557000 r--s 00032000 08:07 3700466                    /home/maulana/.gradle/wrapper/dists/gradle-2.14.1-all/8bnwg5hd3w55iofp58khbp6yv/gradle-2.14.1/lib/plugins/gradle-diagnostics-2.14.1.jar
7fb58c557000-7fb58c55b000 r--s 00021000 08:07 3700453                    /home/maulana/.gradle/wrapper/dists/gradle-2.14.1-all/8bnwg5hd3w55iofp58khbp6yv/gradle-2.14.1/lib/plugins/gradle-code-quality-2.14.1.jar
7fb58c55b000-7fb58c55f000 r--s 0001f000 08:07 3700471                    /home/maulana/.gradle/wrapper/dists/gradle-2.14.1-all/8bnwg5hd3w55iofp58khbp6yv/gradle-2.14.1/lib/plugins/gradle-build-init-2.14.1.jar
7fb58c55f000-7fb58c566000 r--s 0008e000 08:07 3700465                    /home/maulana/.gradle/wrapper/dists/gradle-2.14.1-all/8bnwg5hd3w55iofp58khbp6yv/gradle-2.14.1/lib/plugins/gradle-build-comparison-2.14.1.jar
7fb58c566000-7fb58c568000 r--s 00008000 08:07 3700455                    /home/maulana/.gradle/wrapper/dists/gradle-2.14.1-all/8bnwg5hd3w55iofp58khbp6yv/gradle-2.14.1/lib/plugins/gradle-antlr-2.14.1.jar
7fb58c568000-7fb58c56a000 r--s 00004000 08:07 3700459                    /home/maulana/.gradle/wrapper/dists/gradle-2.14.1-all/8bnwg5hd3w55iofp58khbp6yv/gradle-2.14.1/lib/plugins/gradle-announce-2.14.1.jar
7fb58c56a000-7fb58c582000 r--s 00115000 08:07 3700560                    /home/maulana/.gradle/wrapper/dists/gradle-2.14.1-all/8bnwg5hd3w55iofp58khbp6yv/gradle-2.14.1/lib/plugins/xercesImpl-2.9.1.jar
7fb58c582000-7fb58c58a000 r--s 00028000 08:07 3700561                    /home/maulana/.gradle/wrapper/dists/gradle-2.14.1-all/8bnwg5hd3w55iofp58khbp6yv/gradle-2.14.1/lib/plugins/xml-apis-1.3.04.jar
7fb58c58a000-7fb58c590000 r--s 0005b000 08:07 3700559                    /home/maulana/.gradle/wrapper/dists/gradle-2.14.1-all/8bnwg5hd3w55iofp58khbp6yv/gradle-2.14.1/lib/plugins/jcifs-1.3.17.jar
7fb58c590000-7fb58c597000 r--s 00049000 08:07 3700558                    /home/maulana/.gradle/wrapper/dists/gradle-2.14.1-all/8bnwg5hd3w55iofp58khbp6yv/gradle-2.14.1/lib/plugins/httpcore-4.4.4.jar
7fb58c597000-7fb58c59d000 r--s 00033000 08:07 3700506                    /home/maulana/.gradle/wrapper/dists/gradle-2.14.1-all/8bnwg5hd3w55iofp58khbp6yv/gradle-2.14.1/lib/plugins/commons-codec-1.6.jar
7fb58c59d000-7fb58c5a0000 r--s 0001c000 08:07 3700516                    /home/maulana/.gradle/wrapper/dists/gradle-2.14.1-all/8bnwg5hd3w55iofp58khbp6yv/gradle-2.14.1/lib/plugins/nekohtml-1.9.14.jar
7fb58c5a0000-7fb58c5ad000 r--s 000a4000 08:07 3700515                    /home/maulana/.gradle/wrapper/dists/gradle-2.14.1-all/8bnwg5hd3w55iofp58khbp6yv/gradle-2.14.1/lib/plugins/httpclient-4.4.1.jar
7fb58c5ad000-7fb58c5af000 r--s 0000a000 08:07 3700488                    /home/maulana/.gradle/wrapper/dists/gradle-2.14.1-all/8bnwg5hd3w55iofp58khbp6yv/gradle-2.14.1/lib/plugins/gradle-resources-http-2.14.1.jar
7fb58c5af000-7fb58c5b3000 r--s 00014000 08:07 3700487                    /home/maulana/.gradle/wrapper/dists/gradle-2.14.1-all/8bnwg5hd3w55iofp58khbp6yv/gradle-2.14.1/lib/plugins/gradle-plugin-use-2.14.1.jar
7fb58c5b3000-7fb58c5b4000 r--s 00000000 08:07 3700403                    /home/maulana/.gradle/wrapper/dists/gradle-2.14.1-all/8bnwg5hd3w55iofp58khbp6yv/gradle-2.14.1/lib/gradle-installation-beacon-2.14.1.jar
7fb58c5b4000-7fb58c5b5000 r--s 00007000 08:07 3700554                    /home/maulana/.gradle/wrapper/dists/gradle-2.14.1-all/8bnwg5hd3w55iofp58khbp6yv/gradle-2.14.1/lib/plugins/wagon-http-shared4-2.4.jar
7fb58c5b5000-7fb58c5b9000 r--s 00033000 08:07 3700553                    /home/maulana/.gradle/wrapper/dists/gradle-2.14.1-all/8bnwg5hd3w55iofp58khbp6yv/gradle-2.14.1/lib/plugins/plexus-utils-2.0.6.jar
7fb58c5b9000-7fb58c5bd000 r--s 00021000 08:07 3700552                    /home/maulana/.gradle/wrapper/dists/gradle-2.14.1-all/8bnwg5hd3w55iofp58khbp6yv/gradle-2.14.1/lib/plugins/maven-model-builder-3.0.4.jar
7fb58c5bd000-7fb58c5be000 r--s 00002000 08:07 3700551                    /home/maulana/.gradle/wrapper/dists/gradle-2.14.1-all/8bnwg5hd3w55iofp58khbp6yv/gradle-2.14.1/lib/plugins/wagon-file-2.4.jar
7fb58c5be000-7fb58c5c0000 r--s 00002000 08:07 3700550                    /home/maulana/.gradle/wrapper/dists/gradle-2.14.1-all/8bnwg5hd3w55iofp58khbp6yv/gradle-2.14.1/lib/plugins/plexus-cipher-1.7.jar
7fb58c5c0000-7fb58c5c3000 r--s 00013000 08:07 3700549                    /home/maulana/.gradle/wrapper/dists/gradle-2.14.1-all/8bnwg5hd3w55iofp58khbp6yv/gradle-2.14.1/lib/plugins/aether-api-1.13.1.jar
7fb58c5c3000-7fb58c5c5000 r--s 0000a000 08:07 3700548                    /home/maulana/.gradle/wrapper/dists/gradle-2.14.1-all/8bnwg5hd3w55iofp58khbp6yv/gradle-2.14.1/lib/plugins/maven-settings-3.0.4.jar
7fb58c5c5000-7fb58c5c7000 r--s 0000d000 08:07 3700547                    /home/maulana/.gradle/wrapper/dists/gradle-2.14.1-all/8bnwg5hd3w55iofp58khbp6yv/gradle-2.14.1/lib/plugins/plexus-interpolation-1.14.jar
7fb58c5c7000-7fb58c5c9000 r--s 0000b000 08:07 3700546                    /home/maulana/.gradle/wrapper/dists/gradle-2.14.1-all/8bnwg5hd3w55iofp58khbp6yv/gradle-2.14.1/lib/plugins/maven-artifact-3.0.4.jar
7fb58c5c9000-7fb58c5d0000 r--s 0002e000 08:07 3700545                    /home/maulana/.gradle/wrapper/dists/gradle-2.14.1-all/8bnwg5hd3w55iofp58khbp6yv/gradle-2.14.1/lib/plugins/plexus-container-default-1.5.5.jar
7fb58c5d0000-7fb58c5d2000 r--s 0000b000 08:07 3700544                    /home/maulana/.gradle/wrapper/dists/gradle-2.14.1-all/8bnwg5hd3w55iofp58khbp6yv/gradle-2.14.1/lib/plugins/maven-plugin-api-3.0.4.jar
7fb58c5d2000-7fb58c5d4000 r--s 00000000 08:07 3700562                    /home/maulana/.gradle/wrapper/dists/gradle-2.14.1-all/8bnwg5hd3w55iofp58khbp6yv/gradle-2.14.1/lib/plugins/plexus-component-annotations-1.5.5.jar
7fb58c5d4000-7fb58c5da000 r--s 0003f000 08:07 3700543                    /home/maulana/.gradle/wrapper/dists/gradle-2.14.1-all/8bnwg5hd3w55iofp58khbp6yv/gradle-2.14.1/lib/plugins/maven-compat-3.0.4.jar
7fb58c5da000-7fb58c5dd000 r--s 00008000 08:07 3700542                    /home/maulana/.gradle/wrapper/dists/gradle-2.14.1-all/8bnwg5hd3w55iofp58khbp6yv/gradle-2.14.1/lib/plugins/maven-settings-builder-3.0.4.jar
7fb58c5dd000-7fb58c5de000 r--s 00002000 08:07 3700541                    /home/maulana/.gradle/wrapper/dists/gradle-2.14.1-all/8bnwg5hd3w55iofp58khbp6yv/gradle-2.14.1/lib/plugins/wagon-http-2.4.jar
7fb58c5de000-7fb58c5e0000 r--s 00026000 08:07 3700540                    /home/maulana/.gradle/wrapper/dists/gradle-2.14.1-all/8bnwg5hd3w55iofp58khbp6yv/gradle-2.14.1/lib/plugins/maven-model-3.0.4.jar
7fb58c5e0000-7fb58c5e2000 r--s 00006000 08:07 3700539                    /home/maulana/.gradle/wrapper/dists/gradle-2.14.1-all/8bnwg5hd3w55iofp58khbp6yv/gradle-2.14.1/lib/plugins/aether-connector-wagon-1.13.1.jar
7fb58c5e2000-7fb58c5e4000 r--s 0000a000 08:07 3700538                    /home/maulana/.gradle/wrapper/dists/gradle-2.14.1-all/8bnwg5hd3w55iofp58khbp6yv/gradle-2.14.1/lib/plugins/plexus-classworlds-2.4.jar
7fb58c5e4000-7fb58c5e6000 r--s 00006000 08:07 3700537                    /home/maulana/.gradle/wrapper/dists/gradle-2.14.1-all/8bnwg5hd3w55iofp58khbp6yv/gradle-2.14.1/lib/plugins/maven-repository-metadata-3.0.4.jar
7fb58c5e6000-7fb58c5e8000 r--s 0000c000 08:07 3700536                    /home/maulana/.gradle/wrapper/dists/gradle-2.14.1-all/8bnwg5hd3w55iofp58khbp6yv/gradle-2.14.1/lib/plugins/maven-aether-provider-3.0.4.jar
7fb58c5e8000-7fb58c5ea000 r--s 0000b000 08:07 3700535                    /home/maulana/.gradle/wrapper/dists/gradle-2.14.1-all/8bnwg5hd3w55iofp58khbp6yv/gradle-2.14.1/lib/plugins/wagon-provider-api-2.4.jar
7fb58c5ea000-7fb58c5eb000 r--s 00003000 08:07 3700534                    /home/maulana/.gradle/wrapper/dists/gradle-2.14.1-all/8bnwg5hd3w55iofp58khbp6yv/gradle-2.14.1/lib/plugins/aether-spi-1.13.1.jar
7fb58c5eb000-7fb58c5ef000 r--s 0001c000 08:07 3700533                    /home/maulana/.gradle/wrapper/dists/gradle-2.14.1-all/8bnwg5hd3w55iofp58khbp6yv/gradle-2.14.1/lib/plugins/aether-util-1.13.1.jar
7fb58c5ef000-7fb58c5f2000 r--s 0001d000 08:07 3700532                    /home/maulana/.gradle/wrapper/dists/gradle-2.14.1-all/8bnwg5hd3w55iofp58khbp6yv/gradle-2.14.1/lib/plugins/aether-impl-1.13.1.jar
7fb58c5f2000-7fb58c5f3000 r--s 00006000 08:07 3700531                    /home/maulana/.gradle/wrapper/dists/gradle-2.14.1-all/8bnwg5hd3w55iofp58khbp6yv/gradle-2.14.1/lib/plugins/plexus-sec-dispatcher-1.3.jar
7fb58c5f3000-7fb58c5f8000 r--s 00040000 08:07 3700517                    /home/maulana/.gradle/wrapper/dists/gradle-2.14.1-all/8bnwg5hd3w55iofp58khbp6yv/gradle-2.14.1/lib/plugins/jsch-0.1.53.jar
7fb58c5f8000-7fb58c638000 r--s 00277000 08:07 3700527                    /home/maulana/.gradle/wrapper/dists/gradle-2.14.1-all/8bnwg5hd3w55iofp58khbp6yv/gradle-2.14.1/lib/plugins/bcprov-jdk15on-1.51.jar
7fb58c638000-7fb58c644000 r--s 0007d000 08:07 3700503                    /home/maulana/.gradle/wrapper/dists/gradle-2.14.1-all/8bnwg5hd3w55iofp58khbp6yv/gradle-2.14.1/lib/plugins/maven-core-3.0.4.jar
7fb58c644000-7fb58c649000 r--s 0002a000 08:07 3700510                    /home/maulana/.gradle/wrapper/dists/gradle-2.14.1-all/8bnwg5hd3w55iofp58khbp6yv/gradle-2.14.1/lib/plugins/gson-2.2.4.jar
7fb58c649000-7fb58c665000 r--s 000d3000 08:07 3700492                    /home/maulana/.gradle/wrapper/dists/gradle-2.14.1-all/8bnwg5hd3w55iofp58khbp6yv/gradle-2.14.1/lib/plugins/gradle-dependency-management-2.14.1.jar
7fb58c665000-7fb58c66e000 r-xp 00000000 08:07 538778                     /usr/lib/jvm/java-8-oracle/jre/lib/amd64/libmanagement.so
7fb58c66e000-7fb58c86d000 ---p 00009000 08:07 538778                     /usr/lib/jvm/java-8-oracle/jre/lib/amd64/libmanagement.so
7fb58c86d000-7fb58c86e000 rw-p 00008000 08:07 538778                     /usr/lib/jvm/java-8-oracle/jre/lib/amd64/libmanagement.so
7fb58c86e000-7fb58c883000 r-xp 00000000 08:07 1617570                    /tmp/jna4524895090884604808.tmp
7fb58c883000-7fb58c982000 ---p 00015000 08:07 1617570                    /tmp/jna4524895090884604808.tmp
7fb58c982000-7fb58c984000 rw-p 00014000 08:07 1617570                    /tmp/jna4524895090884604808.tmp
7fb58c984000-7fb58c9a9000 r-xp 00000000 08:07 2233083                    /lib/x86_64-linux-gnu/libtinfo.so.5.9
7fb58c9a9000-7fb58cba8000 ---p 00025000 08:07 2233083                    /lib/x86_64-linux-gnu/libtinfo.so.5.9
7fb58cba8000-7fb58cbac000 r--p 00024000 08:07 2233083                    /lib/x86_64-linux-gnu/libtinfo.so.5.9
7fb58cbac000-7fb58cbad000 rw-p 00028000 08:07 2233083                    /lib/x86_64-linux-gnu/libtinfo.so.5.9
7fb58cbad000-7fb58cbcf000 r-xp 00000000 08:07 2232993                    /lib/x86_64-linux-gnu/libncurses.so.5.9
7fb58cbcf000-7fb58cdce000 ---p 00022000 08:07 2232993                    /lib/x86_64-linux-gnu/libncurses.so.5.9
7fb58cdce000-7fb58cdcf000 r--p 00021000 08:07 2232993                    /lib/x86_64-linux-gnu/libncurses.so.5.9
7fb58cdcf000-7fb58cdd0000 rw-p 00022000 08:07 2232993                    /lib/x86_64-linux-gnu/libncurses.so.5.9
7fb58cdd0000-7fb58cdd3000 r-xp 00000000 08:07 1858531                    /home/maulana/.gradle/native/19/linux-amd64/libnative-platform-curses.so
7fb58cdd3000-7fb58cfd3000 ---p 00003000 08:07 1858531                    /home/maulana/.gradle/native/19/linux-amd64/libnative-platform-curses.so
7fb58cfd3000-7fb58cfd4000 rw-p 00003000 08:07 1858531                    /home/maulana/.gradle/native/19/linux-amd64/libnative-platform-curses.so
7fb58cfd4000-7fb58cfea000 r-xp 00000000 08:07 2232964                    /lib/x86_64-linux-gnu/libgcc_s.so.1
7fb58cfea000-7fb58d1e9000 ---p 00016000 08:07 2232964                    /lib/x86_64-linux-gnu/libgcc_s.so.1
7fb58d1e9000-7fb58d1ea000 rw-p 00015000 08:07 2232964                    /lib/x86_64-linux-gnu/libgcc_s.so.1
7fb58d1ea000-7fb58d2d0000 r-xp 00000000 08:07 271759                     /usr/lib/x86_64-linux-gnu/libstdc++.so.6.0.19
7fb58d2d0000-7fb58d4cf000 ---p 000e6000 08:07 271759                     /usr/lib/x86_64-linux-gnu/libstdc++.so.6.0.19
7fb58d4cf000-7fb58d4d7000 r--p 000e5000 08:07 271759                     /usr/lib/x86_64-linux-gnu/libstdc++.so.6.0.19
7fb58d4d7000-7fb58d4d9000 rw-p 000ed000 08:07 271759                     /usr/lib/x86_64-linux-gnu/libstdc++.so.6.0.19
7fb58d4d9000-7fb58d4ee000 rw-p 00000000 00:00 0 
7fb58d4ee000-7fb58d4f2000 r--s 0001d000 08:07 3700526                    /home/maulana/.gradle/wrapper/dists/gradle-2.14.1-all/8bnwg5hd3w55iofp58khbp6yv/gradle-2.14.1/lib/plugins/xbean-reflect-3.4.jar
7fb58d4f2000-7fb58d501000 r--s 000d9000 08:07 3700525                    /home/maulana/.gradle/wrapper/dists/gradle-2.14.1-all/8bnwg5hd3w55iofp58khbp6yv/gradle-2.14.1/lib/plugins/ivy-2.2.0.jar
7fb58d501000-7fb58d508000 r--s 00000000 08:07 535799                     /usr/lib/x86_64-linux-gnu/gconv/gconv-modules.cache
7fb58d508000-7fb58d50c000 r-xp 00000000 08:07 1857812                    /home/maulana/.gradle/native/19/linux-amd64/libnative-platform.so
7fb58d50c000-7fb58d70b000 ---p 00004000 08:07 1857812                    /home/maulana/.gradle/native/19/linux-amd64/libnative-platform.so
7fb58d70b000-7fb58d70c000 rw-p 00003000 08:07 1857812                    /home/maulana/.gradle/native/19/linux-amd64/libnative-platform.so
7fb58d70c000-7fb58d70e000 r--s 00005000 08:07 3700402                    /home/maulana/.gradle/wrapper/dists/gradle-2.14.1-all/8bnwg5hd3w55iofp58khbp6yv/gradle-2.14.1/lib/gradle-wrapper-2.14.1.jar
7fb58d70e000-7fb58d71c000 r--s 0004f000 08:07 3700409                    /home/maulana/.gradle/wrapper/dists/gradle-2.14.1-all/8bnwg5hd3w55iofp58khbp6yv/gradle-2.14.1/lib/gradle-tooling-api-2.14.1.jar
7fb58d71c000-7fb58d71e000 r--s 00002000 08:07 3700429                    /home/maulana/.gradle/wrapper/dists/gradle-2.14.1-all/8bnwg5hd3w55iofp58khbp6yv/gradle-2.14.1/lib/gradle-open-api-2.14.1.jar
7fb58d71e000-7fb58d724000 r--s 00032000 08:07 3700431                    /home/maulana/.gradle/wrapper/dists/gradle-2.14.1-all/8bnwg5hd3w55iofp58khbp6yv/gradle-2.14.1/lib/jaxen-1.1.jar
7fb58d724000-7fb58d729000 r--s 00048000 08:07 3700430                    /home/maulana/.gradle/wrapper/dists/gradle-2.14.1-all/8bnwg5hd3w55iofp58khbp6yv/gradle-2.14.1/lib/dom4j-1.6.1.jar
7fb58d729000-7fb58d734000 r--s 00059000 08:07 3700408                    /home/maulana/.gradle/wrapper/dists/gradle-2.14.1-all/8bnwg5hd3w55iofp58khbp6yv/gradle-2.14.1/lib/gradle-ui-2.14.1.jar
7fb58d734000-7fb58d737000 r--s 0000b000 08:07 3700427                    /home/maulana/.gradle/wrapper/dists/gradle-2.14.1-all/8bnwg5hd3w55iofp58khbp6yv/gradle-2.14.1/lib/gradle-resources-2.14.1.jar
7fb58d737000-7fb58d739000 r--s 00003000 08:07 3700439                    /home/maulana/.gradle/wrapper/dists/gradle-2.14.1-all/8bnwg5hd3w55iofp58khbp6yv/gradle-2.14.1/lib/jcl-over-slf4j-1.7.10.jar
7fb58d739000-7fb58d73a000 r--s 00005000 08:07 3700438                    /home/maulana/.gradle/wrapper/dists/gradle-2.14.1-all/8bnwg5hd3w55iofp58khbp6yv/gradle-2.14.1/lib/log4j-over-slf4j-1.7.10.jar
7fb58d73a000-7fb58d73c000 r--s 00000000 08:07 3700437                    /home/maulana/.gradle/wrapper/dists/gradle-2.14.1-all/8bnwg5hd3w55iofp58khbp6yv/gradle-2.14.1/lib/jul-to-slf4j-1.7.10.jar
7fb58d73c000-7fb58d741000 r--s 0001c000 08:07 3700426                    /home/maulana/.gradle/wrapper/dists/gradle-2.14.1-all/8bnwg5hd3w55iofp58khbp6yv/gradle-2.14.1/lib/gradle-logging-2.14.1.jar
7fb58d741000-7fb58d743000 r--s 00007000 08:07 3700450                    /home/maulana/.gradle/wrapper/dists/gradle-2.14.1-all/8bnwg5hd3w55iofp58khbp6yv/gradle-2.14.1/lib/objenesis-1.2.jar
7fb58d743000-7fb58d745000 r--s 00000000 08:07 3700449                    /home/maulana/.gradle/wrapper/dists/gradle-2.14.1-all/8bnwg5hd3w55iofp58khbp6yv/gradle-2.14.1/lib/minlog-1.2.jar
7fb58d745000-7fb58d747000 r--s 0000f000 08:07 3700448                    /home/maulana/.gradle/wrapper/dists/gradle-2.14.1-all/8bnwg5hd3w55iofp58khbp6yv/gradle-2.14.1/lib/reflectasm-1.07-shaded.jar
7fb58d747000-7fb58d74b000 r--s 00026000 08:07 3700436                    /home/maulana/.gradle/wrapper/dists/gradle-2.14.1-all/8bnwg5hd3w55iofp58khbp6yv/gradle-2.14.1/lib/kryo-2.20.jar
7fb58d74b000-7fb58d751000 r--s 00025000 08:07 3700425                    /home/maulana/.gradle/wrapper/dists/gradle-2.14.1-all/8bnwg5hd3w55iofp58khbp6yv/gradle-2.14.1/lib/gradle-messaging-2.14.1.jar
7fb58d751000-7fb58d752000 r--s 00003000 08:07 3700447                    /home/maulana/.gradle/wrapper/dists/gradle-2.14.1-all/8bnwg5hd3w55iofp58khbp6yv/gradle-2.14.1/lib/native-platform-freebsd-amd64-0.10.jar
7fb58d752000-7fb58d753000 r--s 00003000 08:07 3700446                    /home/maulana/.gradle/wrapper/dists/gradle-2.14.1-all/8bnwg5hd3w55iofp58khbp6yv/gradle-2.14.1/lib/native-platform-freebsd-i386-0.10.jar
7fb58d753000-7fb58d754000 r--s 00005000 08:07 3700445                    /home/maulana/.gradle/wrapper/dists/gradle-2.14.1-all/8bnwg5hd3w55iofp58khbp6yv/gradle-2.14.1/lib/native-platform-windows-i386-0.10.jar
7fb58d754000-7fb58d755000 r--s 00005000 08:07 3700444                    /home/maulana/.gradle/wrapper/dists/gradle-2.14.1-all/8bnwg5hd3w55iofp58khbp6yv/gradle-2.14.1/lib/native-platform-windows-amd64-0.10.jar
7fb58d755000-7fb58d756000 r--s 00003000 08:07 3700443                    /home/maulana/.gradle/wrapper/dists/gradle-2.14.1-all/8bnwg5hd3w55iofp58khbp6yv/gradle-2.14.1/lib/native-platform-linux-i386-0.10.jar
7fb58d756000-7fb58d757000 r--s 00003000 08:07 3700442                    /home/maulana/.gradle/wrapper/dists/gradle-2.14.1-all/8bnwg5hd3w55iofp58khbp6yv/gradle-2.14.1/lib/native-platform-linux-amd64-0.10.jar
7fb58d757000-7fb58d759000 r--s 00008000 08:07 3700434                    /home/maulana/.gradle/wrapper/dists/gradle-2.14.1-all/8bnwg5hd3w55iofp58khbp6yv/gradle-2.14.1/lib/jansi-1.2.1.jar
7fb58d759000-7fb58d75c000 r--s 0000d000 08:07 3700433                    /home/maulana/.gradle/wrapper/dists/gradle-2.14.1-all/8bnwg5hd3w55iofp58khbp6yv/gradle-2.14.1/lib/native-platform-0.10.jar
7fb58d75c000-7fb58d760000 r--s 000e4000 08:07 3700432                    /home/maulana/.gradle/wrapper/dists/gradle-2.14.1-all/8bnwg5hd3w55iofp58khbp6yv/gradle-2.14.1/lib/jna-3.2.7.jar
7fb58d760000-7fb58d762000 r--s 00009000 08:07 3700410                    /home/maulana/.gradle/wrapper/dists/gradle-2.14.1-all/8bnwg5hd3w55iofp58khbp6yv/gradle-2.14.1/lib/gradle-native-2.14.1.jar
7fb58d762000-7fb58d771000 r--s 00080000 08:07 3700416                    /home/maulana/.gradle/wrapper/dists/gradle-2.14.1-all/8bnwg5hd3w55iofp58khbp6yv/gradle-2.14.1/lib/gradle-model-core-2.14.1.jar
7fb58d771000-7fb58d7e0000 r--s 0063e000 08:07 3700415                    /home/maulana/.gradle/wrapper/dists/gradle-2.14.1-all/8bnwg5hd3w55iofp58khbp6yv/gradle-2.14.1/lib/groovy-all-2.4.4.jar
7fb58d7e0000-7fb58d7f1000 r-xp 00000000 08:07 538748                     /usr/lib/jvm/java-8-oracle/jre/lib/amd64/libnio.so
7fb58d7f1000-7fb58d9f0000 ---p 00011000 08:07 538748                     /usr/lib/jvm/java-8-oracle/jre/lib/amd64/libnio.so
7fb58d9f0000-7fb58d9f1000 rw-p 00010000 08:07 538748                     /usr/lib/jvm/java-8-oracle/jre/lib/amd64/libnio.so
7fb58d9f1000-7fb58da07000 r-xp 00000000 08:07 538774                     /usr/lib/jvm/java-8-oracle/jre/lib/amd64/libnet.so
7fb58da07000-7fb58dc07000 ---p 00016000 08:07 538774                     /usr/lib/jvm/java-8-oracle/jre/lib/amd64/libnet.so
7fb58dc07000-7fb58dc08000 rw-p 00016000 08:07 538774                     /usr/lib/jvm/java-8-oracle/jre/lib/amd64/libnet.so
7fb58dc08000-7fb58dc09000 ---p 00000000 00:00 0 
7fb58dc09000-7fb58dd09000 rw-p 00000000 00:00 0 
7fb58dd09000-7fb58dd0c000 ---p 00000000 00:00 0 
7fb58dd0c000-7fb58de0a000 rw-p 00000000 00:00 0 
7fb58de0a000-7fb58de0d000 ---p 00000000 00:00 0 
7fb58de0d000-7fb58df0b000 rw-p 00000000 00:00 0 
7fb58df0b000-7fb58df0e000 ---p 00000000 00:00 0 
7fb58df0e000-7fb58e00c000 rw-p 00000000 00:00 0 
7fb58e00c000-7fb58e00f000 ---p 00000000 00:00 0 
7fb58e00f000-7fb58e10d000 rw-p 00000000 00:00 0 
7fb58e10d000-7fb58e110000 ---p 00000000 00:00 0 
7fb58e110000-7fb58e20e000 rw-p 00000000 00:00 0 
7fb58e20e000-7fb58e8f1000 r--p 00000000 08:07 269742                     /usr/lib/locale/locale-archive
7fb58e8f1000-7fb58e8f4000 ---p 00000000 00:00 0 
7fb58e8f4000-7fb58e9f2000 rw-p 00000000 00:00 0 
7fb58e9f2000-7fb58e9f5000 ---p 00000000 00:00 0 
7fb58e9f5000-7fb58eaf3000 rw-p 00000000 00:00 0 
7fb58eaf3000-7fb58eaf4000 ---p 00000000 00:00 0 
7fb58eaf4000-7fb590000000 rw-p 00000000 00:00 0 
7fb590000000-7fb590021000 rw-p 00000000 00:00 0 
7fb590021000-7fb594000000 ---p 00000000 00:00 0 
7fb594000000-7fb594001000 r--s 00002000 08:07 3700441                    /home/maulana/.gradle/wrapper/dists/gradle-2.14.1-all/8bnwg5hd3w55iofp58khbp6yv/gradle-2.14.1/lib/native-platform-osx-amd64-0.10.jar
7fb594001000-7fb594003000 r--s 00005000 08:07 3700407                    /home/maulana/.gradle/wrapper/dists/gradle-2.14.1-all/8bnwg5hd3w55iofp58khbp6yv/gradle-2.14.1/lib/gradle-cli-2.14.1.jar
7fb594003000-7fb594005000 r--s 00007000 08:07 3700417                    /home/maulana/.gradle/wrapper/dists/gradle-2.14.1-all/8bnwg5hd3w55iofp58khbp6yv/gradle-2.14.1/lib/gradle-model-groovy-2.14.1.jar
7fb594005000-7fb59402d000 r--s 001cf000 08:07 3700412                    /home/maulana/.gradle/wrapper/dists/gradle-2.14.1-all/8bnwg5hd3w55iofp58khbp6yv/gradle-2.14.1/lib/guava-jdk5-17.0.jar
7fb59402d000-7fb598000000 rw-p 00000000 00:00 0 
7fb598000000-7fb598021000 rw-p 00000000 00:00 0 
7fb598021000-7fb59c000000 ---p 00000000 00:00 0 
7fb59c000000-7fb59c001000 r--s 00002000 08:07 3700440                    /home/maulana/.gradle/wrapper/dists/gradle-2.14.1-all/8bnwg5hd3w55iofp58khbp6yv/gradle-2.14.1/lib/native-platform-osx-i386-0.10.jar
7fb59c001000-7fb59c002000 r--s 00006000 08:07 3700424                    /home/maulana/.gradle/wrapper/dists/gradle-2.14.1-all/8bnwg5hd3w55iofp58khbp6yv/gradle-2.14.1/lib/gradle-base-services-groovy-2.14.1.jar
7fb59c002000-7fb59c003000 r--s 00002000 08:07 3700428                    /home/maulana/.gradle/wrapper/dists/gradle-2.14.1-all/8bnwg5hd3w55iofp58khbp6yv/gradle-2.14.1/lib/gradle-docs-2.14.1.jar
7fb59c003000-7fb59c004000 r--s 00000000 08:07 3700423                    /home/maulana/.gradle/wrapper/dists/gradle-2.14.1-all/8bnwg5hd3w55iofp58khbp6yv/gradle-2.14.1/lib/javax.inject-1.jar
7fb59c004000-7fb59c011000 r--s 00083000 08:07 3700420                    /home/maulana/.gradle/wrapper/dists/gradle-2.14.1-all/8bnwg5hd3w55iofp58khbp6yv/gradle-2.14.1/lib/commons-collections-3.2.2.jar
7fb59c011000-7fb59c016000 r--s 00038000 08:07 3700418                    /home/maulana/.gradle/wrapper/dists/gradle-2.14.1-all/8bnwg5hd3w55iofp58khbp6yv/gradle-2.14.1/lib/asm-all-5.1.jar
7fb59c016000-7fb59c035000 r--s 001d1000 08:07 3700419                    /home/maulana/.gradle/wrapper/dists/gradle-2.14.1-all/8bnwg5hd3w55iofp58khbp6yv/gradle-2.14.1/lib/ant-1.9.6.jar
7fb59c035000-7fb59c06c000 r--s 001bd000 08:07 3700406                    /home/maulana/.gradle/wrapper/dists/gradle-2.14.1-all/8bnwg5hd3w55iofp58khbp6yv/gradle-2.14.1/lib/gradle-core-2.14.1.jar
7fb59c06c000-7fb59c100000 rw-p 00000000 00:00 0 
7fb59c100000-7fb59c2d9000 r--s 03d3e000 08:07 538840                     /usr/lib/jvm/java-8-oracle/jre/lib/rt.jar
7fb59c2d9000-7fb59c6a6000 rw-p 00000000 00:00 0 
7fb59c6a6000-7fb59c6a7000 ---p 00000000 00:00 0 
7fb59c6a7000-7fb59c7a7000 rw-p 00000000 00:00 0 
7fb59c7a7000-7fb59c7a8000 ---p 00000000 00:00 0 
7fb59c7a8000-7fb59c8a8000 rw-p 00000000 00:00 0 
7fb59c8a8000-7fb59c8a9000 ---p 00000000 00:00 0 
7fb59c8a9000-7fb59c9d2000 rw-p 00000000 00:00 0 
7fb59c9d2000-7fb59cc32000 ---p 00000000 00:00 0 
7fb59cc32000-7fb59cc5b000 rw-p 00000000 00:00 0 
7fb59cc5b000-7fb59ceba000 ---p 00000000 00:00 0 
7fb59ceba000-7fb59cedf000 rw-p 00000000 00:00 0 
7fb59cedf000-7fb59cfff000 ---p 00000000 00:00 0 
7fb59cfff000-7fb59d000000 rw-p 00000000 00:00 0 
7fb59d000000-7fb59d540000 rwxp 00000000 00:00 0 
7fb59d540000-7fb5ac000000 ---p 00000000 00:00 0 
7fb5ac000000-7fb5ad744000 rw-p 00000000 00:00 0 
7fb5ad744000-7fb5b0000000 ---p 00000000 00:00 0 
7fb5b0000000-7fb5b0004000 r--s 00027000 08:07 3700421                    /home/maulana/.gradle/wrapper/dists/gradle-2.14.1-all/8bnwg5hd3w55iofp58khbp6yv/gradle-2.14.1/lib/commons-io-2.2.jar
7fb5b0004000-7fb5b00ea000 rw-p 00000000 00:00 0 
7fb5b00ea000-7fb5b00eb000 ---p 00000000 00:00 0 
7fb5b00eb000-7fb5b0200000 rw-p 00000000 00:00 0 
7fb5b0200000-7fb5b05ab000 ---p 00000000 00:00 0 
7fb5b05ab000-7fb5b05c5000 r-xp 00000000 08:07 538770                     /usr/lib/jvm/java-8-oracle/jre/lib/amd64/libzip.so
7fb5b05c5000-7fb5b07c5000 ---p 0001a000 08:07 538770                     /usr/lib/jvm/java-8-oracle/jre/lib/amd64/libzip.so
7fb5b07c5000-7fb5b07c6000 rw-p 0001a000 08:07 538770                     /usr/lib/jvm/java-8-oracle/jre/lib/amd64/libzip.so
7fb5b07c6000-7fb5b07d0000 r-xp 00000000 08:07 2236035                    /lib/x86_64-linux-gnu/libnss_files-2.19.so
7fb5b07d0000-7fb5b09cf000 ---p 0000a000 08:07 2236035                    /lib/x86_64-linux-gnu/libnss_files-2.19.so
7fb5b09cf000-7fb5b09d0000 r--p 00009000 08:07 2236035                    /lib/x86_64-linux-gnu/libnss_files-2.19.so
7fb5b09d0000-7fb5b09d1000 rw-p 0000a000 08:07 2236035                    /lib/x86_64-linux-gnu/libnss_files-2.19.so
7fb5b09d1000-7fb5b09dc000 r-xp 00000000 08:07 2236020                    /lib/x86_64-linux-gnu/libnss_nis-2.19.so
7fb5b09dc000-7fb5b0bdb000 ---p 0000b000 08:07 2236020                    /lib/x86_64-linux-gnu/libnss_nis-2.19.so
7fb5b0bdb000-7fb5b0bdc000 r--p 0000a000 08:07 2236020                    /lib/x86_64-linux-gnu/libnss_nis-2.19.so
7fb5b0bdc000-7fb5b0bdd000 rw-p 0000b000 08:07 2236020                    /lib/x86_64-linux-gnu/libnss_nis-2.19.so
7fb5b0bdd000-7fb5b0bf4000 r-xp 00000000 08:07 2236029                    /lib/x86_64-linux-gnu/libnsl-2.19.so
7fb5b0bf4000-7fb5b0df3000 ---p 00017000 08:07 2236029                    /lib/x86_64-linux-gnu/libnsl-2.19.so
7fb5b0df3000-7fb5b0df4000 r--p 00016000 08:07 2236029                    /lib/x86_64-linux-gnu/libnsl-2.19.so
7fb5b0df4000-7fb5b0df5000 rw-p 00017000 08:07 2236029                    /lib/x86_64-linux-gnu/libnsl-2.19.so
7fb5b0df5000-7fb5b0df7000 rw-p 00000000 00:00 0 
7fb5b0df7000-7fb5b0e00000 r-xp 00000000 08:07 2236027                    /lib/x86_64-linux-gnu/libnss_compat-2.19.so
7fb5b0e00000-7fb5b0fff000 ---p 00009000 08:07 2236027                    /lib/x86_64-linux-gnu/libnss_compat-2.19.so
7fb5b0fff000-7fb5b1000000 r--p 00008000 08:07 2236027                    /lib/x86_64-linux-gnu/libnss_compat-2.19.so
7fb5b1000000-7fb5b1001000 rw-p 00009000 08:07 2236027                    /lib/x86_64-linux-gnu/libnss_compat-2.19.so
7fb5b1001000-7fb5b102c000 r-xp 00000000 08:07 538784                     /usr/lib/jvm/java-8-oracle/jre/lib/amd64/libjava.so
7fb5b102c000-7fb5b122b000 ---p 0002b000 08:07 538784                     /usr/lib/jvm/java-8-oracle/jre/lib/amd64/libjava.so
7fb5b122b000-7fb5b122d000 rw-p 0002a000 08:07 538784                     /usr/lib/jvm/java-8-oracle/jre/lib/amd64/libjava.so
7fb5b122d000-7fb5b123a000 r-xp 00000000 08:07 538802                     /usr/lib/jvm/java-8-oracle/jre/lib/amd64/libverify.so
7fb5b123a000-7fb5b1439000 ---p 0000d000 08:07 538802                     /usr/lib/jvm/java-8-oracle/jre/lib/amd64/libverify.so
7fb5b1439000-7fb5b143b000 rw-p 0000c000 08:07 538802                     /usr/lib/jvm/java-8-oracle/jre/lib/amd64/libverify.so
7fb5b143b000-7fb5b1442000 r-xp 00000000 08:07 2236017                    /lib/x86_64-linux-gnu/librt-2.19.so
7fb5b1442000-7fb5b1641000 ---p 00007000 08:07 2236017                    /lib/x86_64-linux-gnu/librt-2.19.so
7fb5b1641000-7fb5b1642000 r--p 00006000 08:07 2236017                    /lib/x86_64-linux-gnu/librt-2.19.so
7fb5b1642000-7fb5b1643000 rw-p 00007000 08:07 2236017                    /lib/x86_64-linux-gnu/librt-2.19.so
7fb5b1643000-7fb5b1748000 r-xp 00000000 08:07 2236030                    /lib/x86_64-linux-gnu/libm-2.19.so
7fb5b1748000-7fb5b1947000 ---p 00105000 08:07 2236030                    /lib/x86_64-linux-gnu/libm-2.19.so
7fb5b1947000-7fb5b1948000 r--p 00104000 08:07 2236030                    /lib/x86_64-linux-gnu/libm-2.19.so
7fb5b1948000-7fb5b1949000 rw-p 00105000 08:07 2236030                    /lib/x86_64-linux-gnu/libm-2.19.so
7fb5b1949000-7fb5b2617000 r-xp 00000000 08:07 538790                     /usr/lib/jvm/java-8-oracle/jre/lib/amd64/server/libjvm.so
7fb5b2617000-7fb5b2817000 ---p 00cce000 08:07 538790                     /usr/lib/jvm/java-8-oracle/jre/lib/amd64/server/libjvm.so
7fb5b2817000-7fb5b28f0000 rw-p 00cce000 08:07 538790                     /usr/lib/jvm/java-8-oracle/jre/lib/amd64/server/libjvm.so
7fb5b28f0000-7fb5b293b000 rw-p 00000000 00:00 0 
7fb5b293b000-7fb5b2af9000 r-xp 00000000 08:07 2236026                    /lib/x86_64-linux-gnu/libc-2.19.so
7fb5b2af9000-7fb5b2cf8000 ---p 001be000 08:07 2236026                    /lib/x86_64-linux-gnu/libc-2.19.so
7fb5b2cf8000-7fb5b2cfc000 r--p 001bd000 08:07 2236026                    /lib/x86_64-linux-gnu/libc-2.19.so
7fb5b2cfc000-7fb5b2cfe000 rw-p 001c1000 08:07 2236026                    /lib/x86_64-linux-gnu/libc-2.19.so
7fb5b2cfe000-7fb5b2d03000 rw-p 00000000 00:00 0 
7fb5b2d03000-7fb5b2d06000 r-xp 00000000 08:07 2236036                    /lib/x86_64-linux-gnu/libdl-2.19.so
7fb5b2d06000-7fb5b2f05000 ---p 00003000 08:07 2236036                    /lib/x86_64-linux-gnu/libdl-2.19.so
7fb5b2f05000-7fb5b2f06000 r--p 00002000 08:07 2236036                    /lib/x86_64-linux-gnu/libdl-2.19.so
7fb5b2f06000-7fb5b2f07000 rw-p 00003000 08:07 2236036                    /lib/x86_64-linux-gnu/libdl-2.19.so
7fb5b2f07000-7fb5b2f1c000 r-xp 00000000 08:07 536993                     /usr/lib/jvm/java-8-oracle/lib/amd64/jli/libjli.so
7fb5b2f1c000-7fb5b311c000 ---p 00015000 08:07 536993                     /usr/lib/jvm/java-8-oracle/lib/amd64/jli/libjli.so
7fb5b311c000-7fb5b311d000 rw-p 00015000 08:07 536993                     /usr/lib/jvm/java-8-oracle/lib/amd64/jli/libjli.so
7fb5b311d000-7fb5b3136000 r-xp 00000000 08:07 2236037                    /lib/x86_64-linux-gnu/libpthread-2.19.so
7fb5b3136000-7fb5b3335000 ---p 00019000 08:07 2236037                    /lib/x86_64-linux-gnu/libpthread-2.19.so
7fb5b3335000-7fb5b3336000 r--p 00018000 08:07 2236037                    /lib/x86_64-linux-gnu/libpthread-2.19.so
7fb5b3336000-7fb5b3337000 rw-p 00019000 08:07 2236037                    /lib/x86_64-linux-gnu/libpthread-2.19.so
7fb5b3337000-7fb5b333b000 rw-p 00000000 00:00 0 
7fb5b333b000-7fb5b335e000 r-xp 00000000 08:07 2236034                    /lib/x86_64-linux-gnu/ld-2.19.so
7fb5b335e000-7fb5b335f000 r--s 00000000 08:07 3700422                    /home/maulana/.gradle/wrapper/dists/gradle-2.14.1-all/8bnwg5hd3w55iofp58khbp6yv/gradle-2.14.1/lib/jcip-annotations-1.0.jar
7fb5b335f000-7fb5b3360000 r--s 00001000 08:07 3700414                    /home/maulana/.gradle/wrapper/dists/gradle-2.14.1-all/8bnwg5hd3w55iofp58khbp6yv/gradle-2.14.1/lib/gradle-process-services-2.14.1.jar
7fb5b3360000-7fb5b3361000 r--s 00000000 08:07 3700405                    /home/maulana/.gradle/wrapper/dists/gradle-2.14.1-all/8bnwg5hd3w55iofp58khbp6yv/gradle-2.14.1/lib/gradle-jvm-services-2.14.1.jar
7fb5b3361000-7fb5b3366000 r--s 00041000 08:07 3700413                    /home/maulana/.gradle/wrapper/dists/gradle-2.14.1-all/8bnwg5hd3w55iofp58khbp6yv/gradle-2.14.1/lib/commons-lang-2.6.jar
7fb5b3366000-7fb5b3371000 r--s 00051000 08:07 3700401                    /home/maulana/.gradle/wrapper/dists/gradle-2.14.1-all/8bnwg5hd3w55iofp58khbp6yv/gradle-2.14.1/lib/gradle-launcher-2.14.1.jar
7fb5b3371000-7fb5b343c000 rw-p 00000000 00:00 0 
7fb5b343c000-7fb5b343f000 ---p 00000000 00:00 0 
7fb5b343f000-7fb5b3541000 rw-p 00000000 00:00 0 
7fb5b3541000-7fb5b3542000 r--s 00007000 08:07 3700411                    /home/maulana/.gradle/wrapper/dists/gradle-2.14.1-all/8bnwg5hd3w55iofp58khbp6yv/gradle-2.14.1/lib/slf4j-api-1.7.10.jar
7fb5b3542000-7fb5b3543000 r--s 00004000 08:07 3700435                    /home/maulana/.gradle/wrapper/dists/gradle-2.14.1-all/8bnwg5hd3w55iofp58khbp6yv/gradle-2.14.1/lib/ant-launcher-1.9.6.jar
7fb5b3543000-7fb5b354b000 r--s 0003a000 08:07 3700404                    /home/maulana/.gradle/wrapper/dists/gradle-2.14.1-all/8bnwg5hd3w55iofp58khbp6yv/gradle-2.14.1/lib/gradle-base-services-2.14.1.jar
7fb5b354b000-7fb5b354f000 r--s 0009a000 08:07 538644                     /usr/lib/jvm/java-8-oracle/jre/lib/jsse.jar
7fb5b354f000-7fb5b3551000 r--s 0000b000 08:07 4465251                    /home/maulana/Desktop/react-native/Pix/android/gradle/wrapper/gradle-wrapper.jar
7fb5b3551000-7fb5b3559000 rw-s 00000000 08:07 1617569                    /tmp/hsperfdata_maulana/8976
7fb5b3559000-7fb5b355a000 rw-p 00000000 00:00 0 
7fb5b355a000-7fb5b355b000 r--p 00000000 00:00 0 
7fb5b355b000-7fb5b355d000 rw-p 00000000 00:00 0 
7fb5b355d000-7fb5b355e000 r--p 00022000 08:07 2236034                    /lib/x86_64-linux-gnu/ld-2.19.so
7fb5b355e000-7fb5b355f000 rw-p 00023000 08:07 2236034                    /lib/x86_64-linux-gnu/ld-2.19.so
7fb5b355f000-7fb5b3560000 rw-p 00000000 00:00 0 
7fffc466c000-7fffc468e000 rw-p 00000000 00:00 0                          [stack]
7fffc46f1000-7fffc46f3000 r--p 00000000 00:00 0                          [vvar]
7fffc46f3000-7fffc46f5000 r-xp 00000000 00:00 0                          [vdso]
ffffffffff600000-ffffffffff601000 r-xp 00000000 00:00 0                  [vsyscall]

VM Arguments:
jvm_args: -Dorg.gradle.appname=gradlew 
java_command: org.gradle.wrapper.GradleWrapperMain installDebug
java_class_path (initial): /home/maulana/Desktop/react-native/Pix/android/gradle/wrapper/gradle-wrapper.jar
Launcher Type: SUN_STANDARD

Environment Variables:
JAVA_HOME=/usr/lib/jvm/java-8-oracle/
PATH=/usr/local/heroku/bin:/usr/local/heroku/bin:/usr/local/sbin:/usr/local/bin:/usr/sbin:/usr/bin:/sbin:/bin:/usr/games:/usr/local/games:/usr/lib/jvm/java-8-oracle/bin:/usr/lib/jvm/java-8-oracle/db/bin:/usr/lib/jvm/java-8-oracle/jre/bin:/home/maulana/bin:/usr/lib/jvm/java-8-oracle//bin:/home/maulana/Android/Sdk/tools:/home/maulana/Android/Sdk/platform-tools:/usr/lib/jvm/java-8-oracle/bin:/usr/lib/jvm/java-8-oracle/db/bin:/usr/lib/jvm/java-8-oracle/jre/bin:/home/maulana/bin:/usr/lib/jvm/java-8-oracle//bin:/home/maulana/Android/Sdk/tools:/home/maulana/Android/Sdk/platform-tools
SHELL=/bin/bash
DISPLAY=:0

Signal Handlers:
SIGSEGV: [libjvm.so+0xac78c0], sa_mask[0]=11111111011111111101111111111110, sa_flags=SA_RESTART|SA_SIGINFO
SIGBUS: [libjvm.so+0xac78c0], sa_mask[0]=11111111011111111101111111111110, sa_flags=SA_RESTART|SA_SIGINFO
SIGFPE: [libjvm.so+0x920ac0], sa_mask[0]=11111111011111111101111111111110, sa_flags=SA_RESTART|SA_SIGINFO
SIGPIPE: [libjvm.so+0x920ac0], sa_mask[0]=11111111011111111101111111111110, sa_flags=SA_RESTART|SA_SIGINFO
SIGXFSZ: [libjvm.so+0x920ac0], sa_mask[0]=11111111011111111101111111111110, sa_flags=SA_RESTART|SA_SIGINFO
SIGILL: [libjvm.so+0x920ac0], sa_mask[0]=11111111011111111101111111111110, sa_flags=SA_RESTART|SA_SIGINFO
SIGUSR1: SIG_DFL, sa_mask[0]=00000000000000000000000000000000, sa_flags=none
SIGUSR2: [libjvm.so+0x922300], sa_mask[0]=00000000000000000000000000000000, sa_flags=SA_RESTART|SA_SIGINFO
SIGHUP: [libjvm.so+0x923700], sa_mask[0]=11111111011111111101111111111110, sa_flags=SA_RESTART|SA_SIGINFO
SIGINT: [libjvm.so+0x923700], sa_mask[0]=11111111011111111101111111111110, sa_flags=SA_RESTART|SA_SIGINFO
SIGTERM: [libjvm.so+0x923700], sa_mask[0]=11111111011111111101111111111110, sa_flags=SA_RESTART|SA_SIGINFO
SIGQUIT: [libjvm.so+0x923700], sa_mask[0]=11111111011111111101111111111110, sa_flags=SA_RESTART|SA_SIGINFO


---------------  S Y S T E M  ---------------

OS:DISTRIB_ID=Ubuntu
DISTRIB_RELEASE=14.04
DISTRIB_CODENAME=trusty
DISTRIB_DESCRIPTION="Ubuntu 14.04.5 LTS"

uname:Linux 4.4.0-75-generic #96~14.04.1-Ubuntu SMP Thu Apr 20 11:06:30 UTC 2017 x86_64
libc:glibc 2.19 NPTL 2.19 
rlimit: STACK 8192k, CORE 0k, NPROC 31019, NOFILE 4096, AS infinity
load average:0,63 0,87 0,97

/proc/meminfo:
MemTotal:        7966412 kB
MemFree:          657756 kB
MemAvailable:    2114124 kB
Buffers:          194364 kB
Cached:          2116900 kB
SwapCached:        12196 kB
Active:          4875692 kB
Inactive:        2156768 kB
Active(anon):    4255336 kB
Inactive(anon):  1140004 kB
Active(file):     620356 kB
Inactive(file):  1016764 kB
Unevictable:         168 kB
Mlocked:             168 kB
SwapTotal:      10741756 kB
SwapFree:       10590172 kB
Dirty:               248 kB
Writeback:             0 kB
AnonPages:       4711652 kB
Mapped:           502840 kB
Shmem:            673972 kB
Slab:             125628 kB
SReclaimable:      80456 kB
SUnreclaim:        45172 kB
KernelStack:       14832 kB
PageTables:        64624 kB
NFS_Unstable:          0 kB
Bounce:                0 kB
WritebackTmp:          0 kB
CommitLimit:    14724960 kB
Committed_AS:   13749196 kB
VmallocTotal:   34359738367 kB
VmallocUsed:           0 kB
VmallocChunk:          0 kB
HardwareCorrupted:     0 kB
AnonHugePages:   2238464 kB
CmaTotal:              0 kB
CmaFree:               0 kB
HugePages_Total:       0
HugePages_Free:        0
HugePages_Rsvd:        0
HugePages_Surp:        0
Hugepagesize:       2048 kB
DirectMap4k:      206904 kB
DirectMap2M:     7972864 kB


CPU:total 4 (2 cores per cpu, 2 threads per core) family 6 model 37 stepping 5, cmov, cx8, fxsr, mmx, sse, sse2, sse3, ssse3, sse4.1, sse4.2, popcnt, aes, clmul, ht, tsc, tscinvbit

/proc/cpuinfo:
processor	: 0
vendor_id	: GenuineIntel
cpu family	: 6
model		: 37
model name	: Intel(R) Core(TM) i5 CPU       M 520  @ 2.40GHz
stepping	: 5
microcode	: 0x2
cpu MHz		: 2400.000
cache size	: 3072 KB
physical id	: 0
siblings	: 4
core id		: 0
cpu cores	: 2
apicid		: 0
initial apicid	: 0
fpu		: yes
fpu_exception	: yes
cpuid level	: 11
wp		: yes
flags		: fpu vme de pse tsc msr pae mce cx8 apic sep mtrr pge mca cmov pat pse36 clflush dts acpi mmx fxsr sse sse2 ss ht tm pbe syscall nx rdtscp lm constant_tsc arch_perfmon pebs bts rep_good nopl xtopology nonstop_tsc aperfmperf pni pclmulqdq dtes64 monitor ds_cpl vmx smx est tm2 ssse3 cx16 xtpr pdcm pcid sse4_1 sse4_2 popcnt aes lahf_lm tpr_shadow vnmi flexpriority ept vpid dtherm ida arat
bugs		:
bogomips	: 4787.92
clflush size	: 64
cache_alignment	: 64
address sizes	: 36 bits physical, 48 bits virtual
power management:

processor	: 1
vendor_id	: GenuineIntel
cpu family	: 6
model		: 37
model name	: Intel(R) Core(TM) i5 CPU       M 520  @ 2.40GHz
stepping	: 5
microcode	: 0x2
cpu MHz		: 2400.000
cache size	: 3072 KB
physical id	: 0
siblings	: 4
core id		: 0
cpu cores	: 2
apicid		: 1
initial apicid	: 1
fpu		: yes
fpu_exception	: yes
cpuid level	: 11
wp		: yes
flags		: fpu vme de pse tsc msr pae mce cx8 apic sep mtrr pge mca cmov pat pse36 clflush dts acpi mmx fxsr sse sse2 ss ht tm pbe syscall nx rdtscp lm constant_tsc arch_perfmon pebs bts rep_good nopl xtopology nonstop_tsc aperfmperf pni pclmulqdq dtes64 monitor ds_cpl vmx smx est tm2 ssse3 cx16 xtpr pdcm pcid sse4_1 sse4_2 popcnt aes lahf_lm tpr_shadow vnmi flexpriority ept vpid dtherm ida arat
bugs		:
bogomips	: 4787.92
clflush size	: 64
cache_alignment	: 64
address sizes	: 36 bits physical, 48 bits virtual
power management:

processor	: 2
vendor_id	: GenuineIntel
cpu family	: 6
model		: 37
model name	: Intel(R) Core(TM) i5 CPU       M 520  @ 2.40GHz
stepping	: 5
microcode	: 0x2
cpu MHz		: 2400.000
cache size	: 3072 KB
physical id	: 0
siblings	: 4
core id		: 2
cpu cores	: 2
apicid		: 4
initial apicid	: 4
fpu		: yes
fpu_exception	: yes
cpuid level	: 11
wp		: yes
flags		: fpu vme de pse tsc msr pae mce cx8 apic sep mtrr pge mca cmov pat pse36 clflush dts acpi mmx fxsr sse sse2 ss ht tm pbe syscall nx rdtscp lm constant_tsc arch_perfmon pebs bts rep_good nopl xtopology nonstop_tsc aperfmperf pni pclmulqdq dtes64 monitor ds_cpl vmx smx est tm2 ssse3 cx16 xtpr pdcm pcid sse4_1 sse4_2 popcnt aes lahf_lm tpr_shadow vnmi flexpriority ept vpid dtherm ida arat
bugs		:
bogomips	: 4787.92
clflush size	: 64
cache_alignment	: 64
address sizes	: 36 bits physical, 48 bits virtual
power management:

processor	: 3
vendor_id	: GenuineIntel
cpu family	: 6
model		: 37
model name	: Intel(R) Core(TM) i5 CPU       M 520  @ 2.40GHz
stepping	: 5
microcode	: 0x2
cpu MHz		: 2400.000
cache size	: 3072 KB
physical id	: 0
siblings	: 4
core id		: 2
cpu cores	: 2
apicid		: 5
initial apicid	: 5
fpu		: yes
fpu_exception	: yes
cpuid level	: 11
wp		: yes
flags		: fpu vme de pse tsc msr pae mce cx8 apic sep mtrr pge mca cmov pat pse36 clflush dts acpi mmx fxsr sse sse2 ss ht tm pbe syscall nx rdtscp lm constant_tsc arch_perfmon pebs bts rep_good nopl xtopology nonstop_tsc aperfmperf pni pclmulqdq dtes64 monitor ds_cpl vmx smx est tm2 ssse3 cx16 xtpr pdcm pcid sse4_1 sse4_2 popcnt aes lahf_lm tpr_shadow vnmi flexpriority ept vpid dtherm ida arat
bugs		:
bogomips	: 4787.92
clflush size	: 64
cache_alignment	: 64
address sizes	: 36 bits physical, 48 bits virtual
power management:



Memory: 4k page, physical 7966412k(657756k free), swap 10741756k(10590172k free)

vm_info: Java HotSpot(TM) 64-Bit Server VM (25.121-b13) for linux-amd64 JRE (1.8.0_121-b13), built on Dec 12 2016 16:36:53 by "java_re" with gcc 4.3.0 20080428 (Red Hat 4.3.0-8)

time: Sun May  7 17:15:27 2017
elapsed time: 2 seconds (0d 0h 0m 2s)

